[0.015s] Invoking command in '/home/neil/Tutorial/ros_toot/build/basic_pub': CMAKE_PREFIX_PATH=${CMAKE_PREFIX_PATH}:/opt/ros/humble /usr/bin/cmake /home/neil/Tutorial/ros_toot/src/basic_pub -DCMAKE_INSTALL_PREFIX=/home/neil/Tutorial/ros_toot/install/basic_pub
[0.088s] -- The C compiler identification is GNU 11.4.0
[0.156s] -- The CXX compiler identification is GNU 11.4.0
[0.164s] -- Detecting C compiler ABI info
[0.238s] -- Detecting C compiler ABI info - done
[0.248s] -- Check for working C compiler: /usr/bin/cc - skipped
[0.248s] -- Detecting C compile features
[0.248s] -- Detecting C compile features - done
[0.252s] -- Detecting CXX compiler ABI info
[0.341s] -- Detecting CXX compiler ABI info - done
[0.353s] -- Check for working CXX compiler: /usr/bin/c++ - skipped
[0.354s] -- Detecting CXX compile features
[0.355s] -- Detecting CXX compile features - done
[0.359s] -- Found ament_cmake: 1.3.5 (/opt/ros/humble/share/ament_cmake/cmake)
[1.511s] -- Found Python3: /usr/bin/python3.10 (found version "3.10.12") found components: Interpreter 
[1.648s] -- Found rclpy: 3.3.9 (/opt/ros/humble/share/rclpy/cmake)
[1.754s] [31mCMake Error at /opt/ros/humble/share/ament_cmake_python/cmake/ament_python_install_package.cmake:66 (message):
[1.755s]   ament_python_install_package() the Python package folder
[1.755s]   '/home/neil/Tutorial/ros_toot/src/basic_pub/basic_pub' doesn't contain an
[1.755s]   '__init__.py' file
[1.755s] Call Stack (most recent call first):
[1.755s]   /opt/ros/humble/share/ament_cmake_python/cmake/ament_python_install_package.cmake:39 (_ament_cmake_python_install_package)
[1.755s]   CMakeLists.txt:13 (ament_python_install_package)
[1.755s] 
[1.755s] [0m
[1.755s] -- Configuring incomplete, errors occurred!
[1.755s] See also "/home/neil/Tutorial/ros_toot/build/basic_pub/CMakeFiles/CMakeOutput.log".
[1.761s] Invoked command in '/home/neil/Tutorial/ros_toot/build/basic_pub' returned '1': CMAKE_PREFIX_PATH=${CMAKE_PREFIX_PATH}:/opt/ros/humble /usr/bin/cmake /home/neil/Tutorial/ros_toot/src/basic_pub -DCMAKE_INSTALL_PREFIX=/home/neil/Tutorial/ros_toot/install/basic_pub
