Built target ament_cmake_python_copy_basic_pub
running egg_info
writing basic_pub.egg-info/PKG-INFO
writing dependency_links to basic_pub.egg-info/dependency_links.txt
writing top-level names to basic_pub.egg-info/top_level.txt
reading manifest file 'basic_pub.egg-info/SOURCES.txt'
writing manifest file 'basic_pub.egg-info/SOURCES.txt'
Built target ament_cmake_python_build_basic_pub_egg
-- Install configuration: ""
-- Up-to-date: /home/neil/Tutorial/ros_toot/install/basic_pub/share/basic_pub/environment/pythonpath.sh
-- Up-to-date: /home/neil/Tutorial/ros_toot/install/basic_pub/share/basic_pub/environment/pythonpath.dsv
-- Up-to-date: /home/neil/Tutorial/ros_toot/install/basic_pub/local/lib/python3.10/dist-packages/basic_pub-0.0.0-py3.10.egg-info
-- Installing: /home/neil/Tutorial/ros_toot/install/basic_pub/local/lib/python3.10/dist-packages/basic_pub-0.0.0-py3.10.egg-info/top_level.txt
-- Installing: /home/neil/Tutorial/ros_toot/install/basic_pub/local/lib/python3.10/dist-packages/basic_pub-0.0.0-py3.10.egg-info/PKG-INFO
-- Installing: /home/neil/Tutorial/ros_toot/install/basic_pub/local/lib/python3.10/dist-packages/basic_pub-0.0.0-py3.10.egg-info/SOURCES.txt
-- Installing: /home/neil/Tutorial/ros_toot/install/basic_pub/local/lib/python3.10/dist-packages/basic_pub-0.0.0-py3.10.egg-info/dependency_links.txt
-- Up-to-date: /home/neil/Tutorial/ros_toot/install/basic_pub/local/lib/python3.10/dist-packages/basic_pub
-- Up-to-date: /home/neil/Tutorial/ros_toot/install/basic_pub/local/lib/python3.10/dist-packages/basic_pub/__init__.py
Listing '/home/neil/Tutorial/ros_toot/install/basic_pub/local/lib/python3.10/dist-packages/basic_pub'...
-- Up-to-date: /home/neil/Tutorial/ros_toot/install/basic_pub/lib/basic_pub/dummy_publisher.py
-- Up-to-date: /home/neil/Tutorial/ros_toot/install/basic_pub/share/ament_index/resource_index/package_run_dependencies/basic_pub
-- Up-to-date: /home/neil/Tutorial/ros_toot/install/basic_pub/share/ament_index/resource_index/parent_prefix_path/basic_pub
-- Up-to-date: /home/neil/Tutorial/ros_toot/install/basic_pub/share/basic_pub/environment/ament_prefix_path.sh
-- Up-to-date: /home/neil/Tutorial/ros_toot/install/basic_pub/share/basic_pub/environment/ament_prefix_path.dsv
-- Up-to-date: /home/neil/Tutorial/ros_toot/install/basic_pub/share/basic_pub/environment/path.sh
-- Up-to-date: /home/neil/Tutorial/ros_toot/install/basic_pub/share/basic_pub/environment/path.dsv
-- Up-to-date: /home/neil/Tutorial/ros_toot/install/basic_pub/share/basic_pub/local_setup.bash
-- Up-to-date: /home/neil/Tutorial/ros_toot/install/basic_pub/share/basic_pub/local_setup.sh
-- Up-to-date: /home/neil/Tutorial/ros_toot/install/basic_pub/share/basic_pub/local_setup.zsh
-- Up-to-date: /home/neil/Tutorial/ros_toot/install/basic_pub/share/basic_pub/local_setup.dsv
-- Installing: /home/neil/Tutorial/ros_toot/install/basic_pub/share/basic_pub/package.dsv
-- Up-to-date: /home/neil/Tutorial/ros_toot/install/basic_pub/share/ament_index/resource_index/packages/basic_pub
-- Up-to-date: /home/neil/Tutorial/ros_toot/install/basic_pub/share/basic_pub/cmake/basic_pubConfig.cmake
-- Up-to-date: /home/neil/Tutorial/ros_toot/install/basic_pub/share/basic_pub/cmake/basic_pubConfig-version.cmake
-- Up-to-date: /home/neil/Tutorial/ros_toot/install/basic_pub/share/basic_pub/package.xml
