-- The C compiler identification is GNU 11.4.0
-- The CXX compiler identification is GNU 11.4.0
-- Detecting C compiler ABI info
-- Detecting C compiler ABI info - done
-- Check for working C compiler: /usr/bin/cc - skipped
-- Detecting C compile features
-- Detecting C compile features - done
-- Detecting CXX compiler ABI info
-- Detecting CXX compiler ABI info - done
-- Check for working CXX compiler: /usr/bin/c++ - skipped
-- Detecting CXX compile features
-- Detecting CXX compile features - done
-- Found ament_cmake: 1.3.5 (/opt/ros/humble/share/ament_cmake/cmake)
-- Found Python3: /usr/bin/python3.10 (found version "3.10.12") found components: Interpreter 
-- Found rclpy: 3.3.9 (/opt/ros/humble/share/rclpy/cmake)
-- Found ament_lint_auto: 0.12.7 (/opt/ros/humble/share/ament_lint_auto/cmake)
-- Added test 'flake8' to check Python code syntax and style conventions
-- Added test 'lint_cmake' to check CMake code style
-- Added test 'pep257' to check Python code against some of the docstring style conventions in PEP 257
-- Added test 'xmllint' to check XML markup files
-- Configuring done
-- Generating done
-- Build files have been written to: /home/neil/Tutorial/ros_toot/build/basic_sub
Built target ament_cmake_python_copy_basic_sub
running egg_info
creating basic_sub.egg-info
writing basic_sub.egg-info/PKG-INFO
writing dependency_links to basic_sub.egg-info/dependency_links.txt
writing top-level names to basic_sub.egg-info/top_level.txt
writing manifest file 'basic_sub.egg-info/SOURCES.txt'
reading manifest file 'basic_sub.egg-info/SOURCES.txt'
writing manifest file 'basic_sub.egg-info/SOURCES.txt'
Built target ament_cmake_python_build_basic_sub_egg
-- Install configuration: ""
-- Installing: /home/neil/Tutorial/ros_toot/install/basic_sub/share/basic_sub/environment/pythonpath.sh
-- Installing: /home/neil/Tutorial/ros_toot/install/basic_sub/share/basic_sub/environment/pythonpath.dsv
-- Installing: /home/neil/Tutorial/ros_toot/install/basic_sub/local/lib/python3.10/dist-packages/basic_sub-0.0.0-py3.10.egg-info
-- Installing: /home/neil/Tutorial/ros_toot/install/basic_sub/local/lib/python3.10/dist-packages/basic_sub-0.0.0-py3.10.egg-info/top_level.txt
-- Installing: /home/neil/Tutorial/ros_toot/install/basic_sub/local/lib/python3.10/dist-packages/basic_sub-0.0.0-py3.10.egg-info/PKG-INFO
-- Installing: /home/neil/Tutorial/ros_toot/install/basic_sub/local/lib/python3.10/dist-packages/basic_sub-0.0.0-py3.10.egg-info/SOURCES.txt
-- Installing: /home/neil/Tutorial/ros_toot/install/basic_sub/local/lib/python3.10/dist-packages/basic_sub-0.0.0-py3.10.egg-info/dependency_links.txt
-- Installing: /home/neil/Tutorial/ros_toot/install/basic_sub/local/lib/python3.10/dist-packages/basic_sub
-- Installing: /home/neil/Tutorial/ros_toot/install/basic_sub/local/lib/python3.10/dist-packages/basic_sub/__init__.py
Listing '/home/neil/Tutorial/ros_toot/install/basic_sub/local/lib/python3.10/dist-packages/basic_sub'...
Compiling '/home/neil/Tutorial/ros_toot/install/basic_sub/local/lib/python3.10/dist-packages/basic_sub/__init__.py'...
-- Installing: /home/neil/Tutorial/ros_toot/install/basic_sub/lib/basic_sub/dummy_subscriber.py
-- Installing: /home/neil/Tutorial/ros_toot/install/basic_sub/share/ament_index/resource_index/package_run_dependencies/basic_sub
-- Installing: /home/neil/Tutorial/ros_toot/install/basic_sub/share/ament_index/resource_index/parent_prefix_path/basic_sub
-- Installing: /home/neil/Tutorial/ros_toot/install/basic_sub/share/basic_sub/environment/ament_prefix_path.sh
-- Installing: /home/neil/Tutorial/ros_toot/install/basic_sub/share/basic_sub/environment/ament_prefix_path.dsv
-- Installing: /home/neil/Tutorial/ros_toot/install/basic_sub/share/basic_sub/environment/path.sh
-- Installing: /home/neil/Tutorial/ros_toot/install/basic_sub/share/basic_sub/environment/path.dsv
-- Installing: /home/neil/Tutorial/ros_toot/install/basic_sub/share/basic_sub/local_setup.bash
-- Installing: /home/neil/Tutorial/ros_toot/install/basic_sub/share/basic_sub/local_setup.sh
-- Installing: /home/neil/Tutorial/ros_toot/install/basic_sub/share/basic_sub/local_setup.zsh
-- Installing: /home/neil/Tutorial/ros_toot/install/basic_sub/share/basic_sub/local_setup.dsv
-- Installing: /home/neil/Tutorial/ros_toot/install/basic_sub/share/basic_sub/package.dsv
-- Installing: /home/neil/Tutorial/ros_toot/install/basic_sub/share/ament_index/resource_index/packages/basic_sub
-- Installing: /home/neil/Tutorial/ros_toot/install/basic_sub/share/basic_sub/cmake/basic_subConfig.cmake
-- Installing: /home/neil/Tutorial/ros_toot/install/basic_sub/share/basic_sub/cmake/basic_subConfig-version.cmake
-- Installing: /home/neil/Tutorial/ros_toot/install/basic_sub/share/basic_sub/package.xml
