[0.028s] Invoking command in '/home/neil/Tutorial/ros_toot/build/basic_sub': CMAKE_PREFIX_PATH=${CMAKE_PREFIX_PATH}:/opt/ros/humble /usr/bin/cmake /home/neil/Tutorial/ros_toot/src/basic_sub -DCMAKE_INSTALL_PREFIX=/home/neil/Tutorial/ros_toot/install/basic_sub
[0.120s] -- The C compiler identification is GNU 11.4.0
[0.249s] -- The CXX compiler identification is GNU 11.4.0
[0.262s] -- Detecting C compiler ABI info
[0.404s] -- Detecting C compiler ABI info - done
[0.424s] -- Check for working C compiler: /usr/bin/cc - skipped
[0.425s] -- Detecting C compile features
[0.426s] -- Detecting C compile features - done
[0.432s] -- Detecting CXX compiler ABI info
[0.575s] -- Detecting CXX compiler ABI info - done
[0.588s] -- Check for working CXX compiler: /usr/bin/c++ - skipped
[0.588s] -- Detecting CXX compile features
[0.588s] -- Detecting CXX compile features - done
[0.593s] -- Found ament_cmake: 1.3.5 (/opt/ros/humble/share/ament_cmake/cmake)
[1.761s] -- Found Python3: /usr/bin/python3.10 (found version "3.10.12") found components: Interpreter 
[1.876s] -- Found rclpy: 3.3.9 (/opt/ros/humble/share/rclpy/cmake)
[1.981s] -- Found ament_lint_auto: 0.12.7 (/opt/ros/humble/share/ament_lint_auto/cmake)
[2.089s] -- Added test 'flake8' to check Python code syntax and style conventions
[2.090s] -- Added test 'lint_cmake' to check CMake code style
[2.091s] -- Added test 'pep257' to check Python code against some of the docstring style conventions in PEP 257
[2.092s] -- Added test 'xmllint' to check XML markup files
[2.094s] -- Configuring done
[2.099s] -- Generating done
[2.101s] -- Build files have been written to: /home/neil/Tutorial/ros_toot/build/basic_sub
[2.108s] Invoked command in '/home/neil/Tutorial/ros_toot/build/basic_sub' returned '0': CMAKE_PREFIX_PATH=${CMAKE_PREFIX_PATH}:/opt/ros/humble /usr/bin/cmake /home/neil/Tutorial/ros_toot/src/basic_sub -DCMAKE_INSTALL_PREFIX=/home/neil/Tutorial/ros_toot/install/basic_sub
[2.109s] Invoking command in '/home/neil/Tutorial/ros_toot/build/basic_sub': CMAKE_PREFIX_PATH=${CMAKE_PREFIX_PATH}:/opt/ros/humble /usr/bin/cmake --build /home/neil/Tutorial/ros_toot/build/basic_sub -- -j8 -l8
[2.170s] Built target ament_cmake_python_copy_basic_sub
[2.645s] running egg_info
[2.647s] creating basic_sub.egg-info
[2.667s] writing basic_sub.egg-info/PKG-INFO
[2.667s] writing dependency_links to basic_sub.egg-info/dependency_links.txt
[2.667s] writing top-level names to basic_sub.egg-info/top_level.txt
[2.668s] writing manifest file 'basic_sub.egg-info/SOURCES.txt'
[2.731s] reading manifest file 'basic_sub.egg-info/SOURCES.txt'
[2.731s] writing manifest file 'basic_sub.egg-info/SOURCES.txt'
[2.815s] Built target ament_cmake_python_build_basic_sub_egg
[2.832s] Invoked command in '/home/neil/Tutorial/ros_toot/build/basic_sub' returned '0': CMAKE_PREFIX_PATH=${CMAKE_PREFIX_PATH}:/opt/ros/humble /usr/bin/cmake --build /home/neil/Tutorial/ros_toot/build/basic_sub -- -j8 -l8
[2.866s] Invoking command in '/home/neil/Tutorial/ros_toot/build/basic_sub': CMAKE_PREFIX_PATH=${CMAKE_PREFIX_PATH}:/opt/ros/humble /usr/bin/cmake --install /home/neil/Tutorial/ros_toot/build/basic_sub
[2.874s] -- Install configuration: ""
[2.874s] -- Installing: /home/neil/Tutorial/ros_toot/install/basic_sub/share/basic_sub/environment/pythonpath.sh
[2.875s] -- Installing: /home/neil/Tutorial/ros_toot/install/basic_sub/share/basic_sub/environment/pythonpath.dsv
[2.875s] -- Installing: /home/neil/Tutorial/ros_toot/install/basic_sub/local/lib/python3.10/dist-packages/basic_sub-0.0.0-py3.10.egg-info
[2.875s] -- Installing: /home/neil/Tutorial/ros_toot/install/basic_sub/local/lib/python3.10/dist-packages/basic_sub-0.0.0-py3.10.egg-info/top_level.txt
[2.875s] -- Installing: /home/neil/Tutorial/ros_toot/install/basic_sub/local/lib/python3.10/dist-packages/basic_sub-0.0.0-py3.10.egg-info/PKG-INFO
[2.876s] -- Installing: /home/neil/Tutorial/ros_toot/install/basic_sub/local/lib/python3.10/dist-packages/basic_sub-0.0.0-py3.10.egg-info/SOURCES.txt
[2.876s] -- Installing: /home/neil/Tutorial/ros_toot/install/basic_sub/local/lib/python3.10/dist-packages/basic_sub-0.0.0-py3.10.egg-info/dependency_links.txt
[2.876s] -- Installing: /home/neil/Tutorial/ros_toot/install/basic_sub/local/lib/python3.10/dist-packages/basic_sub
[2.876s] -- Installing: /home/neil/Tutorial/ros_toot/install/basic_sub/local/lib/python3.10/dist-packages/basic_sub/__init__.py
[2.918s] Listing '/home/neil/Tutorial/ros_toot/install/basic_sub/local/lib/python3.10/dist-packages/basic_sub'...
[2.918s] Compiling '/home/neil/Tutorial/ros_toot/install/basic_sub/local/lib/python3.10/dist-packages/basic_sub/__init__.py'...
[2.925s] -- Installing: /home/neil/Tutorial/ros_toot/install/basic_sub/lib/basic_sub/dummy_subscriber.py
[2.925s] -- Installing: /home/neil/Tutorial/ros_toot/install/basic_sub/share/ament_index/resource_index/package_run_dependencies/basic_sub
[2.925s] -- Installing: /home/neil/Tutorial/ros_toot/install/basic_sub/share/ament_index/resource_index/parent_prefix_path/basic_sub
[2.925s] -- Installing: /home/neil/Tutorial/ros_toot/install/basic_sub/share/basic_sub/environment/ament_prefix_path.sh
[2.925s] -- Installing: /home/neil/Tutorial/ros_toot/install/basic_sub/share/basic_sub/environment/ament_prefix_path.dsv
[2.926s] -- Installing: /home/neil/Tutorial/ros_toot/install/basic_sub/share/basic_sub/environment/path.sh
[2.926s] -- Installing: /home/neil/Tutorial/ros_toot/install/basic_sub/share/basic_sub/environment/path.dsv
[2.926s] -- Installing: /home/neil/Tutorial/ros_toot/install/basic_sub/share/basic_sub/local_setup.bash
[2.926s] -- Installing: /home/neil/Tutorial/ros_toot/install/basic_sub/share/basic_sub/local_setup.sh
[2.926s] -- Installing: /home/neil/Tutorial/ros_toot/install/basic_sub/share/basic_sub/local_setup.zsh
[2.927s] -- Installing: /home/neil/Tutorial/ros_toot/install/basic_sub/share/basic_sub/local_setup.dsv
[2.927s] -- Installing: /home/neil/Tutorial/ros_toot/install/basic_sub/share/basic_sub/package.dsv
[2.927s] -- Installing: /home/neil/Tutorial/ros_toot/install/basic_sub/share/ament_index/resource_index/packages/basic_sub
[2.927s] -- Installing: /home/neil/Tutorial/ros_toot/install/basic_sub/share/basic_sub/cmake/basic_subConfig.cmake
[2.927s] -- Installing: /home/neil/Tutorial/ros_toot/install/basic_sub/share/basic_sub/cmake/basic_subConfig-version.cmake
[2.927s] -- Installing: /home/neil/Tutorial/ros_toot/install/basic_sub/share/basic_sub/package.xml
[2.932s] Invoked command in '/home/neil/Tutorial/ros_toot/build/basic_sub' returned '0': CMAKE_PREFIX_PATH=${CMAKE_PREFIX_PATH}:/opt/ros/humble /usr/bin/cmake --install /home/neil/Tutorial/ros_toot/build/basic_sub
