Built target ament_cmake_python_copy_basic_sub
running egg_info
writing basic_sub.egg-info/PKG-INFO
writing dependency_links to basic_sub.egg-info/dependency_links.txt
writing top-level names to basic_sub.egg-info/top_level.txt
reading manifest file 'basic_sub.egg-info/SOURCES.txt'
writing manifest file 'basic_sub.egg-info/SOURCES.txt'
Built target ament_cmake_python_build_basic_sub_egg
-- Install configuration: ""
-- Up-to-date: /home/neil/Tutorial/ros_toot/install/basic_sub/share/basic_sub/environment/pythonpath.sh
-- Up-to-date: /home/neil/Tutorial/ros_toot/install/basic_sub/share/basic_sub/environment/pythonpath.dsv
-- Up-to-date: /home/neil/Tutorial/ros_toot/install/basic_sub/local/lib/python3.10/dist-packages/basic_sub-0.0.0-py3.10.egg-info
-- Installing: /home/neil/Tutorial/ros_toot/install/basic_sub/local/lib/python3.10/dist-packages/basic_sub-0.0.0-py3.10.egg-info/top_level.txt
-- Installing: /home/neil/Tutorial/ros_toot/install/basic_sub/local/lib/python3.10/dist-packages/basic_sub-0.0.0-py3.10.egg-info/PKG-INFO
-- Installing: /home/neil/Tutorial/ros_toot/install/basic_sub/local/lib/python3.10/dist-packages/basic_sub-0.0.0-py3.10.egg-info/SOURCES.txt
-- Installing: /home/neil/Tutorial/ros_toot/install/basic_sub/local/lib/python3.10/dist-packages/basic_sub-0.0.0-py3.10.egg-info/dependency_links.txt
-- Up-to-date: /home/neil/Tutorial/ros_toot/install/basic_sub/local/lib/python3.10/dist-packages/basic_sub
-- Up-to-date: /home/neil/Tutorial/ros_toot/install/basic_sub/local/lib/python3.10/dist-packages/basic_sub/__init__.py
Listing '/home/neil/Tutorial/ros_toot/install/basic_sub/local/lib/python3.10/dist-packages/basic_sub'...
-- Installing: /home/neil/Tutorial/ros_toot/install/basic_sub/lib/basic_sub/dummy_subscriber.py
-- Up-to-date: /home/neil/Tutorial/ros_toot/install/basic_sub/share/ament_index/resource_index/package_run_dependencies/basic_sub
-- Up-to-date: /home/neil/Tutorial/ros_toot/install/basic_sub/share/ament_index/resource_index/parent_prefix_path/basic_sub
-- Up-to-date: /home/neil/Tutorial/ros_toot/install/basic_sub/share/basic_sub/environment/ament_prefix_path.sh
-- Up-to-date: /home/neil/Tutorial/ros_toot/install/basic_sub/share/basic_sub/environment/ament_prefix_path.dsv
-- Up-to-date: /home/neil/Tutorial/ros_toot/install/basic_sub/share/basic_sub/environment/path.sh
-- Up-to-date: /home/neil/Tutorial/ros_toot/install/basic_sub/share/basic_sub/environment/path.dsv
-- Up-to-date: /home/neil/Tutorial/ros_toot/install/basic_sub/share/basic_sub/local_setup.bash
-- Up-to-date: /home/neil/Tutorial/ros_toot/install/basic_sub/share/basic_sub/local_setup.sh
-- Up-to-date: /home/neil/Tutorial/ros_toot/install/basic_sub/share/basic_sub/local_setup.zsh
-- Up-to-date: /home/neil/Tutorial/ros_toot/install/basic_sub/share/basic_sub/local_setup.dsv
-- Up-to-date: /home/neil/Tutorial/ros_toot/install/basic_sub/share/basic_sub/package.dsv
-- Up-to-date: /home/neil/Tutorial/ros_toot/install/basic_sub/share/ament_index/resource_index/packages/basic_sub
-- Up-to-date: /home/neil/Tutorial/ros_toot/install/basic_sub/share/basic_sub/cmake/basic_subConfig.cmake
-- Up-to-date: /home/neil/Tutorial/ros_toot/install/basic_sub/share/basic_sub/cmake/basic_subConfig-version.cmake
-- Up-to-date: /home/neil/Tutorial/ros_toot/install/basic_sub/share/basic_sub/package.xml
