[0.028s] Invoking command in '/home/neil/Tutorial/ros_toot/build/basic_sub': CMAKE_PREFIX_PATH=${CMAKE_PREFIX_PATH}:/opt/ros/humble /usr/bin/cmake --build /home/neil/Tutorial/ros_toot/build/basic_sub -- -j8 -l8
[0.115s] Built target ament_cmake_python_copy_basic_sub
[0.802s] running egg_info
[0.826s] writing basic_sub.egg-info/PKG-INFO
[0.826s] writing dependency_links to basic_sub.egg-info/dependency_links.txt
[0.826s] writing top-level names to basic_sub.egg-info/top_level.txt
[0.897s] reading manifest file 'basic_sub.egg-info/SOURCES.txt'
[0.898s] writing manifest file 'basic_sub.egg-info/SOURCES.txt'
[1.032s] Built target ament_cmake_python_build_basic_sub_egg
[1.050s] Invoked command in '/home/neil/Tutorial/ros_toot/build/basic_sub' returned '0': CMAKE_PREFIX_PATH=${CMAKE_PREFIX_PATH}:/opt/ros/humble /usr/bin/cmake --build /home/neil/Tutorial/ros_toot/build/basic_sub -- -j8 -l8
[1.094s] Invoking command in '/home/neil/Tutorial/ros_toot/build/basic_sub': CMAKE_PREFIX_PATH=${CMAKE_PREFIX_PATH}:/opt/ros/humble /usr/bin/cmake --install /home/neil/Tutorial/ros_toot/build/basic_sub
[1.104s] -- Install configuration: ""
[1.104s] -- Up-to-date: /home/neil/Tutorial/ros_toot/install/basic_sub/share/basic_sub/environment/pythonpath.sh
[1.105s] -- Up-to-date: /home/neil/Tutorial/ros_toot/install/basic_sub/share/basic_sub/environment/pythonpath.dsv
[1.105s] -- Up-to-date: /home/neil/Tutorial/ros_toot/install/basic_sub/local/lib/python3.10/dist-packages/basic_sub-0.0.0-py3.10.egg-info
[1.105s] -- Installing: /home/neil/Tutorial/ros_toot/install/basic_sub/local/lib/python3.10/dist-packages/basic_sub-0.0.0-py3.10.egg-info/top_level.txt
[1.105s] -- Installing: /home/neil/Tutorial/ros_toot/install/basic_sub/local/lib/python3.10/dist-packages/basic_sub-0.0.0-py3.10.egg-info/PKG-INFO
[1.105s] -- Installing: /home/neil/Tutorial/ros_toot/install/basic_sub/local/lib/python3.10/dist-packages/basic_sub-0.0.0-py3.10.egg-info/SOURCES.txt
[1.105s] -- Installing: /home/neil/Tutorial/ros_toot/install/basic_sub/local/lib/python3.10/dist-packages/basic_sub-0.0.0-py3.10.egg-info/dependency_links.txt
[1.106s] -- Up-to-date: /home/neil/Tutorial/ros_toot/install/basic_sub/local/lib/python3.10/dist-packages/basic_sub
[1.106s] -- Up-to-date: /home/neil/Tutorial/ros_toot/install/basic_sub/local/lib/python3.10/dist-packages/basic_sub/__init__.py
[1.157s] Listing '/home/neil/Tutorial/ros_toot/install/basic_sub/local/lib/python3.10/dist-packages/basic_sub'...
[1.165s] -- Installing: /home/neil/Tutorial/ros_toot/install/basic_sub/lib/basic_sub/dummy_subscriber.py
[1.166s] -- Up-to-date: /home/neil/Tutorial/ros_toot/install/basic_sub/share/ament_index/resource_index/package_run_dependencies/basic_sub
[1.166s] -- Up-to-date: /home/neil/Tutorial/ros_toot/install/basic_sub/share/ament_index/resource_index/parent_prefix_path/basic_sub
[1.166s] -- Up-to-date: /home/neil/Tutorial/ros_toot/install/basic_sub/share/basic_sub/environment/ament_prefix_path.sh
[1.166s] -- Up-to-date: /home/neil/Tutorial/ros_toot/install/basic_sub/share/basic_sub/environment/ament_prefix_path.dsv
[1.166s] -- Up-to-date: /home/neil/Tutorial/ros_toot/install/basic_sub/share/basic_sub/environment/path.sh
[1.166s] -- Up-to-date: /home/neil/Tutorial/ros_toot/install/basic_sub/share/basic_sub/environment/path.dsv
[1.166s] -- Up-to-date: /home/neil/Tutorial/ros_toot/install/basic_sub/share/basic_sub/local_setup.bash
[1.166s] -- Up-to-date: /home/neil/Tutorial/ros_toot/install/basic_sub/share/basic_sub/local_setup.sh
[1.166s] -- Up-to-date: /home/neil/Tutorial/ros_toot/install/basic_sub/share/basic_sub/local_setup.zsh
[1.167s] -- Up-to-date: /home/neil/Tutorial/ros_toot/install/basic_sub/share/basic_sub/local_setup.dsv
[1.167s] -- Up-to-date: /home/neil/Tutorial/ros_toot/install/basic_sub/share/basic_sub/package.dsv
[1.167s] -- Up-to-date: /home/neil/Tutorial/ros_toot/install/basic_sub/share/ament_index/resource_index/packages/basic_sub
[1.167s] -- Up-to-date: /home/neil/Tutorial/ros_toot/install/basic_sub/share/basic_sub/cmake/basic_subConfig.cmake
[1.167s] -- Up-to-date: /home/neil/Tutorial/ros_toot/install/basic_sub/share/basic_sub/cmake/basic_subConfig-version.cmake
[1.167s] -- Up-to-date: /home/neil/Tutorial/ros_toot/install/basic_sub/share/basic_sub/package.xml
[1.171s] Invoked command in '/home/neil/Tutorial/ros_toot/build/basic_sub' returned '0': CMAKE_PREFIX_PATH=${CMAKE_PREFIX_PATH}:/opt/ros/humble /usr/bin/cmake --install /home/neil/Tutorial/ros_toot/build/basic_sub
