-- Found ament_cmake: 1.3.5 (/opt/ros/humble/share/ament_cmake/cmake)
-- Found rclpy: 3.3.9 (/opt/ros/humble/share/rclpy/cmake)
-- Found ament_lint_auto: 0.12.7 (/opt/ros/humble/share/ament_lint_auto/cmake)
-- Added test 'flake8' to check Python code syntax and style conventions
-- Added test 'lint_cmake' to check CMake code style
-- Added test 'pep257' to check Python code against some of the docstring style conventions in PEP 257
-- Added test 'xmllint' to check XML markup files
-- Configuring done
-- Generating done
-- Build files have been written to: /home/neil/Tutorial/ros_toot/build/basic_pub
Built target ament_cmake_python_copy_basic_pub
running egg_info
creating basic_pub.egg-info
writing basic_pub.egg-info/PKG-INFO
writing dependency_links to basic_pub.egg-info/dependency_links.txt
writing top-level names to basic_pub.egg-info/top_level.txt
writing manifest file 'basic_pub.egg-info/SOURCES.txt'
reading manifest file 'basic_pub.egg-info/SOURCES.txt'
writing manifest file 'basic_pub.egg-info/SOURCES.txt'
Built target ament_cmake_python_build_basic_pub_egg
-- Install configuration: ""
-- Installing: /home/neil/Tutorial/ros_toot/install/basic_pub/share/basic_pub/environment/pythonpath.sh
-- Installing: /home/neil/Tutorial/ros_toot/install/basic_pub/share/basic_pub/environment/pythonpath.dsv
-- Installing: /home/neil/Tutorial/ros_toot/install/basic_pub/local/lib/python3.10/dist-packages/basic_pub-0.0.0-py3.10.egg-info
-- Installing: /home/neil/Tutorial/ros_toot/install/basic_pub/local/lib/python3.10/dist-packages/basic_pub-0.0.0-py3.10.egg-info/top_level.txt
-- Installing: /home/neil/Tutorial/ros_toot/install/basic_pub/local/lib/python3.10/dist-packages/basic_pub-0.0.0-py3.10.egg-info/PKG-INFO
-- Installing: /home/neil/Tutorial/ros_toot/install/basic_pub/local/lib/python3.10/dist-packages/basic_pub-0.0.0-py3.10.egg-info/SOURCES.txt
-- Installing: /home/neil/Tutorial/ros_toot/install/basic_pub/local/lib/python3.10/dist-packages/basic_pub-0.0.0-py3.10.egg-info/dependency_links.txt
-- Installing: /home/neil/Tutorial/ros_toot/install/basic_pub/local/lib/python3.10/dist-packages/basic_pub
-- Installing: /home/neil/Tutorial/ros_toot/install/basic_pub/local/lib/python3.10/dist-packages/basic_pub/__init__.py
Listing '/home/neil/Tutorial/ros_toot/install/basic_pub/local/lib/python3.10/dist-packages/basic_pub'...
Compiling '/home/neil/Tutorial/ros_toot/install/basic_pub/local/lib/python3.10/dist-packages/basic_pub/__init__.py'...
-- Installing: /home/neil/Tutorial/ros_toot/install/basic_pub/lib/basic_pub/dummy_publisher.py
-- Installing: /home/neil/Tutorial/ros_toot/install/basic_pub/share/ament_index/resource_index/package_run_dependencies/basic_pub
-- Installing: /home/neil/Tutorial/ros_toot/install/basic_pub/share/ament_index/resource_index/parent_prefix_path/basic_pub
-- Installing: /home/neil/Tutorial/ros_toot/install/basic_pub/share/basic_pub/environment/ament_prefix_path.sh
-- Installing: /home/neil/Tutorial/ros_toot/install/basic_pub/share/basic_pub/environment/ament_prefix_path.dsv
-- Installing: /home/neil/Tutorial/ros_toot/install/basic_pub/share/basic_pub/environment/path.sh
-- Installing: /home/neil/Tutorial/ros_toot/install/basic_pub/share/basic_pub/environment/path.dsv
-- Installing: /home/neil/Tutorial/ros_toot/install/basic_pub/share/basic_pub/local_setup.bash
-- Installing: /home/neil/Tutorial/ros_toot/install/basic_pub/share/basic_pub/local_setup.sh
-- Installing: /home/neil/Tutorial/ros_toot/install/basic_pub/share/basic_pub/local_setup.zsh
-- Installing: /home/neil/Tutorial/ros_toot/install/basic_pub/share/basic_pub/local_setup.dsv
-- Installing: /home/neil/Tutorial/ros_toot/install/basic_pub/share/basic_pub/package.dsv
-- Installing: /home/neil/Tutorial/ros_toot/install/basic_pub/share/ament_index/resource_index/packages/basic_pub
-- Installing: /home/neil/Tutorial/ros_toot/install/basic_pub/share/basic_pub/cmake/basic_pubConfig.cmake
-- Installing: /home/neil/Tutorial/ros_toot/install/basic_pub/share/basic_pub/cmake/basic_pubConfig-version.cmake
-- Installing: /home/neil/Tutorial/ros_toot/install/basic_pub/share/basic_pub/package.xml
