[0.015s] Invoking command in '/home/neil/Tutorial/ros_toot/build/basic_pub': CMAKE_PREFIX_PATH=${CMAKE_PREFIX_PATH}:/opt/ros/humble /usr/bin/cmake /home/neil/Tutorial/ros_toot/src/basic_pub -DCMAKE_INSTALL_PREFIX=/home/neil/Tutorial/ros_toot/install/basic_pub
[0.029s] -- Found ament_cmake: 1.3.5 (/opt/ros/humble/share/ament_cmake/cmake)
[0.224s] -- Found rclpy: 3.3.9 (/opt/ros/humble/share/rclpy/cmake)
[0.299s] -- Found ament_lint_auto: 0.12.7 (/opt/ros/humble/share/ament_lint_auto/cmake)
[0.416s] -- Added test 'flake8' to check Python code syntax and style conventions
[0.417s] -- Added test 'lint_cmake' to check CMake code style
[0.418s] -- Added test 'pep257' to check Python code against some of the docstring style conventions in PEP 257
[0.419s] -- Added test 'xmllint' to check XML markup files
[0.420s] -- Configuring done
[0.425s] -- Generating done
[0.426s] -- Build files have been written to: /home/neil/Tutorial/ros_toot/build/basic_pub
[0.432s] Invoked command in '/home/neil/Tutorial/ros_toot/build/basic_pub' returned '0': CMAKE_PREFIX_PATH=${CMAKE_PREFIX_PATH}:/opt/ros/humble /usr/bin/cmake /home/neil/Tutorial/ros_toot/src/basic_pub -DCMAKE_INSTALL_PREFIX=/home/neil/Tutorial/ros_toot/install/basic_pub
[0.433s] Invoking command in '/home/neil/Tutorial/ros_toot/build/basic_pub': CMAKE_PREFIX_PATH=${CMAKE_PREFIX_PATH}:/opt/ros/humble /usr/bin/cmake --build /home/neil/Tutorial/ros_toot/build/basic_pub -- -j8 -l8
[0.497s] Built target ament_cmake_python_copy_basic_pub
[0.952s] running egg_info
[0.953s] creating basic_pub.egg-info
[0.971s] writing basic_pub.egg-info/PKG-INFO
[0.971s] writing dependency_links to basic_pub.egg-info/dependency_links.txt
[0.972s] writing top-level names to basic_pub.egg-info/top_level.txt
[0.972s] writing manifest file 'basic_pub.egg-info/SOURCES.txt'
[1.020s] reading manifest file 'basic_pub.egg-info/SOURCES.txt'
[1.020s] writing manifest file 'basic_pub.egg-info/SOURCES.txt'
[1.100s] Built target ament_cmake_python_build_basic_pub_egg
[1.116s] Invoked command in '/home/neil/Tutorial/ros_toot/build/basic_pub' returned '0': CMAKE_PREFIX_PATH=${CMAKE_PREFIX_PATH}:/opt/ros/humble /usr/bin/cmake --build /home/neil/Tutorial/ros_toot/build/basic_pub -- -j8 -l8
[1.157s] Invoking command in '/home/neil/Tutorial/ros_toot/build/basic_pub': CMAKE_PREFIX_PATH=${CMAKE_PREFIX_PATH}:/opt/ros/humble /usr/bin/cmake --install /home/neil/Tutorial/ros_toot/build/basic_pub
[1.166s] -- Install configuration: ""
[1.166s] -- Installing: /home/neil/Tutorial/ros_toot/install/basic_pub/share/basic_pub/environment/pythonpath.sh
[1.167s] -- Installing: /home/neil/Tutorial/ros_toot/install/basic_pub/share/basic_pub/environment/pythonpath.dsv
[1.167s] -- Installing: /home/neil/Tutorial/ros_toot/install/basic_pub/local/lib/python3.10/dist-packages/basic_pub-0.0.0-py3.10.egg-info
[1.167s] -- Installing: /home/neil/Tutorial/ros_toot/install/basic_pub/local/lib/python3.10/dist-packages/basic_pub-0.0.0-py3.10.egg-info/top_level.txt
[1.167s] -- Installing: /home/neil/Tutorial/ros_toot/install/basic_pub/local/lib/python3.10/dist-packages/basic_pub-0.0.0-py3.10.egg-info/PKG-INFO
[1.167s] -- Installing: /home/neil/Tutorial/ros_toot/install/basic_pub/local/lib/python3.10/dist-packages/basic_pub-0.0.0-py3.10.egg-info/SOURCES.txt
[1.167s] -- Installing: /home/neil/Tutorial/ros_toot/install/basic_pub/local/lib/python3.10/dist-packages/basic_pub-0.0.0-py3.10.egg-info/dependency_links.txt
[1.168s] -- Installing: /home/neil/Tutorial/ros_toot/install/basic_pub/local/lib/python3.10/dist-packages/basic_pub
[1.168s] -- Installing: /home/neil/Tutorial/ros_toot/install/basic_pub/local/lib/python3.10/dist-packages/basic_pub/__init__.py
[1.212s] Listing '/home/neil/Tutorial/ros_toot/install/basic_pub/local/lib/python3.10/dist-packages/basic_pub'...
[1.212s] Compiling '/home/neil/Tutorial/ros_toot/install/basic_pub/local/lib/python3.10/dist-packages/basic_pub/__init__.py'...
[1.219s] -- Installing: /home/neil/Tutorial/ros_toot/install/basic_pub/lib/basic_pub/dummy_publisher.py
[1.219s] -- Installing: /home/neil/Tutorial/ros_toot/install/basic_pub/share/ament_index/resource_index/package_run_dependencies/basic_pub
[1.219s] -- Installing: /home/neil/Tutorial/ros_toot/install/basic_pub/share/ament_index/resource_index/parent_prefix_path/basic_pub
[1.219s] -- Installing: /home/neil/Tutorial/ros_toot/install/basic_pub/share/basic_pub/environment/ament_prefix_path.sh
[1.220s] -- Installing: /home/neil/Tutorial/ros_toot/install/basic_pub/share/basic_pub/environment/ament_prefix_path.dsv
[1.220s] -- Installing: /home/neil/Tutorial/ros_toot/install/basic_pub/share/basic_pub/environment/path.sh
[1.220s] -- Installing: /home/neil/Tutorial/ros_toot/install/basic_pub/share/basic_pub/environment/path.dsv
[1.220s] -- Installing: /home/neil/Tutorial/ros_toot/install/basic_pub/share/basic_pub/local_setup.bash
[1.220s] -- Installing: /home/neil/Tutorial/ros_toot/install/basic_pub/share/basic_pub/local_setup.sh
[1.220s] -- Installing: /home/neil/Tutorial/ros_toot/install/basic_pub/share/basic_pub/local_setup.zsh
[1.220s] -- Installing: /home/neil/Tutorial/ros_toot/install/basic_pub/share/basic_pub/local_setup.dsv
[1.220s] -- Installing: /home/neil/Tutorial/ros_toot/install/basic_pub/share/basic_pub/package.dsv
[1.220s] -- Installing: /home/neil/Tutorial/ros_toot/install/basic_pub/share/ament_index/resource_index/packages/basic_pub
[1.221s] -- Installing: /home/neil/Tutorial/ros_toot/install/basic_pub/share/basic_pub/cmake/basic_pubConfig.cmake
[1.221s] -- Installing: /home/neil/Tutorial/ros_toot/install/basic_pub/share/basic_pub/cmake/basic_pubConfig-version.cmake
[1.221s] -- Installing: /home/neil/Tutorial/ros_toot/install/basic_pub/share/basic_pub/package.xml
[1.224s] Invoked command in '/home/neil/Tutorial/ros_toot/build/basic_pub' returned '0': CMAKE_PREFIX_PATH=${CMAKE_PREFIX_PATH}:/opt/ros/humble /usr/bin/cmake --install /home/neil/Tutorial/ros_toot/build/basic_pub
