[0.422s] DEBUG:colcon:Command line arguments: ['/usr/bin/colcon', 'build']
[0.422s] DEBUG:colcon:Parsed command line arguments: Namespace(log_base=None, log_level=None, verb_name='build', build_base='build', install_base='install', merge_install=False, symlink_install=False, test_result_base=None, continue_on_error=False, executor='parallel', parallel_workers=8, event_handlers=None, ignore_user_meta=False, metas=['./colcon.meta'], base_paths=['.'], packages_ignore=None, packages_ignore_regex=None, paths=None, packages_up_to=None, packages_up_to_regex=None, packages_above=None, packages_above_and_dependencies=None, packages_above_depth=None, packages_select_by_dep=None, packages_skip_by_dep=None, packages_skip_up_to=None, packages_select_build_failed=False, packages_skip_build_finished=False, packages_select_test_failures=False, packages_skip_test_passed=False, packages_select=None, packages_skip=None, packages_select_regex=None, packages_skip_regex=None, packages_start=None, packages_end=None, allow_overriding=[], cmake_args=None, cmake_target=None, cmake_target_skip_unavailable=False, cmake_clean_cache=False, cmake_clean_first=False, cmake_force_configure=False, ament_cmake_args=None, catkin_cmake_args=None, catkin_skip_building_tests=False, verb_parser=<colcon_defaults.argument_parser.defaults.DefaultArgumentsDecorator object at 0x7f9182e47940>, verb_extension=<colcon_core.verb.build.BuildVerb object at 0x7f9182f9ead0>, main=<bound method BuildVerb.main of <colcon_core.verb.build.BuildVerb object at 0x7f9182f9ead0>>)
[0.477s] Level 1:colcon.colcon_core.package_discovery:discover_packages(colcon_meta) check parameters
[0.477s] Level 1:colcon.colcon_core.package_discovery:discover_packages(recursive) check parameters
[0.477s] Level 1:colcon.colcon_core.package_discovery:discover_packages(ignore) check parameters
[0.477s] Level 1:colcon.colcon_core.package_discovery:discover_packages(path) check parameters
[0.477s] Level 1:colcon.colcon_core.package_discovery:discover_packages(colcon_meta) discover
[0.478s] Level 1:colcon.colcon_core.package_discovery:discover_packages(recursive) discover
[0.478s] INFO:colcon.colcon_core.package_discovery:Crawling recursively for packages in '/home/neil/Tutorial/ros_toot'
[0.478s] Level 1:colcon.colcon_core.package_identification:_identify(.) by extensions ['ignore', 'ignore_ament_install']
[0.478s] Level 1:colcon.colcon_core.package_identification:_identify(.) by extension 'ignore'
[0.478s] Level 1:colcon.colcon_core.package_identification:_identify(.) by extension 'ignore_ament_install'
[0.478s] Level 1:colcon.colcon_core.package_identification:_identify(.) by extensions ['colcon_pkg']
[0.478s] Level 1:colcon.colcon_core.package_identification:_identify(.) by extension 'colcon_pkg'
[0.478s] Level 1:colcon.colcon_core.package_identification:_identify(.) by extensions ['colcon_meta']
[0.478s] Level 1:colcon.colcon_core.package_identification:_identify(.) by extension 'colcon_meta'
[0.478s] Level 1:colcon.colcon_core.package_identification:_identify(.) by extensions ['ros']
[0.478s] Level 1:colcon.colcon_core.package_identification:_identify(.) by extension 'ros'
[0.495s] Level 1:colcon.colcon_core.package_identification:_identify(.) by extensions ['cmake', 'python']
[0.495s] Level 1:colcon.colcon_core.package_identification:_identify(.) by extension 'cmake'
[0.495s] Level 1:colcon.colcon_core.package_identification:_identify(.) by extension 'python'
[0.495s] Level 1:colcon.colcon_core.package_identification:_identify(.) by extensions ['python_setup_py']
[0.495s] Level 1:colcon.colcon_core.package_identification:_identify(.) by extension 'python_setup_py'
[0.495s] Level 1:colcon.colcon_core.package_identification:_identify(build) by extensions ['ignore', 'ignore_ament_install']
[0.495s] Level 1:colcon.colcon_core.package_identification:_identify(build) by extension 'ignore'
[0.495s] Level 1:colcon.colcon_core.package_identification:_identify(build) ignored
[0.495s] Level 1:colcon.colcon_core.package_identification:_identify(install) by extensions ['ignore', 'ignore_ament_install']
[0.495s] Level 1:colcon.colcon_core.package_identification:_identify(install) by extension 'ignore'
[0.495s] Level 1:colcon.colcon_core.package_identification:_identify(install) ignored
[0.496s] Level 1:colcon.colcon_core.package_identification:_identify(log) by extensions ['ignore', 'ignore_ament_install']
[0.496s] Level 1:colcon.colcon_core.package_identification:_identify(log) by extension 'ignore'
[0.496s] Level 1:colcon.colcon_core.package_identification:_identify(log) ignored
[0.496s] Level 1:colcon.colcon_core.package_identification:_identify(src) by extensions ['ignore', 'ignore_ament_install']
[0.496s] Level 1:colcon.colcon_core.package_identification:_identify(src) by extension 'ignore'
[0.496s] Level 1:colcon.colcon_core.package_identification:_identify(src) by extension 'ignore_ament_install'
[0.496s] Level 1:colcon.colcon_core.package_identification:_identify(src) by extensions ['colcon_pkg']
[0.496s] Level 1:colcon.colcon_core.package_identification:_identify(src) by extension 'colcon_pkg'
[0.496s] Level 1:colcon.colcon_core.package_identification:_identify(src) by extensions ['colcon_meta']
[0.496s] Level 1:colcon.colcon_core.package_identification:_identify(src) by extension 'colcon_meta'
[0.496s] Level 1:colcon.colcon_core.package_identification:_identify(src) by extensions ['ros']
[0.496s] Level 1:colcon.colcon_core.package_identification:_identify(src) by extension 'ros'
[0.496s] Level 1:colcon.colcon_core.package_identification:_identify(src) by extensions ['cmake', 'python']
[0.496s] Level 1:colcon.colcon_core.package_identification:_identify(src) by extension 'cmake'
[0.496s] Level 1:colcon.colcon_core.package_identification:_identify(src) by extension 'python'
[0.496s] Level 1:colcon.colcon_core.package_identification:_identify(src) by extensions ['python_setup_py']
[0.496s] Level 1:colcon.colcon_core.package_identification:_identify(src) by extension 'python_setup_py'
[0.497s] Level 1:colcon.colcon_core.package_identification:_identify(src/basic_pub) by extensions ['ignore', 'ignore_ament_install']
[0.497s] Level 1:colcon.colcon_core.package_identification:_identify(src/basic_pub) by extension 'ignore'
[0.497s] Level 1:colcon.colcon_core.package_identification:_identify(src/basic_pub) by extension 'ignore_ament_install'
[0.497s] Level 1:colcon.colcon_core.package_identification:_identify(src/basic_pub) by extensions ['colcon_pkg']
[0.497s] Level 1:colcon.colcon_core.package_identification:_identify(src/basic_pub) by extension 'colcon_pkg'
[0.497s] Level 1:colcon.colcon_core.package_identification:_identify(src/basic_pub) by extensions ['colcon_meta']
[0.497s] Level 1:colcon.colcon_core.package_identification:_identify(src/basic_pub) by extension 'colcon_meta'
[0.497s] Level 1:colcon.colcon_core.package_identification:_identify(src/basic_pub) by extensions ['ros']
[0.497s] Level 1:colcon.colcon_core.package_identification:_identify(src/basic_pub) by extension 'ros'
[0.500s] DEBUG:colcon.colcon_core.package_identification:Package 'src/basic_pub' with type 'ros.ament_cmake' and name 'basic_pub'
[0.500s] Level 1:colcon.colcon_core.package_identification:_identify(src/custom_msgs) by extensions ['ignore', 'ignore_ament_install']
[0.501s] Level 1:colcon.colcon_core.package_identification:_identify(src/custom_msgs) by extension 'ignore'
[0.501s] Level 1:colcon.colcon_core.package_identification:_identify(src/custom_msgs) by extension 'ignore_ament_install'
[0.501s] Level 1:colcon.colcon_core.package_identification:_identify(src/custom_msgs) by extensions ['colcon_pkg']
[0.501s] Level 1:colcon.colcon_core.package_identification:_identify(src/custom_msgs) by extension 'colcon_pkg'
[0.501s] Level 1:colcon.colcon_core.package_identification:_identify(src/custom_msgs) by extensions ['colcon_meta']
[0.501s] Level 1:colcon.colcon_core.package_identification:_identify(src/custom_msgs) by extension 'colcon_meta'
[0.501s] Level 1:colcon.colcon_core.package_identification:_identify(src/custom_msgs) by extensions ['ros']
[0.501s] Level 1:colcon.colcon_core.package_identification:_identify(src/custom_msgs) by extension 'ros'
[0.502s] DEBUG:colcon.colcon_core.package_identification:Package 'src/custom_msgs' with type 'ros.ament_cmake' and name 'custom_msgs'
[0.502s] Level 1:colcon.colcon_core.package_discovery:discover_packages(recursive) using defaults
[0.502s] Level 1:colcon.colcon_core.package_discovery:discover_packages(ignore) discover
[0.502s] Level 1:colcon.colcon_core.package_discovery:discover_packages(ignore) using defaults
[0.502s] Level 1:colcon.colcon_core.package_discovery:discover_packages(path) discover
[0.502s] Level 1:colcon.colcon_core.package_discovery:discover_packages(path) using defaults
[0.531s] Level 1:colcon.colcon_core.package_discovery:discover_packages(prefix_path) check parameters
[0.531s] Level 1:colcon.colcon_core.package_discovery:discover_packages(prefix_path) discover
[0.534s] DEBUG:colcon.colcon_installed_package_information.package_discovery:Found 1 installed packages in /home/neil/Tutorial/ros_toot/install
[0.535s] DEBUG:colcon.colcon_installed_package_information.package_discovery:Found 4 installed packages in /home/neil/Tutorial/ros_tutorial/install
[0.538s] DEBUG:colcon.colcon_installed_package_information.package_discovery:Found 283 installed packages in /opt/ros/humble
[0.539s] Level 1:colcon.colcon_core.package_discovery:discover_packages(prefix_path) using defaults
[0.611s] Level 5:colcon.colcon_core.verb:set package 'basic_pub' build argument 'cmake_args' from command line to 'None'
[0.611s] Level 5:colcon.colcon_core.verb:set package 'basic_pub' build argument 'cmake_target' from command line to 'None'
[0.612s] Level 5:colcon.colcon_core.verb:set package 'basic_pub' build argument 'cmake_target_skip_unavailable' from command line to 'False'
[0.612s] Level 5:colcon.colcon_core.verb:set package 'basic_pub' build argument 'cmake_clean_cache' from command line to 'False'
[0.612s] Level 5:colcon.colcon_core.verb:set package 'basic_pub' build argument 'cmake_clean_first' from command line to 'False'
[0.612s] Level 5:colcon.colcon_core.verb:set package 'basic_pub' build argument 'cmake_force_configure' from command line to 'False'
[0.612s] Level 5:colcon.colcon_core.verb:set package 'basic_pub' build argument 'ament_cmake_args' from command line to 'None'
[0.612s] Level 5:colcon.colcon_core.verb:set package 'basic_pub' build argument 'catkin_cmake_args' from command line to 'None'
[0.612s] Level 5:colcon.colcon_core.verb:set package 'basic_pub' build argument 'catkin_skip_building_tests' from command line to 'False'
[0.612s] DEBUG:colcon.colcon_core.verb:Building package 'basic_pub' with the following arguments: {'ament_cmake_args': None, 'build_base': '/home/neil/Tutorial/ros_toot/build/basic_pub', 'catkin_cmake_args': None, 'catkin_skip_building_tests': False, 'cmake_args': None, 'cmake_clean_cache': False, 'cmake_clean_first': False, 'cmake_force_configure': False, 'cmake_target': None, 'cmake_target_skip_unavailable': False, 'install_base': '/home/neil/Tutorial/ros_toot/install/basic_pub', 'merge_install': False, 'path': '/home/neil/Tutorial/ros_toot/src/basic_pub', 'symlink_install': False, 'test_result_base': None}
[0.613s] Level 5:colcon.colcon_core.verb:set package 'custom_msgs' build argument 'cmake_args' from command line to 'None'
[0.613s] Level 5:colcon.colcon_core.verb:set package 'custom_msgs' build argument 'cmake_target' from command line to 'None'
[0.613s] Level 5:colcon.colcon_core.verb:set package 'custom_msgs' build argument 'cmake_target_skip_unavailable' from command line to 'False'
[0.613s] Level 5:colcon.colcon_core.verb:set package 'custom_msgs' build argument 'cmake_clean_cache' from command line to 'False'
[0.613s] Level 5:colcon.colcon_core.verb:set package 'custom_msgs' build argument 'cmake_clean_first' from command line to 'False'
[0.613s] Level 5:colcon.colcon_core.verb:set package 'custom_msgs' build argument 'cmake_force_configure' from command line to 'False'
[0.613s] Level 5:colcon.colcon_core.verb:set package 'custom_msgs' build argument 'ament_cmake_args' from command line to 'None'
[0.613s] Level 5:colcon.colcon_core.verb:set package 'custom_msgs' build argument 'catkin_cmake_args' from command line to 'None'
[0.613s] Level 5:colcon.colcon_core.verb:set package 'custom_msgs' build argument 'catkin_skip_building_tests' from command line to 'False'
[0.613s] DEBUG:colcon.colcon_core.verb:Building package 'custom_msgs' with the following arguments: {'ament_cmake_args': None, 'build_base': '/home/neil/Tutorial/ros_toot/build/custom_msgs', 'catkin_cmake_args': None, 'catkin_skip_building_tests': False, 'cmake_args': None, 'cmake_clean_cache': False, 'cmake_clean_first': False, 'cmake_force_configure': False, 'cmake_target': None, 'cmake_target_skip_unavailable': False, 'install_base': '/home/neil/Tutorial/ros_toot/install/custom_msgs', 'merge_install': False, 'path': '/home/neil/Tutorial/ros_toot/src/custom_msgs', 'symlink_install': False, 'test_result_base': None}
[0.614s] INFO:colcon.colcon_core.executor:Executing jobs using 'parallel' executor
[0.617s] DEBUG:colcon.colcon_parallel_executor.executor.parallel:run_until_complete
[0.618s] INFO:colcon.colcon_ros.task.ament_cmake.build:Building ROS package in '/home/neil/Tutorial/ros_toot/src/basic_pub' with build type 'ament_cmake'
[0.618s] INFO:colcon.colcon_cmake.task.cmake.build:Building CMake package in '/home/neil/Tutorial/ros_toot/src/basic_pub'
[0.623s] INFO:colcon.colcon_core.plugin_system:Skipping extension 'colcon_core.shell.bat': Not used on non-Windows systems
[0.623s] INFO:colcon.colcon_core.shell:Skip shell extension 'powershell' for command environment: Not usable outside of PowerShell
[0.623s] DEBUG:colcon.colcon_core.shell:Skip shell extension 'dsv' for command environment
[0.629s] INFO:colcon.colcon_ros.task.ament_cmake.build:Building ROS package in '/home/neil/Tutorial/ros_toot/src/custom_msgs' with build type 'ament_cmake'
[0.629s] INFO:colcon.colcon_cmake.task.cmake.build:Building CMake package in '/home/neil/Tutorial/ros_toot/src/custom_msgs'
[0.630s] INFO:colcon.colcon_core.shell:Skip shell extension 'powershell' for command environment: Not usable outside of PowerShell
[0.630s] DEBUG:colcon.colcon_core.shell:Skip shell extension 'dsv' for command environment
[0.643s] DEBUG:colcon.colcon_core.event_handler.log_command:Invoking command in '/home/neil/Tutorial/ros_toot/build/basic_pub': CMAKE_PREFIX_PATH=${CMAKE_PREFIX_PATH}:/opt/ros/humble /usr/bin/cmake --build /home/neil/Tutorial/ros_toot/build/basic_pub -- -j8 -l8
[0.646s] DEBUG:colcon.colcon_core.event_handler.log_command:Invoking command in '/home/neil/Tutorial/ros_toot/build/custom_msgs': CMAKE_PREFIX_PATH=${CMAKE_PREFIX_PATH}:/opt/ros/humble /usr/bin/cmake /home/neil/Tutorial/ros_toot/src/custom_msgs -DCMAKE_INSTALL_PREFIX=/home/neil/Tutorial/ros_toot/install/custom_msgs
[1.408s] DEBUG:colcon.colcon_core.event_handler.log_command:Invoked command in '/home/neil/Tutorial/ros_toot/build/basic_pub' returned '0': CMAKE_PREFIX_PATH=${CMAKE_PREFIX_PATH}:/opt/ros/humble /usr/bin/cmake --build /home/neil/Tutorial/ros_toot/build/basic_pub -- -j8 -l8
[1.444s] DEBUG:colcon.colcon_core.event_handler.log_command:Invoking command in '/home/neil/Tutorial/ros_toot/build/basic_pub': CMAKE_PREFIX_PATH=${CMAKE_PREFIX_PATH}:/opt/ros/humble /usr/bin/cmake --install /home/neil/Tutorial/ros_toot/build/basic_pub
[1.502s] Level 1:colcon.colcon_core.environment:create_environment_scripts_only(basic_pub)
[1.503s] DEBUG:colcon.colcon_core.event_handler.log_command:Invoked command in '/home/neil/Tutorial/ros_toot/build/basic_pub' returned '0': CMAKE_PREFIX_PATH=${CMAKE_PREFIX_PATH}:/opt/ros/humble /usr/bin/cmake --install /home/neil/Tutorial/ros_toot/build/basic_pub
[1.508s] Level 1:colcon.colcon_core.environment:checking '/home/neil/Tutorial/ros_toot/install/basic_pub' for CMake module files
[1.509s] Level 1:colcon.colcon_core.environment:checking '/home/neil/Tutorial/ros_toot/install/basic_pub' for CMake config files
[1.509s] Level 1:colcon.colcon_core.shell:create_environment_hook('basic_pub', 'cmake_prefix_path')
[1.511s] INFO:colcon.colcon_core.shell:Creating environment hook '/home/neil/Tutorial/ros_toot/install/basic_pub/share/basic_pub/hook/cmake_prefix_path.ps1'
[1.511s] INFO:colcon.colcon_core.shell:Creating environment descriptor '/home/neil/Tutorial/ros_toot/install/basic_pub/share/basic_pub/hook/cmake_prefix_path.dsv'
[1.512s] INFO:colcon.colcon_core.shell:Creating environment hook '/home/neil/Tutorial/ros_toot/install/basic_pub/share/basic_pub/hook/cmake_prefix_path.sh'
[1.513s] Level 1:colcon.colcon_core.environment:checking '/home/neil/Tutorial/ros_toot/install/basic_pub/lib'
[1.513s] Level 1:colcon.colcon_core.environment:checking '/home/neil/Tutorial/ros_toot/install/basic_pub/bin'
[1.513s] Level 1:colcon.colcon_core.environment:checking '/home/neil/Tutorial/ros_toot/install/basic_pub/lib/pkgconfig/basic_pub.pc'
[1.513s] Level 1:colcon.colcon_core.environment:checking '/home/neil/Tutorial/ros_toot/install/basic_pub/lib/python3.10/site-packages'
[1.514s] Level 1:colcon.colcon_core.environment:checking '/home/neil/Tutorial/ros_toot/install/basic_pub/bin'
[1.515s] INFO:colcon.colcon_core.shell:Creating package script '/home/neil/Tutorial/ros_toot/install/basic_pub/share/basic_pub/package.ps1'
[1.516s] INFO:colcon.colcon_core.shell:Creating package descriptor '/home/neil/Tutorial/ros_toot/install/basic_pub/share/basic_pub/package.dsv'
[1.517s] INFO:colcon.colcon_core.shell:Creating package script '/home/neil/Tutorial/ros_toot/install/basic_pub/share/basic_pub/package.sh'
[1.518s] INFO:colcon.colcon_core.shell:Creating package script '/home/neil/Tutorial/ros_toot/install/basic_pub/share/basic_pub/package.bash'
[1.519s] INFO:colcon.colcon_core.shell:Creating package script '/home/neil/Tutorial/ros_toot/install/basic_pub/share/basic_pub/package.zsh'
[1.520s] Level 1:colcon.colcon_core.environment:create_file_with_runtime_dependencies(/home/neil/Tutorial/ros_toot/install/basic_pub/share/colcon-core/packages/basic_pub)
[1.545s] Level 1:colcon.colcon_core.environment:create_environment_scripts_only(basic_pub)
[1.548s] Level 1:colcon.colcon_core.environment:checking '/home/neil/Tutorial/ros_toot/install/basic_pub' for CMake module files
[1.549s] Level 1:colcon.colcon_core.environment:checking '/home/neil/Tutorial/ros_toot/install/basic_pub' for CMake config files
[1.550s] Level 1:colcon.colcon_core.shell:create_environment_hook('basic_pub', 'cmake_prefix_path')
[1.552s] INFO:colcon.colcon_core.shell:Creating environment hook '/home/neil/Tutorial/ros_toot/install/basic_pub/share/basic_pub/hook/cmake_prefix_path.ps1'
[1.553s] INFO:colcon.colcon_core.shell:Creating environment descriptor '/home/neil/Tutorial/ros_toot/install/basic_pub/share/basic_pub/hook/cmake_prefix_path.dsv'
[1.553s] INFO:colcon.colcon_core.shell:Creating environment hook '/home/neil/Tutorial/ros_toot/install/basic_pub/share/basic_pub/hook/cmake_prefix_path.sh'
[1.554s] Level 1:colcon.colcon_core.environment:checking '/home/neil/Tutorial/ros_toot/install/basic_pub/lib'
[1.555s] Level 1:colcon.colcon_core.environment:checking '/home/neil/Tutorial/ros_toot/install/basic_pub/bin'
[1.555s] Level 1:colcon.colcon_core.environment:checking '/home/neil/Tutorial/ros_toot/install/basic_pub/lib/pkgconfig/basic_pub.pc'
[1.555s] Level 1:colcon.colcon_core.environment:checking '/home/neil/Tutorial/ros_toot/install/basic_pub/lib/python3.10/site-packages'
[1.555s] Level 1:colcon.colcon_core.environment:checking '/home/neil/Tutorial/ros_toot/install/basic_pub/bin'
[1.558s] INFO:colcon.colcon_core.shell:Creating package script '/home/neil/Tutorial/ros_toot/install/basic_pub/share/basic_pub/package.ps1'
[1.559s] INFO:colcon.colcon_core.shell:Creating package descriptor '/home/neil/Tutorial/ros_toot/install/basic_pub/share/basic_pub/package.dsv'
[1.560s] INFO:colcon.colcon_core.shell:Creating package script '/home/neil/Tutorial/ros_toot/install/basic_pub/share/basic_pub/package.sh'
[1.560s] INFO:colcon.colcon_core.shell:Creating package script '/home/neil/Tutorial/ros_toot/install/basic_pub/share/basic_pub/package.bash'
[1.561s] INFO:colcon.colcon_core.shell:Creating package script '/home/neil/Tutorial/ros_toot/install/basic_pub/share/basic_pub/package.zsh'
[1.562s] Level 1:colcon.colcon_core.environment:create_file_with_runtime_dependencies(/home/neil/Tutorial/ros_toot/install/basic_pub/share/colcon-core/packages/basic_pub)
[3.795s] DEBUG:colcon.colcon_core.event_handler.log_command:Invoked command in '/home/neil/Tutorial/ros_toot/build/custom_msgs' returned '0': CMAKE_PREFIX_PATH=${CMAKE_PREFIX_PATH}:/opt/ros/humble /usr/bin/cmake /home/neil/Tutorial/ros_toot/src/custom_msgs -DCMAKE_INSTALL_PREFIX=/home/neil/Tutorial/ros_toot/install/custom_msgs
[3.797s] DEBUG:colcon.colcon_core.event_handler.log_command:Invoking command in '/home/neil/Tutorial/ros_toot/build/custom_msgs': CMAKE_PREFIX_PATH=${CMAKE_PREFIX_PATH}:/opt/ros/humble /usr/bin/cmake --build /home/neil/Tutorial/ros_toot/build/custom_msgs -- -j8 -l8
[6.712s] DEBUG:colcon.colcon_core.event_handler.log_command:Invoked command in '/home/neil/Tutorial/ros_toot/build/custom_msgs' returned '0': CMAKE_PREFIX_PATH=${CMAKE_PREFIX_PATH}:/opt/ros/humble /usr/bin/cmake --build /home/neil/Tutorial/ros_toot/build/custom_msgs -- -j8 -l8
[6.769s] DEBUG:colcon.colcon_core.event_handler.log_command:Invoking command in '/home/neil/Tutorial/ros_toot/build/custom_msgs': CMAKE_PREFIX_PATH=${CMAKE_PREFIX_PATH}:/opt/ros/humble /usr/bin/cmake --install /home/neil/Tutorial/ros_toot/build/custom_msgs
[6.847s] Level 1:colcon.colcon_core.environment:create_environment_scripts_only(custom_msgs)
[6.851s] Level 1:colcon.colcon_core.environment:checking '/home/neil/Tutorial/ros_toot/install/custom_msgs' for CMake module files
[6.852s] DEBUG:colcon.colcon_core.event_handler.log_command:Invoked command in '/home/neil/Tutorial/ros_toot/build/custom_msgs' returned '0': CMAKE_PREFIX_PATH=${CMAKE_PREFIX_PATH}:/opt/ros/humble /usr/bin/cmake --install /home/neil/Tutorial/ros_toot/build/custom_msgs
[6.852s] Level 1:colcon.colcon_core.environment:checking '/home/neil/Tutorial/ros_toot/install/custom_msgs' for CMake config files
[6.853s] Level 1:colcon.colcon_core.shell:create_environment_hook('custom_msgs', 'cmake_prefix_path')
[6.855s] INFO:colcon.colcon_core.shell:Creating environment hook '/home/neil/Tutorial/ros_toot/install/custom_msgs/share/custom_msgs/hook/cmake_prefix_path.ps1'
[6.856s] INFO:colcon.colcon_core.shell:Creating environment descriptor '/home/neil/Tutorial/ros_toot/install/custom_msgs/share/custom_msgs/hook/cmake_prefix_path.dsv'
[6.857s] INFO:colcon.colcon_core.shell:Creating environment hook '/home/neil/Tutorial/ros_toot/install/custom_msgs/share/custom_msgs/hook/cmake_prefix_path.sh'
[6.857s] Level 1:colcon.colcon_core.environment:checking '/home/neil/Tutorial/ros_toot/install/custom_msgs/lib'
[6.857s] Level 1:colcon.colcon_core.shell:create_environment_hook('custom_msgs', 'ld_library_path_lib')
[6.860s] INFO:colcon.colcon_core.shell:Creating environment hook '/home/neil/Tutorial/ros_toot/install/custom_msgs/share/custom_msgs/hook/ld_library_path_lib.ps1'
[6.860s] INFO:colcon.colcon_core.shell:Creating environment descriptor '/home/neil/Tutorial/ros_toot/install/custom_msgs/share/custom_msgs/hook/ld_library_path_lib.dsv'
[6.860s] INFO:colcon.colcon_core.shell:Creating environment hook '/home/neil/Tutorial/ros_toot/install/custom_msgs/share/custom_msgs/hook/ld_library_path_lib.sh'
[6.861s] Level 1:colcon.colcon_core.environment:checking '/home/neil/Tutorial/ros_toot/install/custom_msgs/bin'
[6.861s] Level 1:colcon.colcon_core.environment:checking '/home/neil/Tutorial/ros_toot/install/custom_msgs/lib/pkgconfig/custom_msgs.pc'
[6.861s] Level 1:colcon.colcon_core.environment:checking '/home/neil/Tutorial/ros_toot/install/custom_msgs/lib/python3.10/site-packages'
[6.861s] Level 1:colcon.colcon_core.environment:checking '/home/neil/Tutorial/ros_toot/install/custom_msgs/bin'
[6.863s] INFO:colcon.colcon_core.shell:Creating package script '/home/neil/Tutorial/ros_toot/install/custom_msgs/share/custom_msgs/package.ps1'
[6.863s] INFO:colcon.colcon_core.shell:Creating package descriptor '/home/neil/Tutorial/ros_toot/install/custom_msgs/share/custom_msgs/package.dsv'
[6.864s] INFO:colcon.colcon_core.shell:Creating package script '/home/neil/Tutorial/ros_toot/install/custom_msgs/share/custom_msgs/package.sh'
[6.864s] INFO:colcon.colcon_core.shell:Creating package script '/home/neil/Tutorial/ros_toot/install/custom_msgs/share/custom_msgs/package.bash'
[6.865s] INFO:colcon.colcon_core.shell:Creating package script '/home/neil/Tutorial/ros_toot/install/custom_msgs/share/custom_msgs/package.zsh'
[6.865s] Level 1:colcon.colcon_core.environment:create_file_with_runtime_dependencies(/home/neil/Tutorial/ros_toot/install/custom_msgs/share/colcon-core/packages/custom_msgs)
[6.915s] Level 1:colcon.colcon_core.environment:create_environment_scripts_only(custom_msgs)
[6.917s] Level 1:colcon.colcon_core.environment:checking '/home/neil/Tutorial/ros_toot/install/custom_msgs' for CMake module files
[6.917s] Level 1:colcon.colcon_core.environment:checking '/home/neil/Tutorial/ros_toot/install/custom_msgs' for CMake config files
[6.918s] Level 1:colcon.colcon_core.shell:create_environment_hook('custom_msgs', 'cmake_prefix_path')
[6.919s] INFO:colcon.colcon_core.shell:Creating environment hook '/home/neil/Tutorial/ros_toot/install/custom_msgs/share/custom_msgs/hook/cmake_prefix_path.ps1'
[6.920s] INFO:colcon.colcon_core.shell:Creating environment descriptor '/home/neil/Tutorial/ros_toot/install/custom_msgs/share/custom_msgs/hook/cmake_prefix_path.dsv'
[6.920s] INFO:colcon.colcon_core.shell:Creating environment hook '/home/neil/Tutorial/ros_toot/install/custom_msgs/share/custom_msgs/hook/cmake_prefix_path.sh'
[6.921s] Level 1:colcon.colcon_core.environment:checking '/home/neil/Tutorial/ros_toot/install/custom_msgs/lib'
[6.921s] Level 1:colcon.colcon_core.shell:create_environment_hook('custom_msgs', 'ld_library_path_lib')
[6.922s] INFO:colcon.colcon_core.shell:Creating environment hook '/home/neil/Tutorial/ros_toot/install/custom_msgs/share/custom_msgs/hook/ld_library_path_lib.ps1'
[6.922s] INFO:colcon.colcon_core.shell:Creating environment descriptor '/home/neil/Tutorial/ros_toot/install/custom_msgs/share/custom_msgs/hook/ld_library_path_lib.dsv'
[6.923s] INFO:colcon.colcon_core.shell:Creating environment hook '/home/neil/Tutorial/ros_toot/install/custom_msgs/share/custom_msgs/hook/ld_library_path_lib.sh'
[6.923s] Level 1:colcon.colcon_core.environment:checking '/home/neil/Tutorial/ros_toot/install/custom_msgs/bin'
[6.923s] Level 1:colcon.colcon_core.environment:checking '/home/neil/Tutorial/ros_toot/install/custom_msgs/lib/pkgconfig/custom_msgs.pc'
[6.923s] Level 1:colcon.colcon_core.environment:checking '/home/neil/Tutorial/ros_toot/install/custom_msgs/lib/python3.10/site-packages'
[6.924s] Level 1:colcon.colcon_core.environment:checking '/home/neil/Tutorial/ros_toot/install/custom_msgs/bin'
[6.925s] INFO:colcon.colcon_core.shell:Creating package script '/home/neil/Tutorial/ros_toot/install/custom_msgs/share/custom_msgs/package.ps1'
[6.926s] INFO:colcon.colcon_core.shell:Creating package descriptor '/home/neil/Tutorial/ros_toot/install/custom_msgs/share/custom_msgs/package.dsv'
[6.926s] INFO:colcon.colcon_core.shell:Creating package script '/home/neil/Tutorial/ros_toot/install/custom_msgs/share/custom_msgs/package.sh'
[6.926s] INFO:colcon.colcon_core.shell:Creating package script '/home/neil/Tutorial/ros_toot/install/custom_msgs/share/custom_msgs/package.bash'
[6.927s] INFO:colcon.colcon_core.shell:Creating package script '/home/neil/Tutorial/ros_toot/install/custom_msgs/share/custom_msgs/package.zsh'
[6.927s] Level 1:colcon.colcon_core.environment:create_file_with_runtime_dependencies(/home/neil/Tutorial/ros_toot/install/custom_msgs/share/colcon-core/packages/custom_msgs)
[6.927s] DEBUG:colcon.colcon_parallel_executor.executor.parallel:closing loop
[6.928s] DEBUG:colcon.colcon_parallel_executor.executor.parallel:loop closed
[6.928s] DEBUG:colcon.colcon_parallel_executor.executor.parallel:run_until_complete finished with '0'
[6.928s] DEBUG:colcon.colcon_core.event_reactor:joining thread
[6.934s] INFO:colcon.colcon_core.plugin_system:Skipping extension 'colcon_notification.desktop_notification.terminal_notifier': Not used on non-Darwin systems
[6.934s] INFO:colcon.colcon_core.plugin_system:Skipping extension 'colcon_notification.desktop_notification.win32': Not used on non-Windows systems
[6.934s] INFO:colcon.colcon_notification.desktop_notification:Sending desktop notification using 'notify2'
[6.948s] DEBUG:colcon.colcon_core.event_reactor:joined thread
[6.950s] INFO:colcon.colcon_core.shell:Creating prefix script '/home/neil/Tutorial/ros_toot/install/local_setup.ps1'
[6.952s] INFO:colcon.colcon_core.shell:Creating prefix util module '/home/neil/Tutorial/ros_toot/install/_local_setup_util_ps1.py'
[6.954s] INFO:colcon.colcon_core.shell:Creating prefix chain script '/home/neil/Tutorial/ros_toot/install/setup.ps1'
[6.956s] INFO:colcon.colcon_core.shell:Creating prefix script '/home/neil/Tutorial/ros_toot/install/local_setup.sh'
[6.957s] INFO:colcon.colcon_core.shell:Creating prefix util module '/home/neil/Tutorial/ros_toot/install/_local_setup_util_sh.py'
[6.958s] INFO:colcon.colcon_core.shell:Creating prefix chain script '/home/neil/Tutorial/ros_toot/install/setup.sh'
[6.960s] INFO:colcon.colcon_core.shell:Creating prefix script '/home/neil/Tutorial/ros_toot/install/local_setup.bash'
[6.960s] INFO:colcon.colcon_core.shell:Creating prefix chain script '/home/neil/Tutorial/ros_toot/install/setup.bash'
[6.962s] INFO:colcon.colcon_core.shell:Creating prefix script '/home/neil/Tutorial/ros_toot/install/local_setup.zsh'
[6.963s] INFO:colcon.colcon_core.shell:Creating prefix chain script '/home/neil/Tutorial/ros_toot/install/setup.zsh'
