[0.015s] Invoking command in '/home/neil/Tutorial/ros_toot/build/custom_msgs': CMAKE_PREFIX_PATH=${CMAKE_PREFIX_PATH}:/opt/ros/humble /usr/bin/cmake /home/neil/Tutorial/ros_toot/src/custom_msgs -DCMAKE_INSTALL_PREFIX=/home/neil/Tutorial/ros_toot/install/custom_msgs
[0.079s] -- The C compiler identification is GNU 11.4.0
[0.150s] -- The CXX compiler identification is GNU 11.4.0
[0.163s] -- Detecting C compiler ABI info
[0.254s] -- Detecting C compiler ABI info - done
[0.264s] -- Check for working C compiler: /usr/bin/cc - skipped
[0.264s] -- Detecting C compile features
[0.265s] -- Detecting C compile features - done
[0.268s] -- Detecting CXX compiler ABI info
[0.351s] -- Detecting CXX compiler ABI info - done
[0.362s] -- Check for working CXX compiler: /usr/bin/c++ - skipped
[0.363s] -- Detecting CXX compile features
[0.363s] -- Detecting CXX compile features - done
[0.367s] -- Found ament_cmake: 1.3.5 (/opt/ros/humble/share/ament_cmake/cmake)
[1.362s] -- Found Python3: /usr/bin/python3.10 (found version "3.10.12") found components: Interpreter 
[1.491s] -- Found builtin_interfaces: 1.2.1 (/opt/ros/humble/share/builtin_interfaces/cmake)
[1.551s] -- Found rosidl_generator_c: 3.1.5 (/opt/ros/humble/share/rosidl_generator_c/cmake)
[1.556s] -- Found rosidl_adapter: 3.1.5 (/opt/ros/humble/share/rosidl_adapter/cmake)
[1.566s] -- Found rosidl_generator_cpp: 3.1.5 (/opt/ros/humble/share/rosidl_generator_cpp/cmake)
[1.580s] -- Using all available rosidl_typesupport_c: rosidl_typesupport_fastrtps_c;rosidl_typesupport_introspection_c
[1.603s] -- Using all available rosidl_typesupport_cpp: rosidl_typesupport_fastrtps_cpp;rosidl_typesupport_introspection_cpp
[1.624s] -- Found rosidl_default_generators: 1.2.0 (/opt/ros/humble/share/rosidl_default_generators/cmake)
[1.637s] -- Found sensor_msgs: 4.2.3 (/opt/ros/humble/share/sensor_msgs/cmake)
[2.238s] -- Found ament_cmake_ros: 0.10.0 (/opt/ros/humble/share/ament_cmake_ros/cmake)
[2.733s] -- Using all available rosidl_typesupport_c: rosidl_typesupport_fastrtps_c;rosidl_typesupport_introspection_c
[2.921s] -- Using all available rosidl_typesupport_cpp: rosidl_typesupport_fastrtps_cpp;rosidl_typesupport_introspection_cpp
[2.950s] -- Found PythonInterp: /usr/bin/python3 (found suitable version "3.10.12", minimum required is "3.6") 
[2.951s] -- Found python_cmake_module: 0.10.0 (/opt/ros/humble/share/python_cmake_module/cmake)
[2.982s] -- Found PythonLibs: /usr/lib/x86_64-linux-gnu/libpython3.10.so (found suitable version "3.10.12", minimum required is "3.5") 
[2.982s] -- Using PYTHON_EXECUTABLE: /usr/bin/python3
[2.982s] -- Using PYTHON_INCLUDE_DIRS: /usr/include/python3.10
[2.982s] -- Using PYTHON_LIBRARIES: /usr/lib/x86_64-linux-gnu/libpython3.10.so
[3.008s] -- Found PythonExtra: .so  
[3.084s] -- Found ament_lint_auto: 0.12.7 (/opt/ros/humble/share/ament_lint_auto/cmake)
[3.108s] -- Added test 'lint_cmake' to check CMake code style
[3.109s] -- Added test 'xmllint' to check XML markup files
[3.112s] -- Configuring done
[3.150s] -- Generating done
[3.152s] -- Build files have been written to: /home/neil/Tutorial/ros_toot/build/custom_msgs
[3.164s] Invoked command in '/home/neil/Tutorial/ros_toot/build/custom_msgs' returned '0': CMAKE_PREFIX_PATH=${CMAKE_PREFIX_PATH}:/opt/ros/humble /usr/bin/cmake /home/neil/Tutorial/ros_toot/src/custom_msgs -DCMAKE_INSTALL_PREFIX=/home/neil/Tutorial/ros_toot/install/custom_msgs
[3.166s] Invoking command in '/home/neil/Tutorial/ros_toot/build/custom_msgs': CMAKE_PREFIX_PATH=${CMAKE_PREFIX_PATH}:/opt/ros/humble /usr/bin/cmake --build /home/neil/Tutorial/ros_toot/build/custom_msgs -- -j8 -l8
[3.211s] [  3%] [34m[1mGenerating C code for ROS interfaces[0m
[3.226s] [  6%] [34m[1mGenerating C++ code for ROS interfaces[0m
[3.234s] [  6%] Built target ament_cmake_python_copy_custom_msgs
[3.551s] [  6%] Built target custom_msgs__cpp
[3.570s] [  9%] [34m[1mGenerating C++ type support dispatch for ROS interfaces[0m
[3.570s] [ 12%] [34m[1mGenerating C++ introspection for ROS interfaces[0m
[3.572s] [ 16%] [34m[1mGenerating C++ type support for eProsima Fast-RTPS[0m
[3.576s] [ 19%] [32mBuilding C object CMakeFiles/custom_msgs__rosidl_generator_c.dir/rosidl_generator_c/custom_msgs/msg/detail/string__functions.c.o[0m
[3.679s] [ 22%] [32m[1mLinking C shared library libcustom_msgs__rosidl_generator_c.so[0m
[3.894s] [ 22%] Built target custom_msgs__rosidl_generator_c
[3.927s] [ 25%] [34m[1mGenerating C introspection for ROS interfaces[0m
[3.936s] [ 29%] [34m[1mGenerating C type support dispatch for ROS interfaces[0m
[3.949s] [ 32%] [34m[1mGenerating C type support for eProsima Fast-RTPS[0m
[4.013s] running egg_info
[4.015s] creating custom_msgs.egg-info
[4.045s] writing custom_msgs.egg-info/PKG-INFO
[4.046s] writing dependency_links to custom_msgs.egg-info/dependency_links.txt
[4.046s] writing top-level names to custom_msgs.egg-info/top_level.txt
[4.046s] writing manifest file 'custom_msgs.egg-info/SOURCES.txt'
[4.165s] reading manifest file 'custom_msgs.egg-info/SOURCES.txt'
[4.166s] writing manifest file 'custom_msgs.egg-info/SOURCES.txt'
[4.249s] [ 35%] [32mBuilding CXX object CMakeFiles/custom_msgs__rosidl_typesupport_cpp.dir/rosidl_typesupport_cpp/custom_msgs/msg/string__type_support.cpp.o[0m
[4.266s] [ 38%] [32mBuilding CXX object CMakeFiles/custom_msgs__rosidl_typesupport_introspection_cpp.dir/rosidl_typesupport_introspection_cpp/custom_msgs/msg/detail/string__type_support.cpp.o[0m
[4.285s] [ 41%] [32mBuilding CXX object CMakeFiles/custom_msgs__rosidl_typesupport_fastrtps_cpp.dir/rosidl_typesupport_fastrtps_cpp/custom_msgs/msg/detail/dds_fastrtps/string__type_support.cpp.o[0m
[4.323s] [ 41%] Built target ament_cmake_python_build_custom_msgs_egg
[4.515s] [ 45%] [32mBuilding CXX object CMakeFiles/custom_msgs__rosidl_typesupport_c.dir/rosidl_typesupport_c/custom_msgs/msg/string__type_support.cpp.o[0m
[4.594s] [ 48%] [32m[1mLinking CXX shared library libcustom_msgs__rosidl_typesupport_c.so[0m
[4.598s] [ 51%] [32mBuilding CXX object CMakeFiles/custom_msgs__rosidl_typesupport_fastrtps_c.dir/rosidl_typesupport_fastrtps_c/custom_msgs/msg/detail/string__type_support_c.cpp.o[0m
[4.631s] [ 54%] [32mBuilding C object CMakeFiles/custom_msgs__rosidl_typesupport_introspection_c.dir/rosidl_typesupport_introspection_c/custom_msgs/msg/detail/string__type_support.c.o[0m
[4.687s] [ 54%] Built target custom_msgs__rosidl_typesupport_c
[4.704s] [ 58%] [32m[1mLinking C shared library libcustom_msgs__rosidl_typesupport_introspection_c.so[0m
[4.775s] [ 58%] Built target custom_msgs__rosidl_typesupport_introspection_c
[4.815s] [ 61%] [32m[1mLinking CXX shared library libcustom_msgs__rosidl_typesupport_cpp.so[0m
[4.885s] [ 61%] Built target custom_msgs__rosidl_typesupport_cpp
[4.990s] [ 64%] [32m[1mLinking CXX shared library libcustom_msgs__rosidl_typesupport_introspection_cpp.so[0m
[5.033s] [ 67%] [32m[1mLinking CXX shared library libcustom_msgs__rosidl_typesupport_fastrtps_cpp.so[0m
[5.098s] [ 67%] Built target custom_msgs__rosidl_typesupport_introspection_cpp
[5.163s] [ 67%] Built target custom_msgs__rosidl_typesupport_fastrtps_cpp
[5.172s] [ 70%] [32m[1mLinking CXX shared library libcustom_msgs__rosidl_typesupport_fastrtps_c.so[0m
[5.296s] [ 70%] Built target custom_msgs__rosidl_typesupport_fastrtps_c
[5.322s] [ 70%] Built target custom_msgs
[5.350s] [ 74%] [34m[1mGenerating Python code for ROS interfaces[0m
[5.685s] [ 74%] Built target custom_msgs__py
[5.708s] [ 77%] [32mBuilding C object CMakeFiles/custom_msgs__rosidl_generator_py.dir/rosidl_generator_py/custom_msgs/msg/_string_s.c.o[0m
[5.840s] [ 80%] [32m[1mLinking C shared library rosidl_generator_py/custom_msgs/libcustom_msgs__rosidl_generator_py.so[0m
[5.890s] [ 80%] Built target custom_msgs__rosidl_generator_py
[5.915s] [ 87%] [32mBuilding C object CMakeFiles/custom_msgs__rosidl_typesupport_c__pyext.dir/rosidl_generator_py/custom_msgs/_custom_msgs_s.ep.rosidl_typesupport_c.c.o[0m
[5.915s] [ 87%] [32mBuilding C object CMakeFiles/custom_msgs__rosidl_typesupport_fastrtps_c__pyext.dir/rosidl_generator_py/custom_msgs/_custom_msgs_s.ep.rosidl_typesupport_fastrtps_c.c.o[0m
[5.915s] [ 90%] [32mBuilding C object CMakeFiles/custom_msgs__rosidl_typesupport_introspection_c__pyext.dir/rosidl_generator_py/custom_msgs/_custom_msgs_s.ep.rosidl_typesupport_introspection_c.c.o[0m
[6.021s] [100%] [32m[1mLinking C shared library rosidl_generator_py/custom_msgs/custom_msgs_s__rosidl_typesupport_c.cpython-310-x86_64-linux-gnu.so[0m
[6.021s] [100%] [32m[1mLinking C shared library rosidl_generator_py/custom_msgs/custom_msgs_s__rosidl_typesupport_fastrtps_c.cpython-310-x86_64-linux-gnu.so[0m
[6.021s] [100%] [32m[1mLinking C shared library rosidl_generator_py/custom_msgs/custom_msgs_s__rosidl_typesupport_introspection_c.cpython-310-x86_64-linux-gnu.so[0m
[6.066s] [100%] Built target custom_msgs__rosidl_typesupport_fastrtps_c__pyext
[6.067s] [100%] Built target custom_msgs__rosidl_typesupport_introspection_c__pyext
[6.068s] [100%] Built target custom_msgs__rosidl_typesupport_c__pyext
[6.080s] Invoked command in '/home/neil/Tutorial/ros_toot/build/custom_msgs' returned '0': CMAKE_PREFIX_PATH=${CMAKE_PREFIX_PATH}:/opt/ros/humble /usr/bin/cmake --build /home/neil/Tutorial/ros_toot/build/custom_msgs -- -j8 -l8
[6.137s] Invoking command in '/home/neil/Tutorial/ros_toot/build/custom_msgs': CMAKE_PREFIX_PATH=${CMAKE_PREFIX_PATH}:/opt/ros/humble /usr/bin/cmake --install /home/neil/Tutorial/ros_toot/build/custom_msgs
[6.148s] -- Install configuration: ""
[6.148s] -- Installing: /home/neil/Tutorial/ros_toot/install/custom_msgs/share/ament_index/resource_index/rosidl_interfaces/custom_msgs
[6.148s] -- Installing: /home/neil/Tutorial/ros_toot/install/custom_msgs/include/custom_msgs/custom_msgs
[6.148s] -- Installing: /home/neil/Tutorial/ros_toot/install/custom_msgs/include/custom_msgs/custom_msgs/msg
[6.148s] -- Installing: /home/neil/Tutorial/ros_toot/install/custom_msgs/include/custom_msgs/custom_msgs/msg/detail
[6.149s] -- Installing: /home/neil/Tutorial/ros_toot/install/custom_msgs/include/custom_msgs/custom_msgs/msg/detail/string__type_support.h
[6.149s] -- Installing: /home/neil/Tutorial/ros_toot/install/custom_msgs/include/custom_msgs/custom_msgs/msg/detail/string__struct.h
[6.149s] -- Installing: /home/neil/Tutorial/ros_toot/install/custom_msgs/include/custom_msgs/custom_msgs/msg/detail/string__functions.c
[6.149s] -- Installing: /home/neil/Tutorial/ros_toot/install/custom_msgs/include/custom_msgs/custom_msgs/msg/detail/string__functions.h
[6.149s] -- Installing: /home/neil/Tutorial/ros_toot/install/custom_msgs/include/custom_msgs/custom_msgs/msg/rosidl_generator_c__visibility_control.h
[6.149s] -- Installing: /home/neil/Tutorial/ros_toot/install/custom_msgs/include/custom_msgs/custom_msgs/msg/string.h
[6.150s] -- Installing: /home/neil/Tutorial/ros_toot/install/custom_msgs/share/custom_msgs/environment/library_path.sh
[6.150s] -- Installing: /home/neil/Tutorial/ros_toot/install/custom_msgs/share/custom_msgs/environment/library_path.dsv
[6.150s] -- Installing: /home/neil/Tutorial/ros_toot/install/custom_msgs/lib/libcustom_msgs__rosidl_generator_c.so
[6.150s] -- Set runtime path of "/home/neil/Tutorial/ros_toot/install/custom_msgs/lib/libcustom_msgs__rosidl_generator_c.so" to ""
[6.151s] -- Up-to-date: /home/neil/Tutorial/ros_toot/install/custom_msgs/include/custom_msgs/custom_msgs
[6.151s] -- Up-to-date: /home/neil/Tutorial/ros_toot/install/custom_msgs/include/custom_msgs/custom_msgs/msg
[6.151s] -- Up-to-date: /home/neil/Tutorial/ros_toot/install/custom_msgs/include/custom_msgs/custom_msgs/msg/detail
[6.151s] -- Installing: /home/neil/Tutorial/ros_toot/install/custom_msgs/include/custom_msgs/custom_msgs/msg/detail/string__rosidl_typesupport_fastrtps_c.h
[6.151s] -- Installing: /home/neil/Tutorial/ros_toot/install/custom_msgs/include/custom_msgs/custom_msgs/msg/rosidl_typesupport_fastrtps_c__visibility_control.h
[6.151s] -- Installing: /home/neil/Tutorial/ros_toot/install/custom_msgs/lib/libcustom_msgs__rosidl_typesupport_fastrtps_c.so
[6.151s] -- Set runtime path of "/home/neil/Tutorial/ros_toot/install/custom_msgs/lib/libcustom_msgs__rosidl_typesupport_fastrtps_c.so" to ""
[6.152s] -- Up-to-date: /home/neil/Tutorial/ros_toot/install/custom_msgs/include/custom_msgs/custom_msgs
[6.152s] -- Up-to-date: /home/neil/Tutorial/ros_toot/install/custom_msgs/include/custom_msgs/custom_msgs/msg
[6.152s] -- Up-to-date: /home/neil/Tutorial/ros_toot/install/custom_msgs/include/custom_msgs/custom_msgs/msg/detail
[6.152s] -- Installing: /home/neil/Tutorial/ros_toot/install/custom_msgs/include/custom_msgs/custom_msgs/msg/detail/string__builder.hpp
[6.152s] -- Installing: /home/neil/Tutorial/ros_toot/install/custom_msgs/include/custom_msgs/custom_msgs/msg/detail/string__traits.hpp
[6.153s] -- Installing: /home/neil/Tutorial/ros_toot/install/custom_msgs/include/custom_msgs/custom_msgs/msg/detail/string__struct.hpp
[6.153s] -- Installing: /home/neil/Tutorial/ros_toot/install/custom_msgs/include/custom_msgs/custom_msgs/msg/string.hpp
[6.153s] -- Up-to-date: /home/neil/Tutorial/ros_toot/install/custom_msgs/include/custom_msgs/custom_msgs
[6.153s] -- Up-to-date: /home/neil/Tutorial/ros_toot/install/custom_msgs/include/custom_msgs/custom_msgs/msg
[6.153s] -- Up-to-date: /home/neil/Tutorial/ros_toot/install/custom_msgs/include/custom_msgs/custom_msgs/msg/detail
[6.153s] -- Installing: /home/neil/Tutorial/ros_toot/install/custom_msgs/include/custom_msgs/custom_msgs/msg/detail/dds_fastrtps
[6.153s] -- Installing: /home/neil/Tutorial/ros_toot/install/custom_msgs/include/custom_msgs/custom_msgs/msg/detail/string__rosidl_typesupport_fastrtps_cpp.hpp
[6.153s] -- Installing: /home/neil/Tutorial/ros_toot/install/custom_msgs/include/custom_msgs/custom_msgs/msg/rosidl_typesupport_fastrtps_cpp__visibility_control.h
[6.154s] -- Installing: /home/neil/Tutorial/ros_toot/install/custom_msgs/lib/libcustom_msgs__rosidl_typesupport_fastrtps_cpp.so
[6.154s] -- Set runtime path of "/home/neil/Tutorial/ros_toot/install/custom_msgs/lib/libcustom_msgs__rosidl_typesupport_fastrtps_cpp.so" to ""
[6.154s] -- Up-to-date: /home/neil/Tutorial/ros_toot/install/custom_msgs/include/custom_msgs/custom_msgs
[6.154s] -- Up-to-date: /home/neil/Tutorial/ros_toot/install/custom_msgs/include/custom_msgs/custom_msgs/msg
[6.154s] -- Up-to-date: /home/neil/Tutorial/ros_toot/install/custom_msgs/include/custom_msgs/custom_msgs/msg/detail
[6.154s] -- Installing: /home/neil/Tutorial/ros_toot/install/custom_msgs/include/custom_msgs/custom_msgs/msg/detail/string__rosidl_typesupport_introspection_c.h
[6.155s] -- Installing: /home/neil/Tutorial/ros_toot/install/custom_msgs/include/custom_msgs/custom_msgs/msg/detail/string__type_support.c
[6.155s] -- Installing: /home/neil/Tutorial/ros_toot/install/custom_msgs/include/custom_msgs/custom_msgs/msg/rosidl_typesupport_introspection_c__visibility_control.h
[6.155s] -- Installing: /home/neil/Tutorial/ros_toot/install/custom_msgs/lib/libcustom_msgs__rosidl_typesupport_introspection_c.so
[6.155s] -- Set runtime path of "/home/neil/Tutorial/ros_toot/install/custom_msgs/lib/libcustom_msgs__rosidl_typesupport_introspection_c.so" to ""
[6.155s] -- Installing: /home/neil/Tutorial/ros_toot/install/custom_msgs/lib/libcustom_msgs__rosidl_typesupport_c.so
[6.156s] -- Set runtime path of "/home/neil/Tutorial/ros_toot/install/custom_msgs/lib/libcustom_msgs__rosidl_typesupport_c.so" to ""
[6.156s] -- Up-to-date: /home/neil/Tutorial/ros_toot/install/custom_msgs/include/custom_msgs/custom_msgs
[6.156s] -- Up-to-date: /home/neil/Tutorial/ros_toot/install/custom_msgs/include/custom_msgs/custom_msgs/msg
[6.156s] -- Up-to-date: /home/neil/Tutorial/ros_toot/install/custom_msgs/include/custom_msgs/custom_msgs/msg/detail
[6.156s] -- Installing: /home/neil/Tutorial/ros_toot/install/custom_msgs/include/custom_msgs/custom_msgs/msg/detail/string__rosidl_typesupport_introspection_cpp.hpp
[6.156s] -- Installing: /home/neil/Tutorial/ros_toot/install/custom_msgs/include/custom_msgs/custom_msgs/msg/detail/string__type_support.cpp
[6.156s] -- Installing: /home/neil/Tutorial/ros_toot/install/custom_msgs/lib/libcustom_msgs__rosidl_typesupport_introspection_cpp.so
[6.157s] -- Set runtime path of "/home/neil/Tutorial/ros_toot/install/custom_msgs/lib/libcustom_msgs__rosidl_typesupport_introspection_cpp.so" to ""
[6.157s] -- Installing: /home/neil/Tutorial/ros_toot/install/custom_msgs/lib/libcustom_msgs__rosidl_typesupport_cpp.so
[6.157s] -- Set runtime path of "/home/neil/Tutorial/ros_toot/install/custom_msgs/lib/libcustom_msgs__rosidl_typesupport_cpp.so" to ""
[6.157s] -- Installing: /home/neil/Tutorial/ros_toot/install/custom_msgs/share/custom_msgs/environment/pythonpath.sh
[6.157s] -- Installing: /home/neil/Tutorial/ros_toot/install/custom_msgs/share/custom_msgs/environment/pythonpath.dsv
[6.158s] -- Installing: /home/neil/Tutorial/ros_toot/install/custom_msgs/local/lib/python3.10/dist-packages/custom_msgs-0.0.0-py3.10.egg-info
[6.158s] -- Installing: /home/neil/Tutorial/ros_toot/install/custom_msgs/local/lib/python3.10/dist-packages/custom_msgs-0.0.0-py3.10.egg-info/top_level.txt
[6.158s] -- Installing: /home/neil/Tutorial/ros_toot/install/custom_msgs/local/lib/python3.10/dist-packages/custom_msgs-0.0.0-py3.10.egg-info/PKG-INFO
[6.158s] -- Installing: /home/neil/Tutorial/ros_toot/install/custom_msgs/local/lib/python3.10/dist-packages/custom_msgs-0.0.0-py3.10.egg-info/SOURCES.txt
[6.158s] -- Installing: /home/neil/Tutorial/ros_toot/install/custom_msgs/local/lib/python3.10/dist-packages/custom_msgs-0.0.0-py3.10.egg-info/dependency_links.txt
[6.158s] -- Installing: /home/neil/Tutorial/ros_toot/install/custom_msgs/local/lib/python3.10/dist-packages/custom_msgs
[6.158s] -- Installing: /home/neil/Tutorial/ros_toot/install/custom_msgs/local/lib/python3.10/dist-packages/custom_msgs/__init__.py
[6.158s] -- Installing: /home/neil/Tutorial/ros_toot/install/custom_msgs/local/lib/python3.10/dist-packages/custom_msgs/_custom_msgs_s.ep.rosidl_typesupport_introspection_c.c
[6.158s] -- Installing: /home/neil/Tutorial/ros_toot/install/custom_msgs/local/lib/python3.10/dist-packages/custom_msgs/custom_msgs_s__rosidl_typesupport_c.cpython-310-x86_64-linux-gnu.so
[6.159s] -- Installing: /home/neil/Tutorial/ros_toot/install/custom_msgs/local/lib/python3.10/dist-packages/custom_msgs/custom_msgs_s__rosidl_typesupport_fastrtps_c.cpython-310-x86_64-linux-gnu.so
[6.159s] -- Installing: /home/neil/Tutorial/ros_toot/install/custom_msgs/local/lib/python3.10/dist-packages/custom_msgs/_custom_msgs_s.ep.rosidl_typesupport_fastrtps_c.c
[6.159s] -- Installing: /home/neil/Tutorial/ros_toot/install/custom_msgs/local/lib/python3.10/dist-packages/custom_msgs/libcustom_msgs__rosidl_generator_py.so
[6.159s] -- Installing: /home/neil/Tutorial/ros_toot/install/custom_msgs/local/lib/python3.10/dist-packages/custom_msgs/msg
[6.159s] -- Installing: /home/neil/Tutorial/ros_toot/install/custom_msgs/local/lib/python3.10/dist-packages/custom_msgs/msg/__init__.py
[6.159s] -- Installing: /home/neil/Tutorial/ros_toot/install/custom_msgs/local/lib/python3.10/dist-packages/custom_msgs/msg/_string_s.c
[6.159s] -- Installing: /home/neil/Tutorial/ros_toot/install/custom_msgs/local/lib/python3.10/dist-packages/custom_msgs/msg/_string.py
[6.159s] -- Installing: /home/neil/Tutorial/ros_toot/install/custom_msgs/local/lib/python3.10/dist-packages/custom_msgs/_custom_msgs_s.ep.rosidl_typesupport_c.c
[6.160s] -- Installing: /home/neil/Tutorial/ros_toot/install/custom_msgs/local/lib/python3.10/dist-packages/custom_msgs/custom_msgs_s__rosidl_typesupport_introspection_c.cpython-310-x86_64-linux-gnu.so
[6.201s] Listing '/home/neil/Tutorial/ros_toot/install/custom_msgs/local/lib/python3.10/dist-packages/custom_msgs'...
[6.202s] Compiling '/home/neil/Tutorial/ros_toot/install/custom_msgs/local/lib/python3.10/dist-packages/custom_msgs/__init__.py'...
[6.202s] Listing '/home/neil/Tutorial/ros_toot/install/custom_msgs/local/lib/python3.10/dist-packages/custom_msgs/msg'...
[6.202s] Compiling '/home/neil/Tutorial/ros_toot/install/custom_msgs/local/lib/python3.10/dist-packages/custom_msgs/msg/__init__.py'...
[6.202s] Compiling '/home/neil/Tutorial/ros_toot/install/custom_msgs/local/lib/python3.10/dist-packages/custom_msgs/msg/_string.py'...
[6.208s] -- Installing: /home/neil/Tutorial/ros_toot/install/custom_msgs/local/lib/python3.10/dist-packages/custom_msgs/custom_msgs_s__rosidl_typesupport_fastrtps_c.cpython-310-x86_64-linux-gnu.so
[6.208s] -- Set runtime path of "/home/neil/Tutorial/ros_toot/install/custom_msgs/local/lib/python3.10/dist-packages/custom_msgs/custom_msgs_s__rosidl_typesupport_fastrtps_c.cpython-310-x86_64-linux-gnu.so" to ""
[6.208s] -- Installing: /home/neil/Tutorial/ros_toot/install/custom_msgs/local/lib/python3.10/dist-packages/custom_msgs/custom_msgs_s__rosidl_typesupport_introspection_c.cpython-310-x86_64-linux-gnu.so
[6.208s] -- Set runtime path of "/home/neil/Tutorial/ros_toot/install/custom_msgs/local/lib/python3.10/dist-packages/custom_msgs/custom_msgs_s__rosidl_typesupport_introspection_c.cpython-310-x86_64-linux-gnu.so" to ""
[6.209s] -- Installing: /home/neil/Tutorial/ros_toot/install/custom_msgs/local/lib/python3.10/dist-packages/custom_msgs/custom_msgs_s__rosidl_typesupport_c.cpython-310-x86_64-linux-gnu.so
[6.209s] -- Set runtime path of "/home/neil/Tutorial/ros_toot/install/custom_msgs/local/lib/python3.10/dist-packages/custom_msgs/custom_msgs_s__rosidl_typesupport_c.cpython-310-x86_64-linux-gnu.so" to ""
[6.209s] -- Installing: /home/neil/Tutorial/ros_toot/install/custom_msgs/lib/libcustom_msgs__rosidl_generator_py.so
[6.209s] -- Set runtime path of "/home/neil/Tutorial/ros_toot/install/custom_msgs/lib/libcustom_msgs__rosidl_generator_py.so" to ""
[6.209s] -- Installing: /home/neil/Tutorial/ros_toot/install/custom_msgs/share/custom_msgs/msg/String.idl
[6.210s] -- Installing: /home/neil/Tutorial/ros_toot/install/custom_msgs/share/custom_msgs/msg/String.msg
[6.210s] -- Installing: /home/neil/Tutorial/ros_toot/install/custom_msgs/share/ament_index/resource_index/package_run_dependencies/custom_msgs
[6.210s] -- Installing: /home/neil/Tutorial/ros_toot/install/custom_msgs/share/ament_index/resource_index/parent_prefix_path/custom_msgs
[6.210s] -- Installing: /home/neil/Tutorial/ros_toot/install/custom_msgs/share/custom_msgs/environment/ament_prefix_path.sh
[6.210s] -- Installing: /home/neil/Tutorial/ros_toot/install/custom_msgs/share/custom_msgs/environment/ament_prefix_path.dsv
[6.210s] -- Installing: /home/neil/Tutorial/ros_toot/install/custom_msgs/share/custom_msgs/environment/path.sh
[6.210s] -- Installing: /home/neil/Tutorial/ros_toot/install/custom_msgs/share/custom_msgs/environment/path.dsv
[6.210s] -- Installing: /home/neil/Tutorial/ros_toot/install/custom_msgs/share/custom_msgs/local_setup.bash
[6.211s] -- Installing: /home/neil/Tutorial/ros_toot/install/custom_msgs/share/custom_msgs/local_setup.sh
[6.211s] -- Installing: /home/neil/Tutorial/ros_toot/install/custom_msgs/share/custom_msgs/local_setup.zsh
[6.211s] -- Installing: /home/neil/Tutorial/ros_toot/install/custom_msgs/share/custom_msgs/local_setup.dsv
[6.211s] -- Installing: /home/neil/Tutorial/ros_toot/install/custom_msgs/share/custom_msgs/package.dsv
[6.211s] -- Installing: /home/neil/Tutorial/ros_toot/install/custom_msgs/share/ament_index/resource_index/packages/custom_msgs
[6.211s] -- Installing: /home/neil/Tutorial/ros_toot/install/custom_msgs/share/custom_msgs/cmake/export_custom_msgs__rosidl_generator_cExport.cmake
[6.211s] -- Installing: /home/neil/Tutorial/ros_toot/install/custom_msgs/share/custom_msgs/cmake/export_custom_msgs__rosidl_generator_cExport-noconfig.cmake
[6.211s] -- Installing: /home/neil/Tutorial/ros_toot/install/custom_msgs/share/custom_msgs/cmake/export_custom_msgs__rosidl_typesupport_fastrtps_cExport.cmake
[6.212s] -- Installing: /home/neil/Tutorial/ros_toot/install/custom_msgs/share/custom_msgs/cmake/export_custom_msgs__rosidl_typesupport_fastrtps_cExport-noconfig.cmake
[6.212s] -- Installing: /home/neil/Tutorial/ros_toot/install/custom_msgs/share/custom_msgs/cmake/export_custom_msgs__rosidl_generator_cppExport.cmake
[6.212s] -- Installing: /home/neil/Tutorial/ros_toot/install/custom_msgs/share/custom_msgs/cmake/export_custom_msgs__rosidl_typesupport_fastrtps_cppExport.cmake
[6.212s] -- Installing: /home/neil/Tutorial/ros_toot/install/custom_msgs/share/custom_msgs/cmake/export_custom_msgs__rosidl_typesupport_fastrtps_cppExport-noconfig.cmake
[6.212s] -- Installing: /home/neil/Tutorial/ros_toot/install/custom_msgs/share/custom_msgs/cmake/custom_msgs__rosidl_typesupport_introspection_cExport.cmake
[6.212s] -- Installing: /home/neil/Tutorial/ros_toot/install/custom_msgs/share/custom_msgs/cmake/custom_msgs__rosidl_typesupport_introspection_cExport-noconfig.cmake
[6.212s] -- Installing: /home/neil/Tutorial/ros_toot/install/custom_msgs/share/custom_msgs/cmake/custom_msgs__rosidl_typesupport_cExport.cmake
[6.212s] -- Installing: /home/neil/Tutorial/ros_toot/install/custom_msgs/share/custom_msgs/cmake/custom_msgs__rosidl_typesupport_cExport-noconfig.cmake
[6.213s] -- Installing: /home/neil/Tutorial/ros_toot/install/custom_msgs/share/custom_msgs/cmake/custom_msgs__rosidl_typesupport_introspection_cppExport.cmake
[6.213s] -- Installing: /home/neil/Tutorial/ros_toot/install/custom_msgs/share/custom_msgs/cmake/custom_msgs__rosidl_typesupport_introspection_cppExport-noconfig.cmake
[6.213s] -- Installing: /home/neil/Tutorial/ros_toot/install/custom_msgs/share/custom_msgs/cmake/custom_msgs__rosidl_typesupport_cppExport.cmake
[6.213s] -- Installing: /home/neil/Tutorial/ros_toot/install/custom_msgs/share/custom_msgs/cmake/custom_msgs__rosidl_typesupport_cppExport-noconfig.cmake
[6.213s] -- Installing: /home/neil/Tutorial/ros_toot/install/custom_msgs/share/custom_msgs/cmake/export_custom_msgs__rosidl_generator_pyExport.cmake
[6.213s] -- Installing: /home/neil/Tutorial/ros_toot/install/custom_msgs/share/custom_msgs/cmake/export_custom_msgs__rosidl_generator_pyExport-noconfig.cmake
[6.213s] -- Installing: /home/neil/Tutorial/ros_toot/install/custom_msgs/share/custom_msgs/cmake/rosidl_cmake-extras.cmake
[6.213s] -- Installing: /home/neil/Tutorial/ros_toot/install/custom_msgs/share/custom_msgs/cmake/ament_cmake_export_dependencies-extras.cmake
[6.213s] -- Installing: /home/neil/Tutorial/ros_toot/install/custom_msgs/share/custom_msgs/cmake/ament_cmake_export_include_directories-extras.cmake
[6.213s] -- Installing: /home/neil/Tutorial/ros_toot/install/custom_msgs/share/custom_msgs/cmake/ament_cmake_export_libraries-extras.cmake
[6.214s] -- Installing: /home/neil/Tutorial/ros_toot/install/custom_msgs/share/custom_msgs/cmake/ament_cmake_export_targets-extras.cmake
[6.214s] -- Installing: /home/neil/Tutorial/ros_toot/install/custom_msgs/share/custom_msgs/cmake/rosidl_cmake_export_typesupport_targets-extras.cmake
[6.214s] -- Installing: /home/neil/Tutorial/ros_toot/install/custom_msgs/share/custom_msgs/cmake/rosidl_cmake_export_typesupport_libraries-extras.cmake
[6.214s] -- Installing: /home/neil/Tutorial/ros_toot/install/custom_msgs/share/custom_msgs/cmake/custom_msgsConfig.cmake
[6.214s] -- Installing: /home/neil/Tutorial/ros_toot/install/custom_msgs/share/custom_msgs/cmake/custom_msgsConfig-version.cmake
[6.214s] -- Installing: /home/neil/Tutorial/ros_toot/install/custom_msgs/share/custom_msgs/package.xml
[6.220s] Invoked command in '/home/neil/Tutorial/ros_toot/build/custom_msgs' returned '0': CMAKE_PREFIX_PATH=${CMAKE_PREFIX_PATH}:/opt/ros/humble /usr/bin/cmake --install /home/neil/Tutorial/ros_toot/build/custom_msgs
