[0.455s] DEBUG:colcon:Command line arguments: ['/usr/bin/colcon', 'build']
[0.455s] DEBUG:colcon:Parsed command line arguments: Namespace(log_base=None, log_level=None, verb_name='build', build_base='build', install_base='install', merge_install=False, symlink_install=False, test_result_base=None, continue_on_error=False, executor='parallel', parallel_workers=8, event_handlers=None, ignore_user_meta=False, metas=['./colcon.meta'], base_paths=['.'], packages_ignore=None, packages_ignore_regex=None, paths=None, packages_up_to=None, packages_up_to_regex=None, packages_above=None, packages_above_and_dependencies=None, packages_above_depth=None, packages_select_by_dep=None, packages_skip_by_dep=None, packages_skip_up_to=None, packages_select_build_failed=False, packages_skip_build_finished=False, packages_select_test_failures=False, packages_skip_test_passed=False, packages_select=None, packages_skip=None, packages_select_regex=None, packages_skip_regex=None, packages_start=None, packages_end=None, allow_overriding=[], cmake_args=None, cmake_target=None, cmake_target_skip_unavailable=False, cmake_clean_cache=False, cmake_clean_first=False, cmake_force_configure=False, ament_cmake_args=None, catkin_cmake_args=None, catkin_skip_building_tests=False, verb_parser=<colcon_defaults.argument_parser.defaults.DefaultArgumentsDecorator object at 0x7fb041003d00>, verb_extension=<colcon_core.verb.build.BuildVerb object at 0x7fb04118af80>, main=<bound method BuildVerb.main of <colcon_core.verb.build.BuildVerb object at 0x7fb04118af80>>)
[0.513s] Level 1:colcon.colcon_core.package_discovery:discover_packages(colcon_meta) check parameters
[0.513s] Level 1:colcon.colcon_core.package_discovery:discover_packages(recursive) check parameters
[0.513s] Level 1:colcon.colcon_core.package_discovery:discover_packages(ignore) check parameters
[0.513s] Level 1:colcon.colcon_core.package_discovery:discover_packages(path) check parameters
[0.513s] Level 1:colcon.colcon_core.package_discovery:discover_packages(colcon_meta) discover
[0.513s] Level 1:colcon.colcon_core.package_discovery:discover_packages(recursive) discover
[0.513s] INFO:colcon.colcon_core.package_discovery:Crawling recursively for packages in '/home/neil/Tutorial/ros_toot'
[0.513s] Level 1:colcon.colcon_core.package_identification:_identify(.) by extensions ['ignore', 'ignore_ament_install']
[0.513s] Level 1:colcon.colcon_core.package_identification:_identify(.) by extension 'ignore'
[0.513s] Level 1:colcon.colcon_core.package_identification:_identify(.) by extension 'ignore_ament_install'
[0.514s] Level 1:colcon.colcon_core.package_identification:_identify(.) by extensions ['colcon_pkg']
[0.514s] Level 1:colcon.colcon_core.package_identification:_identify(.) by extension 'colcon_pkg'
[0.514s] Level 1:colcon.colcon_core.package_identification:_identify(.) by extensions ['colcon_meta']
[0.514s] Level 1:colcon.colcon_core.package_identification:_identify(.) by extension 'colcon_meta'
[0.514s] Level 1:colcon.colcon_core.package_identification:_identify(.) by extensions ['ros']
[0.514s] Level 1:colcon.colcon_core.package_identification:_identify(.) by extension 'ros'
[0.531s] Level 1:colcon.colcon_core.package_identification:_identify(.) by extensions ['cmake', 'python']
[0.531s] Level 1:colcon.colcon_core.package_identification:_identify(.) by extension 'cmake'
[0.531s] Level 1:colcon.colcon_core.package_identification:_identify(.) by extension 'python'
[0.531s] Level 1:colcon.colcon_core.package_identification:_identify(.) by extensions ['python_setup_py']
[0.531s] Level 1:colcon.colcon_core.package_identification:_identify(.) by extension 'python_setup_py'
[0.531s] Level 1:colcon.colcon_core.package_identification:_identify(build) by extensions ['ignore', 'ignore_ament_install']
[0.531s] Level 1:colcon.colcon_core.package_identification:_identify(build) by extension 'ignore'
[0.531s] Level 1:colcon.colcon_core.package_identification:_identify(build) ignored
[0.531s] Level 1:colcon.colcon_core.package_identification:_identify(install) by extensions ['ignore', 'ignore_ament_install']
[0.532s] Level 1:colcon.colcon_core.package_identification:_identify(install) by extension 'ignore'
[0.532s] Level 1:colcon.colcon_core.package_identification:_identify(install) ignored
[0.532s] Level 1:colcon.colcon_core.package_identification:_identify(log) by extensions ['ignore', 'ignore_ament_install']
[0.532s] Level 1:colcon.colcon_core.package_identification:_identify(log) by extension 'ignore'
[0.532s] Level 1:colcon.colcon_core.package_identification:_identify(log) ignored
[0.532s] Level 1:colcon.colcon_core.package_identification:_identify(src) by extensions ['ignore', 'ignore_ament_install']
[0.532s] Level 1:colcon.colcon_core.package_identification:_identify(src) by extension 'ignore'
[0.532s] Level 1:colcon.colcon_core.package_identification:_identify(src) by extension 'ignore_ament_install'
[0.532s] Level 1:colcon.colcon_core.package_identification:_identify(src) by extensions ['colcon_pkg']
[0.532s] Level 1:colcon.colcon_core.package_identification:_identify(src) by extension 'colcon_pkg'
[0.532s] Level 1:colcon.colcon_core.package_identification:_identify(src) by extensions ['colcon_meta']
[0.532s] Level 1:colcon.colcon_core.package_identification:_identify(src) by extension 'colcon_meta'
[0.532s] Level 1:colcon.colcon_core.package_identification:_identify(src) by extensions ['ros']
[0.532s] Level 1:colcon.colcon_core.package_identification:_identify(src) by extension 'ros'
[0.532s] Level 1:colcon.colcon_core.package_identification:_identify(src) by extensions ['cmake', 'python']
[0.533s] Level 1:colcon.colcon_core.package_identification:_identify(src) by extension 'cmake'
[0.533s] Level 1:colcon.colcon_core.package_identification:_identify(src) by extension 'python'
[0.533s] Level 1:colcon.colcon_core.package_identification:_identify(src) by extensions ['python_setup_py']
[0.533s] Level 1:colcon.colcon_core.package_identification:_identify(src) by extension 'python_setup_py'
[0.533s] Level 1:colcon.colcon_core.package_identification:_identify(src/basic_pub) by extensions ['ignore', 'ignore_ament_install']
[0.533s] Level 1:colcon.colcon_core.package_identification:_identify(src/basic_pub) by extension 'ignore'
[0.533s] Level 1:colcon.colcon_core.package_identification:_identify(src/basic_pub) by extension 'ignore_ament_install'
[0.533s] Level 1:colcon.colcon_core.package_identification:_identify(src/basic_pub) by extensions ['colcon_pkg']
[0.533s] Level 1:colcon.colcon_core.package_identification:_identify(src/basic_pub) by extension 'colcon_pkg'
[0.533s] Level 1:colcon.colcon_core.package_identification:_identify(src/basic_pub) by extensions ['colcon_meta']
[0.533s] Level 1:colcon.colcon_core.package_identification:_identify(src/basic_pub) by extension 'colcon_meta'
[0.533s] Level 1:colcon.colcon_core.package_identification:_identify(src/basic_pub) by extensions ['ros']
[0.533s] Level 1:colcon.colcon_core.package_identification:_identify(src/basic_pub) by extension 'ros'
[0.536s] DEBUG:colcon.colcon_core.package_identification:Package 'src/basic_pub' with type 'ros.ament_cmake' and name 'basic_pub'
[0.536s] Level 1:colcon.colcon_core.package_identification:_identify(src/basic_sub) by extensions ['ignore', 'ignore_ament_install']
[0.536s] Level 1:colcon.colcon_core.package_identification:_identify(src/basic_sub) by extension 'ignore'
[0.537s] Level 1:colcon.colcon_core.package_identification:_identify(src/basic_sub) by extension 'ignore_ament_install'
[0.537s] Level 1:colcon.colcon_core.package_identification:_identify(src/basic_sub) by extensions ['colcon_pkg']
[0.537s] Level 1:colcon.colcon_core.package_identification:_identify(src/basic_sub) by extension 'colcon_pkg'
[0.537s] Level 1:colcon.colcon_core.package_identification:_identify(src/basic_sub) by extensions ['colcon_meta']
[0.537s] Level 1:colcon.colcon_core.package_identification:_identify(src/basic_sub) by extension 'colcon_meta'
[0.537s] Level 1:colcon.colcon_core.package_identification:_identify(src/basic_sub) by extensions ['ros']
[0.537s] Level 1:colcon.colcon_core.package_identification:_identify(src/basic_sub) by extension 'ros'
[0.537s] DEBUG:colcon.colcon_core.package_identification:Package 'src/basic_sub' with type 'ros.ament_cmake' and name 'basic_sub'
[0.538s] Level 1:colcon.colcon_core.package_identification:_identify(src/custom_msgs) by extensions ['ignore', 'ignore_ament_install']
[0.538s] Level 1:colcon.colcon_core.package_identification:_identify(src/custom_msgs) by extension 'ignore'
[0.538s] Level 1:colcon.colcon_core.package_identification:_identify(src/custom_msgs) by extension 'ignore_ament_install'
[0.538s] Level 1:colcon.colcon_core.package_identification:_identify(src/custom_msgs) by extensions ['colcon_pkg']
[0.538s] Level 1:colcon.colcon_core.package_identification:_identify(src/custom_msgs) by extension 'colcon_pkg'
[0.538s] Level 1:colcon.colcon_core.package_identification:_identify(src/custom_msgs) by extensions ['colcon_meta']
[0.538s] Level 1:colcon.colcon_core.package_identification:_identify(src/custom_msgs) by extension 'colcon_meta'
[0.538s] Level 1:colcon.colcon_core.package_identification:_identify(src/custom_msgs) by extensions ['ros']
[0.538s] Level 1:colcon.colcon_core.package_identification:_identify(src/custom_msgs) by extension 'ros'
[0.539s] DEBUG:colcon.colcon_core.package_identification:Package 'src/custom_msgs' with type 'ros.ament_cmake' and name 'custom_msgs'
[0.539s] Level 1:colcon.colcon_core.package_discovery:discover_packages(recursive) using defaults
[0.539s] Level 1:colcon.colcon_core.package_discovery:discover_packages(ignore) discover
[0.539s] Level 1:colcon.colcon_core.package_discovery:discover_packages(ignore) using defaults
[0.539s] Level 1:colcon.colcon_core.package_discovery:discover_packages(path) discover
[0.539s] Level 1:colcon.colcon_core.package_discovery:discover_packages(path) using defaults
[0.566s] Level 1:colcon.colcon_core.package_discovery:discover_packages(prefix_path) check parameters
[0.566s] Level 1:colcon.colcon_core.package_discovery:discover_packages(prefix_path) discover
[0.570s] DEBUG:colcon.colcon_installed_package_information.package_discovery:Found 3 installed packages in /home/neil/Tutorial/ros_toot/install
[0.571s] DEBUG:colcon.colcon_installed_package_information.package_discovery:Found 4 installed packages in /home/neil/Tutorial/ros_tutorial/install
[0.574s] DEBUG:colcon.colcon_installed_package_information.package_discovery:Found 283 installed packages in /opt/ros/humble
[0.576s] Level 1:colcon.colcon_core.package_discovery:discover_packages(prefix_path) using defaults
[0.649s] Level 5:colcon.colcon_core.verb:set package 'basic_pub' build argument 'cmake_args' from command line to 'None'
[0.649s] Level 5:colcon.colcon_core.verb:set package 'basic_pub' build argument 'cmake_target' from command line to 'None'
[0.649s] Level 5:colcon.colcon_core.verb:set package 'basic_pub' build argument 'cmake_target_skip_unavailable' from command line to 'False'
[0.649s] Level 5:colcon.colcon_core.verb:set package 'basic_pub' build argument 'cmake_clean_cache' from command line to 'False'
[0.649s] Level 5:colcon.colcon_core.verb:set package 'basic_pub' build argument 'cmake_clean_first' from command line to 'False'
[0.649s] Level 5:colcon.colcon_core.verb:set package 'basic_pub' build argument 'cmake_force_configure' from command line to 'False'
[0.649s] Level 5:colcon.colcon_core.verb:set package 'basic_pub' build argument 'ament_cmake_args' from command line to 'None'
[0.649s] Level 5:colcon.colcon_core.verb:set package 'basic_pub' build argument 'catkin_cmake_args' from command line to 'None'
[0.649s] Level 5:colcon.colcon_core.verb:set package 'basic_pub' build argument 'catkin_skip_building_tests' from command line to 'False'
[0.649s] DEBUG:colcon.colcon_core.verb:Building package 'basic_pub' with the following arguments: {'ament_cmake_args': None, 'build_base': '/home/neil/Tutorial/ros_toot/build/basic_pub', 'catkin_cmake_args': None, 'catkin_skip_building_tests': False, 'cmake_args': None, 'cmake_clean_cache': False, 'cmake_clean_first': False, 'cmake_force_configure': False, 'cmake_target': None, 'cmake_target_skip_unavailable': False, 'install_base': '/home/neil/Tutorial/ros_toot/install/basic_pub', 'merge_install': False, 'path': '/home/neil/Tutorial/ros_toot/src/basic_pub', 'symlink_install': False, 'test_result_base': None}
[0.650s] Level 5:colcon.colcon_core.verb:set package 'basic_sub' build argument 'cmake_args' from command line to 'None'
[0.650s] Level 5:colcon.colcon_core.verb:set package 'basic_sub' build argument 'cmake_target' from command line to 'None'
[0.650s] Level 5:colcon.colcon_core.verb:set package 'basic_sub' build argument 'cmake_target_skip_unavailable' from command line to 'False'
[0.650s] Level 5:colcon.colcon_core.verb:set package 'basic_sub' build argument 'cmake_clean_cache' from command line to 'False'
[0.650s] Level 5:colcon.colcon_core.verb:set package 'basic_sub' build argument 'cmake_clean_first' from command line to 'False'
[0.650s] Level 5:colcon.colcon_core.verb:set package 'basic_sub' build argument 'cmake_force_configure' from command line to 'False'
[0.650s] Level 5:colcon.colcon_core.verb:set package 'basic_sub' build argument 'ament_cmake_args' from command line to 'None'
[0.650s] Level 5:colcon.colcon_core.verb:set package 'basic_sub' build argument 'catkin_cmake_args' from command line to 'None'
[0.651s] Level 5:colcon.colcon_core.verb:set package 'basic_sub' build argument 'catkin_skip_building_tests' from command line to 'False'
[0.651s] DEBUG:colcon.colcon_core.verb:Building package 'basic_sub' with the following arguments: {'ament_cmake_args': None, 'build_base': '/home/neil/Tutorial/ros_toot/build/basic_sub', 'catkin_cmake_args': None, 'catkin_skip_building_tests': False, 'cmake_args': None, 'cmake_clean_cache': False, 'cmake_clean_first': False, 'cmake_force_configure': False, 'cmake_target': None, 'cmake_target_skip_unavailable': False, 'install_base': '/home/neil/Tutorial/ros_toot/install/basic_sub', 'merge_install': False, 'path': '/home/neil/Tutorial/ros_toot/src/basic_sub', 'symlink_install': False, 'test_result_base': None}
[0.652s] Level 5:colcon.colcon_core.verb:set package 'custom_msgs' build argument 'cmake_args' from command line to 'None'
[0.652s] Level 5:colcon.colcon_core.verb:set package 'custom_msgs' build argument 'cmake_target' from command line to 'None'
[0.652s] Level 5:colcon.colcon_core.verb:set package 'custom_msgs' build argument 'cmake_target_skip_unavailable' from command line to 'False'
[0.652s] Level 5:colcon.colcon_core.verb:set package 'custom_msgs' build argument 'cmake_clean_cache' from command line to 'False'
[0.652s] Level 5:colcon.colcon_core.verb:set package 'custom_msgs' build argument 'cmake_clean_first' from command line to 'False'
[0.652s] Level 5:colcon.colcon_core.verb:set package 'custom_msgs' build argument 'cmake_force_configure' from command line to 'False'
[0.652s] Level 5:colcon.colcon_core.verb:set package 'custom_msgs' build argument 'ament_cmake_args' from command line to 'None'
[0.652s] Level 5:colcon.colcon_core.verb:set package 'custom_msgs' build argument 'catkin_cmake_args' from command line to 'None'
[0.652s] Level 5:colcon.colcon_core.verb:set package 'custom_msgs' build argument 'catkin_skip_building_tests' from command line to 'False'
[0.652s] DEBUG:colcon.colcon_core.verb:Building package 'custom_msgs' with the following arguments: {'ament_cmake_args': None, 'build_base': '/home/neil/Tutorial/ros_toot/build/custom_msgs', 'catkin_cmake_args': None, 'catkin_skip_building_tests': False, 'cmake_args': None, 'cmake_clean_cache': False, 'cmake_clean_first': False, 'cmake_force_configure': False, 'cmake_target': None, 'cmake_target_skip_unavailable': False, 'install_base': '/home/neil/Tutorial/ros_toot/install/custom_msgs', 'merge_install': False, 'path': '/home/neil/Tutorial/ros_toot/src/custom_msgs', 'symlink_install': False, 'test_result_base': None}
[0.653s] INFO:colcon.colcon_core.executor:Executing jobs using 'parallel' executor
[0.657s] DEBUG:colcon.colcon_parallel_executor.executor.parallel:run_until_complete
[0.657s] INFO:colcon.colcon_ros.task.ament_cmake.build:Building ROS package in '/home/neil/Tutorial/ros_toot/src/basic_pub' with build type 'ament_cmake'
[0.657s] INFO:colcon.colcon_cmake.task.cmake.build:Building CMake package in '/home/neil/Tutorial/ros_toot/src/basic_pub'
[0.662s] INFO:colcon.colcon_core.plugin_system:Skipping extension 'colcon_core.shell.bat': Not used on non-Windows systems
[0.663s] INFO:colcon.colcon_core.shell:Skip shell extension 'powershell' for command environment: Not usable outside of PowerShell
[0.663s] DEBUG:colcon.colcon_core.shell:Skip shell extension 'dsv' for command environment
[0.669s] INFO:colcon.colcon_ros.task.ament_cmake.build:Building ROS package in '/home/neil/Tutorial/ros_toot/src/basic_sub' with build type 'ament_cmake'
[0.669s] INFO:colcon.colcon_cmake.task.cmake.build:Building CMake package in '/home/neil/Tutorial/ros_toot/src/basic_sub'
[0.671s] INFO:colcon.colcon_core.shell:Skip shell extension 'powershell' for command environment: Not usable outside of PowerShell
[0.671s] DEBUG:colcon.colcon_core.shell:Skip shell extension 'dsv' for command environment
[0.678s] INFO:colcon.colcon_ros.task.ament_cmake.build:Building ROS package in '/home/neil/Tutorial/ros_toot/src/custom_msgs' with build type 'ament_cmake'
[0.678s] INFO:colcon.colcon_cmake.task.cmake.build:Building CMake package in '/home/neil/Tutorial/ros_toot/src/custom_msgs'
[0.680s] INFO:colcon.colcon_core.shell:Skip shell extension 'powershell' for command environment: Not usable outside of PowerShell
[0.680s] DEBUG:colcon.colcon_core.shell:Skip shell extension 'dsv' for command environment
[0.692s] DEBUG:colcon.colcon_core.event_handler.log_command:Invoking command in '/home/neil/Tutorial/ros_toot/build/basic_pub': CMAKE_PREFIX_PATH=${CMAKE_PREFIX_PATH}:/opt/ros/humble /usr/bin/cmake --build /home/neil/Tutorial/ros_toot/build/basic_pub -- -j8 -l8
[0.697s] DEBUG:colcon.colcon_core.event_handler.log_command:Invoking command in '/home/neil/Tutorial/ros_toot/build/basic_sub': CMAKE_PREFIX_PATH=${CMAKE_PREFIX_PATH}:/opt/ros/humble /usr/bin/cmake --build /home/neil/Tutorial/ros_toot/build/basic_sub -- -j8 -l8
[0.704s] DEBUG:colcon.colcon_core.event_handler.log_command:Invoking command in '/home/neil/Tutorial/ros_toot/build/custom_msgs': CMAKE_PREFIX_PATH=${CMAKE_PREFIX_PATH}:/opt/ros/humble /usr/bin/cmake --build /home/neil/Tutorial/ros_toot/build/custom_msgs -- -j8 -l8
[1.687s] DEBUG:colcon.colcon_core.event_handler.log_command:Invoked command in '/home/neil/Tutorial/ros_toot/build/custom_msgs' returned '0': CMAKE_PREFIX_PATH=${CMAKE_PREFIX_PATH}:/opt/ros/humble /usr/bin/cmake --build /home/neil/Tutorial/ros_toot/build/custom_msgs -- -j8 -l8
[1.720s] DEBUG:colcon.colcon_core.event_handler.log_command:Invoked command in '/home/neil/Tutorial/ros_toot/build/basic_sub' returned '0': CMAKE_PREFIX_PATH=${CMAKE_PREFIX_PATH}:/opt/ros/humble /usr/bin/cmake --build /home/neil/Tutorial/ros_toot/build/basic_sub -- -j8 -l8
[1.725s] DEBUG:colcon.colcon_core.event_handler.log_command:Invoked command in '/home/neil/Tutorial/ros_toot/build/basic_pub' returned '0': CMAKE_PREFIX_PATH=${CMAKE_PREFIX_PATH}:/opt/ros/humble /usr/bin/cmake --build /home/neil/Tutorial/ros_toot/build/basic_pub -- -j8 -l8
[1.763s] DEBUG:colcon.colcon_core.event_handler.log_command:Invoking command in '/home/neil/Tutorial/ros_toot/build/basic_sub': CMAKE_PREFIX_PATH=${CMAKE_PREFIX_PATH}:/opt/ros/humble /usr/bin/cmake --install /home/neil/Tutorial/ros_toot/build/basic_sub
[1.767s] DEBUG:colcon.colcon_core.event_handler.log_command:Invoking command in '/home/neil/Tutorial/ros_toot/build/basic_pub': CMAKE_PREFIX_PATH=${CMAKE_PREFIX_PATH}:/opt/ros/humble /usr/bin/cmake --install /home/neil/Tutorial/ros_toot/build/basic_pub
[1.769s] DEBUG:colcon.colcon_core.event_handler.log_command:Invoking command in '/home/neil/Tutorial/ros_toot/build/custom_msgs': CMAKE_PREFIX_PATH=${CMAKE_PREFIX_PATH}:/opt/ros/humble /usr/bin/cmake --install /home/neil/Tutorial/ros_toot/build/custom_msgs
[1.838s] Level 1:colcon.colcon_core.environment:create_environment_scripts_only(basic_sub)
[1.840s] DEBUG:colcon.colcon_core.event_handler.log_command:Invoked command in '/home/neil/Tutorial/ros_toot/build/basic_sub' returned '0': CMAKE_PREFIX_PATH=${CMAKE_PREFIX_PATH}:/opt/ros/humble /usr/bin/cmake --install /home/neil/Tutorial/ros_toot/build/basic_sub
[1.848s] Level 1:colcon.colcon_core.environment:checking '/home/neil/Tutorial/ros_toot/install/basic_sub' for CMake module files
[1.848s] Level 1:colcon.colcon_core.environment:checking '/home/neil/Tutorial/ros_toot/install/basic_sub' for CMake config files
[1.849s] Level 1:colcon.colcon_core.shell:create_environment_hook('basic_sub', 'cmake_prefix_path')
[1.851s] INFO:colcon.colcon_core.shell:Creating environment hook '/home/neil/Tutorial/ros_toot/install/basic_sub/share/basic_sub/hook/cmake_prefix_path.ps1'
[1.852s] INFO:colcon.colcon_core.shell:Creating environment descriptor '/home/neil/Tutorial/ros_toot/install/basic_sub/share/basic_sub/hook/cmake_prefix_path.dsv'
[1.852s] INFO:colcon.colcon_core.shell:Creating environment hook '/home/neil/Tutorial/ros_toot/install/basic_sub/share/basic_sub/hook/cmake_prefix_path.sh'
[1.854s] Level 1:colcon.colcon_core.environment:checking '/home/neil/Tutorial/ros_toot/install/basic_sub/lib'
[1.854s] Level 1:colcon.colcon_core.environment:checking '/home/neil/Tutorial/ros_toot/install/basic_sub/bin'
[1.854s] Level 1:colcon.colcon_core.environment:checking '/home/neil/Tutorial/ros_toot/install/basic_sub/lib/pkgconfig/basic_sub.pc'
[1.855s] Level 1:colcon.colcon_core.environment:checking '/home/neil/Tutorial/ros_toot/install/basic_sub/lib/python3.10/site-packages'
[1.855s] Level 1:colcon.colcon_core.environment:checking '/home/neil/Tutorial/ros_toot/install/basic_sub/bin'
[1.857s] INFO:colcon.colcon_core.shell:Creating package script '/home/neil/Tutorial/ros_toot/install/basic_sub/share/basic_sub/package.ps1'
[1.859s] INFO:colcon.colcon_core.shell:Creating package descriptor '/home/neil/Tutorial/ros_toot/install/basic_sub/share/basic_sub/package.dsv'
[1.860s] INFO:colcon.colcon_core.shell:Creating package script '/home/neil/Tutorial/ros_toot/install/basic_sub/share/basic_sub/package.sh'
[1.862s] INFO:colcon.colcon_core.shell:Creating package script '/home/neil/Tutorial/ros_toot/install/basic_sub/share/basic_sub/package.bash'
[1.864s] INFO:colcon.colcon_core.shell:Creating package script '/home/neil/Tutorial/ros_toot/install/basic_sub/share/basic_sub/package.zsh'
[1.866s] Level 1:colcon.colcon_core.environment:create_file_with_runtime_dependencies(/home/neil/Tutorial/ros_toot/install/basic_sub/share/colcon-core/packages/basic_sub)
[1.871s] Level 1:colcon.colcon_core.environment:create_environment_scripts_only(basic_pub)
[1.875s] Level 1:colcon.colcon_core.environment:checking '/home/neil/Tutorial/ros_toot/install/basic_pub' for CMake module files
[1.877s] Level 1:colcon.colcon_core.environment:checking '/home/neil/Tutorial/ros_toot/install/basic_pub' for CMake config files
[1.881s] DEBUG:colcon.colcon_core.event_handler.log_command:Invoked command in '/home/neil/Tutorial/ros_toot/build/basic_pub' returned '0': CMAKE_PREFIX_PATH=${CMAKE_PREFIX_PATH}:/opt/ros/humble /usr/bin/cmake --install /home/neil/Tutorial/ros_toot/build/basic_pub
[1.882s] Level 1:colcon.colcon_core.shell:create_environment_hook('basic_pub', 'cmake_prefix_path')
[1.885s] INFO:colcon.colcon_core.shell:Creating environment hook '/home/neil/Tutorial/ros_toot/install/basic_pub/share/basic_pub/hook/cmake_prefix_path.ps1'
[1.886s] INFO:colcon.colcon_core.shell:Creating environment descriptor '/home/neil/Tutorial/ros_toot/install/basic_pub/share/basic_pub/hook/cmake_prefix_path.dsv'
[1.886s] INFO:colcon.colcon_core.shell:Creating environment hook '/home/neil/Tutorial/ros_toot/install/basic_pub/share/basic_pub/hook/cmake_prefix_path.sh'
[1.887s] Level 1:colcon.colcon_core.environment:checking '/home/neil/Tutorial/ros_toot/install/basic_pub/lib'
[1.887s] Level 1:colcon.colcon_core.environment:checking '/home/neil/Tutorial/ros_toot/install/basic_pub/bin'
[1.888s] Level 1:colcon.colcon_core.environment:checking '/home/neil/Tutorial/ros_toot/install/basic_pub/lib/pkgconfig/basic_pub.pc'
[1.888s] Level 1:colcon.colcon_core.environment:checking '/home/neil/Tutorial/ros_toot/install/basic_pub/lib/python3.10/site-packages'
[1.889s] Level 1:colcon.colcon_core.environment:checking '/home/neil/Tutorial/ros_toot/install/basic_pub/bin'
[1.892s] INFO:colcon.colcon_core.shell:Creating package script '/home/neil/Tutorial/ros_toot/install/basic_pub/share/basic_pub/package.ps1'
[1.893s] INFO:colcon.colcon_core.shell:Creating package descriptor '/home/neil/Tutorial/ros_toot/install/basic_pub/share/basic_pub/package.dsv'
[1.894s] INFO:colcon.colcon_core.shell:Creating package script '/home/neil/Tutorial/ros_toot/install/basic_pub/share/basic_pub/package.sh'
[1.895s] INFO:colcon.colcon_core.shell:Creating package script '/home/neil/Tutorial/ros_toot/install/basic_pub/share/basic_pub/package.bash'
[1.895s] INFO:colcon.colcon_core.shell:Creating package script '/home/neil/Tutorial/ros_toot/install/basic_pub/share/basic_pub/package.zsh'
[1.896s] Level 1:colcon.colcon_core.environment:create_file_with_runtime_dependencies(/home/neil/Tutorial/ros_toot/install/basic_pub/share/colcon-core/packages/basic_pub)
[1.898s] Level 1:colcon.colcon_core.environment:create_environment_scripts_only(custom_msgs)
[1.902s] Level 1:colcon.colcon_core.environment:checking '/home/neil/Tutorial/ros_toot/install/custom_msgs' for CMake module files
[1.903s] DEBUG:colcon.colcon_core.event_handler.log_command:Invoked command in '/home/neil/Tutorial/ros_toot/build/custom_msgs' returned '0': CMAKE_PREFIX_PATH=${CMAKE_PREFIX_PATH}:/opt/ros/humble /usr/bin/cmake --install /home/neil/Tutorial/ros_toot/build/custom_msgs
[1.904s] Level 1:colcon.colcon_core.environment:checking '/home/neil/Tutorial/ros_toot/install/custom_msgs' for CMake config files
[1.905s] Level 1:colcon.colcon_core.shell:create_environment_hook('custom_msgs', 'cmake_prefix_path')
[1.907s] INFO:colcon.colcon_core.shell:Creating environment hook '/home/neil/Tutorial/ros_toot/install/custom_msgs/share/custom_msgs/hook/cmake_prefix_path.ps1'
[1.907s] INFO:colcon.colcon_core.shell:Creating environment descriptor '/home/neil/Tutorial/ros_toot/install/custom_msgs/share/custom_msgs/hook/cmake_prefix_path.dsv'
[1.908s] INFO:colcon.colcon_core.shell:Creating environment hook '/home/neil/Tutorial/ros_toot/install/custom_msgs/share/custom_msgs/hook/cmake_prefix_path.sh'
[1.909s] Level 1:colcon.colcon_core.environment:checking '/home/neil/Tutorial/ros_toot/install/custom_msgs/lib'
[1.909s] Level 1:colcon.colcon_core.shell:create_environment_hook('custom_msgs', 'ld_library_path_lib')
[1.911s] INFO:colcon.colcon_core.shell:Creating environment hook '/home/neil/Tutorial/ros_toot/install/custom_msgs/share/custom_msgs/hook/ld_library_path_lib.ps1'
[1.912s] INFO:colcon.colcon_core.shell:Creating environment descriptor '/home/neil/Tutorial/ros_toot/install/custom_msgs/share/custom_msgs/hook/ld_library_path_lib.dsv'
[1.912s] INFO:colcon.colcon_core.shell:Creating environment hook '/home/neil/Tutorial/ros_toot/install/custom_msgs/share/custom_msgs/hook/ld_library_path_lib.sh'
[1.913s] Level 1:colcon.colcon_core.environment:checking '/home/neil/Tutorial/ros_toot/install/custom_msgs/bin'
[1.913s] Level 1:colcon.colcon_core.environment:checking '/home/neil/Tutorial/ros_toot/install/custom_msgs/lib/pkgconfig/custom_msgs.pc'
[1.913s] Level 1:colcon.colcon_core.environment:checking '/home/neil/Tutorial/ros_toot/install/custom_msgs/lib/python3.10/site-packages'
[1.914s] Level 1:colcon.colcon_core.environment:checking '/home/neil/Tutorial/ros_toot/install/custom_msgs/bin'
[1.917s] INFO:colcon.colcon_core.shell:Creating package script '/home/neil/Tutorial/ros_toot/install/custom_msgs/share/custom_msgs/package.ps1'
[1.918s] INFO:colcon.colcon_core.shell:Creating package descriptor '/home/neil/Tutorial/ros_toot/install/custom_msgs/share/custom_msgs/package.dsv'
[1.918s] INFO:colcon.colcon_core.shell:Creating package script '/home/neil/Tutorial/ros_toot/install/custom_msgs/share/custom_msgs/package.sh'
[1.919s] INFO:colcon.colcon_core.shell:Creating package script '/home/neil/Tutorial/ros_toot/install/custom_msgs/share/custom_msgs/package.bash'
[1.919s] INFO:colcon.colcon_core.shell:Creating package script '/home/neil/Tutorial/ros_toot/install/custom_msgs/share/custom_msgs/package.zsh'
[1.920s] Level 1:colcon.colcon_core.environment:create_file_with_runtime_dependencies(/home/neil/Tutorial/ros_toot/install/custom_msgs/share/colcon-core/packages/custom_msgs)
[1.923s] Level 1:colcon.colcon_core.environment:create_environment_scripts_only(basic_sub)
[1.925s] Level 1:colcon.colcon_core.environment:checking '/home/neil/Tutorial/ros_toot/install/basic_sub' for CMake module files
[1.926s] Level 1:colcon.colcon_core.environment:checking '/home/neil/Tutorial/ros_toot/install/basic_sub' for CMake config files
[1.926s] Level 1:colcon.colcon_core.shell:create_environment_hook('basic_sub', 'cmake_prefix_path')
[1.928s] INFO:colcon.colcon_core.shell:Creating environment hook '/home/neil/Tutorial/ros_toot/install/basic_sub/share/basic_sub/hook/cmake_prefix_path.ps1'
[1.929s] INFO:colcon.colcon_core.shell:Creating environment descriptor '/home/neil/Tutorial/ros_toot/install/basic_sub/share/basic_sub/hook/cmake_prefix_path.dsv'
[1.929s] INFO:colcon.colcon_core.shell:Creating environment hook '/home/neil/Tutorial/ros_toot/install/basic_sub/share/basic_sub/hook/cmake_prefix_path.sh'
[1.930s] Level 1:colcon.colcon_core.environment:checking '/home/neil/Tutorial/ros_toot/install/basic_sub/lib'
[1.930s] Level 1:colcon.colcon_core.environment:checking '/home/neil/Tutorial/ros_toot/install/basic_sub/bin'
[1.930s] Level 1:colcon.colcon_core.environment:checking '/home/neil/Tutorial/ros_toot/install/basic_sub/lib/pkgconfig/basic_sub.pc'
[1.931s] Level 1:colcon.colcon_core.environment:checking '/home/neil/Tutorial/ros_toot/install/basic_sub/lib/python3.10/site-packages'
[1.931s] Level 1:colcon.colcon_core.environment:checking '/home/neil/Tutorial/ros_toot/install/basic_sub/bin'
[1.933s] INFO:colcon.colcon_core.shell:Creating package script '/home/neil/Tutorial/ros_toot/install/basic_sub/share/basic_sub/package.ps1'
[1.934s] INFO:colcon.colcon_core.shell:Creating package descriptor '/home/neil/Tutorial/ros_toot/install/basic_sub/share/basic_sub/package.dsv'
[1.935s] INFO:colcon.colcon_core.shell:Creating package script '/home/neil/Tutorial/ros_toot/install/basic_sub/share/basic_sub/package.sh'
[1.935s] INFO:colcon.colcon_core.shell:Creating package script '/home/neil/Tutorial/ros_toot/install/basic_sub/share/basic_sub/package.bash'
[1.936s] INFO:colcon.colcon_core.shell:Creating package script '/home/neil/Tutorial/ros_toot/install/basic_sub/share/basic_sub/package.zsh'
[1.936s] Level 1:colcon.colcon_core.environment:create_file_with_runtime_dependencies(/home/neil/Tutorial/ros_toot/install/basic_sub/share/colcon-core/packages/basic_sub)
[1.939s] Level 1:colcon.colcon_core.environment:create_environment_scripts_only(basic_pub)
[1.943s] Level 1:colcon.colcon_core.environment:checking '/home/neil/Tutorial/ros_toot/install/basic_pub' for CMake module files
[1.944s] Level 1:colcon.colcon_core.environment:checking '/home/neil/Tutorial/ros_toot/install/basic_pub' for CMake config files
[1.944s] Level 1:colcon.colcon_core.shell:create_environment_hook('basic_pub', 'cmake_prefix_path')
[1.948s] INFO:colcon.colcon_core.shell:Creating environment hook '/home/neil/Tutorial/ros_toot/install/basic_pub/share/basic_pub/hook/cmake_prefix_path.ps1'
[1.949s] INFO:colcon.colcon_core.shell:Creating environment descriptor '/home/neil/Tutorial/ros_toot/install/basic_pub/share/basic_pub/hook/cmake_prefix_path.dsv'
[1.950s] INFO:colcon.colcon_core.shell:Creating environment hook '/home/neil/Tutorial/ros_toot/install/basic_pub/share/basic_pub/hook/cmake_prefix_path.sh'
[1.951s] Level 1:colcon.colcon_core.environment:checking '/home/neil/Tutorial/ros_toot/install/basic_pub/lib'
[1.951s] Level 1:colcon.colcon_core.environment:checking '/home/neil/Tutorial/ros_toot/install/basic_pub/bin'
[1.952s] Level 1:colcon.colcon_core.environment:checking '/home/neil/Tutorial/ros_toot/install/basic_pub/lib/pkgconfig/basic_pub.pc'
[1.952s] Level 1:colcon.colcon_core.environment:checking '/home/neil/Tutorial/ros_toot/install/basic_pub/lib/python3.10/site-packages'
[1.953s] Level 1:colcon.colcon_core.environment:checking '/home/neil/Tutorial/ros_toot/install/basic_pub/bin'
[1.956s] INFO:colcon.colcon_core.shell:Creating package script '/home/neil/Tutorial/ros_toot/install/basic_pub/share/basic_pub/package.ps1'
[1.958s] INFO:colcon.colcon_core.shell:Creating package descriptor '/home/neil/Tutorial/ros_toot/install/basic_pub/share/basic_pub/package.dsv'
[1.959s] INFO:colcon.colcon_core.shell:Creating package script '/home/neil/Tutorial/ros_toot/install/basic_pub/share/basic_pub/package.sh'
[1.960s] INFO:colcon.colcon_core.shell:Creating package script '/home/neil/Tutorial/ros_toot/install/basic_pub/share/basic_pub/package.bash'
[1.961s] INFO:colcon.colcon_core.shell:Creating package script '/home/neil/Tutorial/ros_toot/install/basic_pub/share/basic_pub/package.zsh'
[1.962s] Level 1:colcon.colcon_core.environment:create_file_with_runtime_dependencies(/home/neil/Tutorial/ros_toot/install/basic_pub/share/colcon-core/packages/basic_pub)
[2.001s] Level 1:colcon.colcon_core.environment:create_environment_scripts_only(custom_msgs)
[2.006s] Level 1:colcon.colcon_core.environment:checking '/home/neil/Tutorial/ros_toot/install/custom_msgs' for CMake module files
[2.007s] Level 1:colcon.colcon_core.environment:checking '/home/neil/Tutorial/ros_toot/install/custom_msgs' for CMake config files
[2.008s] Level 1:colcon.colcon_core.shell:create_environment_hook('custom_msgs', 'cmake_prefix_path')
[2.012s] INFO:colcon.colcon_core.shell:Creating environment hook '/home/neil/Tutorial/ros_toot/install/custom_msgs/share/custom_msgs/hook/cmake_prefix_path.ps1'
[2.013s] INFO:colcon.colcon_core.shell:Creating environment descriptor '/home/neil/Tutorial/ros_toot/install/custom_msgs/share/custom_msgs/hook/cmake_prefix_path.dsv'
[2.014s] INFO:colcon.colcon_core.shell:Creating environment hook '/home/neil/Tutorial/ros_toot/install/custom_msgs/share/custom_msgs/hook/cmake_prefix_path.sh'
[2.016s] Level 1:colcon.colcon_core.environment:checking '/home/neil/Tutorial/ros_toot/install/custom_msgs/lib'
[2.016s] Level 1:colcon.colcon_core.shell:create_environment_hook('custom_msgs', 'ld_library_path_lib')
[2.020s] INFO:colcon.colcon_core.shell:Creating environment hook '/home/neil/Tutorial/ros_toot/install/custom_msgs/share/custom_msgs/hook/ld_library_path_lib.ps1'
[2.021s] INFO:colcon.colcon_core.shell:Creating environment descriptor '/home/neil/Tutorial/ros_toot/install/custom_msgs/share/custom_msgs/hook/ld_library_path_lib.dsv'
[2.022s] INFO:colcon.colcon_core.shell:Creating environment hook '/home/neil/Tutorial/ros_toot/install/custom_msgs/share/custom_msgs/hook/ld_library_path_lib.sh'
[2.022s] Level 1:colcon.colcon_core.environment:checking '/home/neil/Tutorial/ros_toot/install/custom_msgs/bin'
[2.022s] Level 1:colcon.colcon_core.environment:checking '/home/neil/Tutorial/ros_toot/install/custom_msgs/lib/pkgconfig/custom_msgs.pc'
[2.023s] Level 1:colcon.colcon_core.environment:checking '/home/neil/Tutorial/ros_toot/install/custom_msgs/lib/python3.10/site-packages'
[2.023s] Level 1:colcon.colcon_core.environment:checking '/home/neil/Tutorial/ros_toot/install/custom_msgs/bin'
[2.027s] INFO:colcon.colcon_core.shell:Creating package script '/home/neil/Tutorial/ros_toot/install/custom_msgs/share/custom_msgs/package.ps1'
[2.029s] INFO:colcon.colcon_core.shell:Creating package descriptor '/home/neil/Tutorial/ros_toot/install/custom_msgs/share/custom_msgs/package.dsv'
[2.031s] INFO:colcon.colcon_core.shell:Creating package script '/home/neil/Tutorial/ros_toot/install/custom_msgs/share/custom_msgs/package.sh'
[2.032s] INFO:colcon.colcon_core.shell:Creating package script '/home/neil/Tutorial/ros_toot/install/custom_msgs/share/custom_msgs/package.bash'
[2.033s] INFO:colcon.colcon_core.shell:Creating package script '/home/neil/Tutorial/ros_toot/install/custom_msgs/share/custom_msgs/package.zsh'
[2.033s] Level 1:colcon.colcon_core.environment:create_file_with_runtime_dependencies(/home/neil/Tutorial/ros_toot/install/custom_msgs/share/colcon-core/packages/custom_msgs)
[2.034s] DEBUG:colcon.colcon_parallel_executor.executor.parallel:closing loop
[2.034s] DEBUG:colcon.colcon_parallel_executor.executor.parallel:loop closed
[2.034s] DEBUG:colcon.colcon_parallel_executor.executor.parallel:run_until_complete finished with '0'
[2.034s] DEBUG:colcon.colcon_core.event_reactor:joining thread
[2.042s] INFO:colcon.colcon_core.plugin_system:Skipping extension 'colcon_notification.desktop_notification.terminal_notifier': Not used on non-Darwin systems
[2.043s] INFO:colcon.colcon_core.plugin_system:Skipping extension 'colcon_notification.desktop_notification.win32': Not used on non-Windows systems
[2.043s] INFO:colcon.colcon_notification.desktop_notification:Sending desktop notification using 'notify2'
[2.061s] DEBUG:colcon.colcon_core.event_reactor:joined thread
[2.063s] INFO:colcon.colcon_core.shell:Creating prefix script '/home/neil/Tutorial/ros_toot/install/local_setup.ps1'
[2.065s] INFO:colcon.colcon_core.shell:Creating prefix util module '/home/neil/Tutorial/ros_toot/install/_local_setup_util_ps1.py'
[2.068s] INFO:colcon.colcon_core.shell:Creating prefix chain script '/home/neil/Tutorial/ros_toot/install/setup.ps1'
[2.071s] INFO:colcon.colcon_core.shell:Creating prefix script '/home/neil/Tutorial/ros_toot/install/local_setup.sh'
[2.072s] INFO:colcon.colcon_core.shell:Creating prefix util module '/home/neil/Tutorial/ros_toot/install/_local_setup_util_sh.py'
[2.072s] INFO:colcon.colcon_core.shell:Creating prefix chain script '/home/neil/Tutorial/ros_toot/install/setup.sh'
[2.075s] INFO:colcon.colcon_core.shell:Creating prefix script '/home/neil/Tutorial/ros_toot/install/local_setup.bash'
[2.076s] INFO:colcon.colcon_core.shell:Creating prefix chain script '/home/neil/Tutorial/ros_toot/install/setup.bash'
[2.079s] INFO:colcon.colcon_core.shell:Creating prefix script '/home/neil/Tutorial/ros_toot/install/local_setup.zsh'
[2.080s] INFO:colcon.colcon_core.shell:Creating prefix chain script '/home/neil/Tutorial/ros_toot/install/setup.zsh'
