[0.441s] DEBUG:colcon:Command line arguments: ['/usr/bin/colcon', 'build']
[0.441s] DEBUG:colcon:Parsed command line arguments: Namespace(log_base=None, log_level=None, verb_name='build', build_base='build', install_base='install', merge_install=False, symlink_install=False, test_result_base=None, continue_on_error=False, executor='parallel', parallel_workers=8, event_handlers=None, ignore_user_meta=False, metas=['./colcon.meta'], base_paths=['.'], packages_ignore=None, packages_ignore_regex=None, paths=None, packages_up_to=None, packages_up_to_regex=None, packages_above=None, packages_above_and_dependencies=None, packages_above_depth=None, packages_select_by_dep=None, packages_skip_by_dep=None, packages_skip_up_to=None, packages_select_build_failed=False, packages_skip_build_finished=False, packages_select_test_failures=False, packages_skip_test_passed=False, packages_select=None, packages_skip=None, packages_select_regex=None, packages_skip_regex=None, packages_start=None, packages_end=None, allow_overriding=[], cmake_args=None, cmake_target=None, cmake_target_skip_unavailable=False, cmake_clean_cache=False, cmake_clean_first=False, cmake_force_configure=False, ament_cmake_args=None, catkin_cmake_args=None, catkin_skip_building_tests=False, verb_parser=<colcon_defaults.argument_parser.defaults.DefaultArgumentsDecorator object at 0x7fc727dff880>, verb_extension=<colcon_core.verb.build.BuildVerb object at 0x7fc728674820>, main=<bound method BuildVerb.main of <colcon_core.verb.build.BuildVerb object at 0x7fc728674820>>)
[0.500s] Level 1:colcon.colcon_core.package_discovery:discover_packages(colcon_meta) check parameters
[0.501s] Level 1:colcon.colcon_core.package_discovery:discover_packages(recursive) check parameters
[0.501s] Level 1:colcon.colcon_core.package_discovery:discover_packages(ignore) check parameters
[0.501s] Level 1:colcon.colcon_core.package_discovery:discover_packages(path) check parameters
[0.501s] Level 1:colcon.colcon_core.package_discovery:discover_packages(colcon_meta) discover
[0.501s] Level 1:colcon.colcon_core.package_discovery:discover_packages(recursive) discover
[0.501s] INFO:colcon.colcon_core.package_discovery:Crawling recursively for packages in '/home/neil/Tutorial/ros_toot'
[0.501s] Level 1:colcon.colcon_core.package_identification:_identify(.) by extensions ['ignore', 'ignore_ament_install']
[0.501s] Level 1:colcon.colcon_core.package_identification:_identify(.) by extension 'ignore'
[0.501s] Level 1:colcon.colcon_core.package_identification:_identify(.) by extension 'ignore_ament_install'
[0.501s] Level 1:colcon.colcon_core.package_identification:_identify(.) by extensions ['colcon_pkg']
[0.501s] Level 1:colcon.colcon_core.package_identification:_identify(.) by extension 'colcon_pkg'
[0.501s] Level 1:colcon.colcon_core.package_identification:_identify(.) by extensions ['colcon_meta']
[0.501s] Level 1:colcon.colcon_core.package_identification:_identify(.) by extension 'colcon_meta'
[0.501s] Level 1:colcon.colcon_core.package_identification:_identify(.) by extensions ['ros']
[0.502s] Level 1:colcon.colcon_core.package_identification:_identify(.) by extension 'ros'
[0.523s] Level 1:colcon.colcon_core.package_identification:_identify(.) by extensions ['cmake', 'python']
[0.523s] Level 1:colcon.colcon_core.package_identification:_identify(.) by extension 'cmake'
[0.523s] Level 1:colcon.colcon_core.package_identification:_identify(.) by extension 'python'
[0.523s] Level 1:colcon.colcon_core.package_identification:_identify(.) by extensions ['python_setup_py']
[0.523s] Level 1:colcon.colcon_core.package_identification:_identify(.) by extension 'python_setup_py'
[0.523s] Level 1:colcon.colcon_core.package_identification:_identify(build) by extensions ['ignore', 'ignore_ament_install']
[0.523s] Level 1:colcon.colcon_core.package_identification:_identify(build) by extension 'ignore'
[0.523s] Level 1:colcon.colcon_core.package_identification:_identify(build) ignored
[0.523s] Level 1:colcon.colcon_core.package_identification:_identify(install) by extensions ['ignore', 'ignore_ament_install']
[0.524s] Level 1:colcon.colcon_core.package_identification:_identify(install) by extension 'ignore'
[0.524s] Level 1:colcon.colcon_core.package_identification:_identify(install) ignored
[0.524s] Level 1:colcon.colcon_core.package_identification:_identify(log) by extensions ['ignore', 'ignore_ament_install']
[0.524s] Level 1:colcon.colcon_core.package_identification:_identify(log) by extension 'ignore'
[0.524s] Level 1:colcon.colcon_core.package_identification:_identify(log) ignored
[0.524s] Level 1:colcon.colcon_core.package_identification:_identify(src) by extensions ['ignore', 'ignore_ament_install']
[0.524s] Level 1:colcon.colcon_core.package_identification:_identify(src) by extension 'ignore'
[0.524s] Level 1:colcon.colcon_core.package_identification:_identify(src) by extension 'ignore_ament_install'
[0.524s] Level 1:colcon.colcon_core.package_identification:_identify(src) by extensions ['colcon_pkg']
[0.525s] Level 1:colcon.colcon_core.package_identification:_identify(src) by extension 'colcon_pkg'
[0.525s] Level 1:colcon.colcon_core.package_identification:_identify(src) by extensions ['colcon_meta']
[0.525s] Level 1:colcon.colcon_core.package_identification:_identify(src) by extension 'colcon_meta'
[0.525s] Level 1:colcon.colcon_core.package_identification:_identify(src) by extensions ['ros']
[0.525s] Level 1:colcon.colcon_core.package_identification:_identify(src) by extension 'ros'
[0.525s] Level 1:colcon.colcon_core.package_identification:_identify(src) by extensions ['cmake', 'python']
[0.525s] Level 1:colcon.colcon_core.package_identification:_identify(src) by extension 'cmake'
[0.525s] Level 1:colcon.colcon_core.package_identification:_identify(src) by extension 'python'
[0.525s] Level 1:colcon.colcon_core.package_identification:_identify(src) by extensions ['python_setup_py']
[0.525s] Level 1:colcon.colcon_core.package_identification:_identify(src) by extension 'python_setup_py'
[0.526s] Level 1:colcon.colcon_core.package_identification:_identify(src/basic_pub) by extensions ['ignore', 'ignore_ament_install']
[0.526s] Level 1:colcon.colcon_core.package_identification:_identify(src/basic_pub) by extension 'ignore'
[0.526s] Level 1:colcon.colcon_core.package_identification:_identify(src/basic_pub) by extension 'ignore_ament_install'
[0.526s] Level 1:colcon.colcon_core.package_identification:_identify(src/basic_pub) by extensions ['colcon_pkg']
[0.526s] Level 1:colcon.colcon_core.package_identification:_identify(src/basic_pub) by extension 'colcon_pkg'
[0.526s] Level 1:colcon.colcon_core.package_identification:_identify(src/basic_pub) by extensions ['colcon_meta']
[0.526s] Level 1:colcon.colcon_core.package_identification:_identify(src/basic_pub) by extension 'colcon_meta'
[0.526s] Level 1:colcon.colcon_core.package_identification:_identify(src/basic_pub) by extensions ['ros']
[0.526s] Level 1:colcon.colcon_core.package_identification:_identify(src/basic_pub) by extension 'ros'
[0.530s] DEBUG:colcon.colcon_core.package_identification:Package 'src/basic_pub' with type 'ros.ament_cmake' and name 'basic_pub'
[0.531s] Level 1:colcon.colcon_core.package_identification:_identify(src/basic_sub) by extensions ['ignore', 'ignore_ament_install']
[0.531s] Level 1:colcon.colcon_core.package_identification:_identify(src/basic_sub) by extension 'ignore'
[0.531s] Level 1:colcon.colcon_core.package_identification:_identify(src/basic_sub) by extension 'ignore_ament_install'
[0.531s] Level 1:colcon.colcon_core.package_identification:_identify(src/basic_sub) by extensions ['colcon_pkg']
[0.531s] Level 1:colcon.colcon_core.package_identification:_identify(src/basic_sub) by extension 'colcon_pkg'
[0.531s] Level 1:colcon.colcon_core.package_identification:_identify(src/basic_sub) by extensions ['colcon_meta']
[0.531s] Level 1:colcon.colcon_core.package_identification:_identify(src/basic_sub) by extension 'colcon_meta'
[0.531s] Level 1:colcon.colcon_core.package_identification:_identify(src/basic_sub) by extensions ['ros']
[0.531s] Level 1:colcon.colcon_core.package_identification:_identify(src/basic_sub) by extension 'ros'
[0.532s] DEBUG:colcon.colcon_core.package_identification:Package 'src/basic_sub' with type 'ros.ament_cmake' and name 'basic_sub'
[0.533s] Level 1:colcon.colcon_core.package_identification:_identify(src/custom_msgs) by extensions ['ignore', 'ignore_ament_install']
[0.533s] Level 1:colcon.colcon_core.package_identification:_identify(src/custom_msgs) by extension 'ignore'
[0.533s] Level 1:colcon.colcon_core.package_identification:_identify(src/custom_msgs) by extension 'ignore_ament_install'
[0.533s] Level 1:colcon.colcon_core.package_identification:_identify(src/custom_msgs) by extensions ['colcon_pkg']
[0.533s] Level 1:colcon.colcon_core.package_identification:_identify(src/custom_msgs) by extension 'colcon_pkg'
[0.533s] Level 1:colcon.colcon_core.package_identification:_identify(src/custom_msgs) by extensions ['colcon_meta']
[0.533s] Level 1:colcon.colcon_core.package_identification:_identify(src/custom_msgs) by extension 'colcon_meta'
[0.533s] Level 1:colcon.colcon_core.package_identification:_identify(src/custom_msgs) by extensions ['ros']
[0.533s] Level 1:colcon.colcon_core.package_identification:_identify(src/custom_msgs) by extension 'ros'
[0.534s] DEBUG:colcon.colcon_core.package_identification:Package 'src/custom_msgs' with type 'ros.ament_cmake' and name 'custom_msgs'
[0.534s] Level 1:colcon.colcon_core.package_discovery:discover_packages(recursive) using defaults
[0.535s] Level 1:colcon.colcon_core.package_discovery:discover_packages(ignore) discover
[0.535s] Level 1:colcon.colcon_core.package_discovery:discover_packages(ignore) using defaults
[0.535s] Level 1:colcon.colcon_core.package_discovery:discover_packages(path) discover
[0.535s] Level 1:colcon.colcon_core.package_discovery:discover_packages(path) using defaults
[0.565s] Level 1:colcon.colcon_core.package_discovery:discover_packages(prefix_path) check parameters
[0.565s] Level 1:colcon.colcon_core.package_discovery:discover_packages(prefix_path) discover
[0.568s] DEBUG:colcon.colcon_installed_package_information.package_discovery:Found 2 installed packages in /home/neil/Tutorial/ros_toot/install
[0.570s] DEBUG:colcon.colcon_installed_package_information.package_discovery:Found 4 installed packages in /home/neil/Tutorial/ros_tutorial/install
[0.572s] DEBUG:colcon.colcon_installed_package_information.package_discovery:Found 283 installed packages in /opt/ros/humble
[0.573s] Level 1:colcon.colcon_core.package_discovery:discover_packages(prefix_path) using defaults
[0.649s] Level 5:colcon.colcon_core.verb:set package 'basic_pub' build argument 'cmake_args' from command line to 'None'
[0.649s] Level 5:colcon.colcon_core.verb:set package 'basic_pub' build argument 'cmake_target' from command line to 'None'
[0.649s] Level 5:colcon.colcon_core.verb:set package 'basic_pub' build argument 'cmake_target_skip_unavailable' from command line to 'False'
[0.649s] Level 5:colcon.colcon_core.verb:set package 'basic_pub' build argument 'cmake_clean_cache' from command line to 'False'
[0.649s] Level 5:colcon.colcon_core.verb:set package 'basic_pub' build argument 'cmake_clean_first' from command line to 'False'
[0.649s] Level 5:colcon.colcon_core.verb:set package 'basic_pub' build argument 'cmake_force_configure' from command line to 'False'
[0.649s] Level 5:colcon.colcon_core.verb:set package 'basic_pub' build argument 'ament_cmake_args' from command line to 'None'
[0.649s] Level 5:colcon.colcon_core.verb:set package 'basic_pub' build argument 'catkin_cmake_args' from command line to 'None'
[0.649s] Level 5:colcon.colcon_core.verb:set package 'basic_pub' build argument 'catkin_skip_building_tests' from command line to 'False'
[0.649s] DEBUG:colcon.colcon_core.verb:Building package 'basic_pub' with the following arguments: {'ament_cmake_args': None, 'build_base': '/home/neil/Tutorial/ros_toot/build/basic_pub', 'catkin_cmake_args': None, 'catkin_skip_building_tests': False, 'cmake_args': None, 'cmake_clean_cache': False, 'cmake_clean_first': False, 'cmake_force_configure': False, 'cmake_target': None, 'cmake_target_skip_unavailable': False, 'install_base': '/home/neil/Tutorial/ros_toot/install/basic_pub', 'merge_install': False, 'path': '/home/neil/Tutorial/ros_toot/src/basic_pub', 'symlink_install': False, 'test_result_base': None}
[0.650s] Level 5:colcon.colcon_core.verb:set package 'basic_sub' build argument 'cmake_args' from command line to 'None'
[0.650s] Level 5:colcon.colcon_core.verb:set package 'basic_sub' build argument 'cmake_target' from command line to 'None'
[0.651s] Level 5:colcon.colcon_core.verb:set package 'basic_sub' build argument 'cmake_target_skip_unavailable' from command line to 'False'
[0.651s] Level 5:colcon.colcon_core.verb:set package 'basic_sub' build argument 'cmake_clean_cache' from command line to 'False'
[0.651s] Level 5:colcon.colcon_core.verb:set package 'basic_sub' build argument 'cmake_clean_first' from command line to 'False'
[0.651s] Level 5:colcon.colcon_core.verb:set package 'basic_sub' build argument 'cmake_force_configure' from command line to 'False'
[0.651s] Level 5:colcon.colcon_core.verb:set package 'basic_sub' build argument 'ament_cmake_args' from command line to 'None'
[0.651s] Level 5:colcon.colcon_core.verb:set package 'basic_sub' build argument 'catkin_cmake_args' from command line to 'None'
[0.651s] Level 5:colcon.colcon_core.verb:set package 'basic_sub' build argument 'catkin_skip_building_tests' from command line to 'False'
[0.651s] DEBUG:colcon.colcon_core.verb:Building package 'basic_sub' with the following arguments: {'ament_cmake_args': None, 'build_base': '/home/neil/Tutorial/ros_toot/build/basic_sub', 'catkin_cmake_args': None, 'catkin_skip_building_tests': False, 'cmake_args': None, 'cmake_clean_cache': False, 'cmake_clean_first': False, 'cmake_force_configure': False, 'cmake_target': None, 'cmake_target_skip_unavailable': False, 'install_base': '/home/neil/Tutorial/ros_toot/install/basic_sub', 'merge_install': False, 'path': '/home/neil/Tutorial/ros_toot/src/basic_sub', 'symlink_install': False, 'test_result_base': None}
[0.652s] Level 5:colcon.colcon_core.verb:set package 'custom_msgs' build argument 'cmake_args' from command line to 'None'
[0.652s] Level 5:colcon.colcon_core.verb:set package 'custom_msgs' build argument 'cmake_target' from command line to 'None'
[0.652s] Level 5:colcon.colcon_core.verb:set package 'custom_msgs' build argument 'cmake_target_skip_unavailable' from command line to 'False'
[0.652s] Level 5:colcon.colcon_core.verb:set package 'custom_msgs' build argument 'cmake_clean_cache' from command line to 'False'
[0.652s] Level 5:colcon.colcon_core.verb:set package 'custom_msgs' build argument 'cmake_clean_first' from command line to 'False'
[0.652s] Level 5:colcon.colcon_core.verb:set package 'custom_msgs' build argument 'cmake_force_configure' from command line to 'False'
[0.652s] Level 5:colcon.colcon_core.verb:set package 'custom_msgs' build argument 'ament_cmake_args' from command line to 'None'
[0.652s] Level 5:colcon.colcon_core.verb:set package 'custom_msgs' build argument 'catkin_cmake_args' from command line to 'None'
[0.652s] Level 5:colcon.colcon_core.verb:set package 'custom_msgs' build argument 'catkin_skip_building_tests' from command line to 'False'
[0.652s] DEBUG:colcon.colcon_core.verb:Building package 'custom_msgs' with the following arguments: {'ament_cmake_args': None, 'build_base': '/home/neil/Tutorial/ros_toot/build/custom_msgs', 'catkin_cmake_args': None, 'catkin_skip_building_tests': False, 'cmake_args': None, 'cmake_clean_cache': False, 'cmake_clean_first': False, 'cmake_force_configure': False, 'cmake_target': None, 'cmake_target_skip_unavailable': False, 'install_base': '/home/neil/Tutorial/ros_toot/install/custom_msgs', 'merge_install': False, 'path': '/home/neil/Tutorial/ros_toot/src/custom_msgs', 'symlink_install': False, 'test_result_base': None}
[0.653s] INFO:colcon.colcon_core.executor:Executing jobs using 'parallel' executor
[0.657s] DEBUG:colcon.colcon_parallel_executor.executor.parallel:run_until_complete
[0.657s] INFO:colcon.colcon_ros.task.ament_cmake.build:Building ROS package in '/home/neil/Tutorial/ros_toot/src/basic_pub' with build type 'ament_cmake'
[0.657s] INFO:colcon.colcon_cmake.task.cmake.build:Building CMake package in '/home/neil/Tutorial/ros_toot/src/basic_pub'
[0.662s] INFO:colcon.colcon_core.plugin_system:Skipping extension 'colcon_core.shell.bat': Not used on non-Windows systems
[0.662s] INFO:colcon.colcon_core.shell:Skip shell extension 'powershell' for command environment: Not usable outside of PowerShell
[0.662s] DEBUG:colcon.colcon_core.shell:Skip shell extension 'dsv' for command environment
[0.668s] INFO:colcon.colcon_ros.task.ament_cmake.build:Building ROS package in '/home/neil/Tutorial/ros_toot/src/basic_sub' with build type 'ament_cmake'
[0.668s] INFO:colcon.colcon_cmake.task.cmake.build:Building CMake package in '/home/neil/Tutorial/ros_toot/src/basic_sub'
[0.670s] INFO:colcon.colcon_core.shell:Skip shell extension 'powershell' for command environment: Not usable outside of PowerShell
[0.670s] DEBUG:colcon.colcon_core.shell:Skip shell extension 'dsv' for command environment
[0.676s] INFO:colcon.colcon_ros.task.ament_cmake.build:Building ROS package in '/home/neil/Tutorial/ros_toot/src/custom_msgs' with build type 'ament_cmake'
[0.677s] INFO:colcon.colcon_cmake.task.cmake.build:Building CMake package in '/home/neil/Tutorial/ros_toot/src/custom_msgs'
[0.678s] INFO:colcon.colcon_core.shell:Skip shell extension 'powershell' for command environment: Not usable outside of PowerShell
[0.678s] DEBUG:colcon.colcon_core.shell:Skip shell extension 'dsv' for command environment
[0.692s] DEBUG:colcon.colcon_core.event_handler.log_command:Invoking command in '/home/neil/Tutorial/ros_toot/build/basic_pub': CMAKE_PREFIX_PATH=${CMAKE_PREFIX_PATH}:/opt/ros/humble /usr/bin/cmake --build /home/neil/Tutorial/ros_toot/build/basic_pub -- -j8 -l8
[0.696s] DEBUG:colcon.colcon_core.event_handler.log_command:Invoking command in '/home/neil/Tutorial/ros_toot/build/basic_sub': CMAKE_PREFIX_PATH=${CMAKE_PREFIX_PATH}:/opt/ros/humble /usr/bin/cmake /home/neil/Tutorial/ros_toot/src/basic_sub -DCMAKE_INSTALL_PREFIX=/home/neil/Tutorial/ros_toot/install/basic_sub
[0.703s] DEBUG:colcon.colcon_core.event_handler.log_command:Invoking command in '/home/neil/Tutorial/ros_toot/build/custom_msgs': CMAKE_PREFIX_PATH=${CMAKE_PREFIX_PATH}:/opt/ros/humble /usr/bin/cmake --build /home/neil/Tutorial/ros_toot/build/custom_msgs -- -j8 -l8
[1.721s] DEBUG:colcon.colcon_core.event_handler.log_command:Invoked command in '/home/neil/Tutorial/ros_toot/build/basic_pub' returned '0': CMAKE_PREFIX_PATH=${CMAKE_PREFIX_PATH}:/opt/ros/humble /usr/bin/cmake --build /home/neil/Tutorial/ros_toot/build/basic_pub -- -j8 -l8
[1.722s] DEBUG:colcon.colcon_core.event_handler.log_command:Invoked command in '/home/neil/Tutorial/ros_toot/build/custom_msgs' returned '0': CMAKE_PREFIX_PATH=${CMAKE_PREFIX_PATH}:/opt/ros/humble /usr/bin/cmake --build /home/neil/Tutorial/ros_toot/build/custom_msgs -- -j8 -l8
[1.769s] DEBUG:colcon.colcon_core.event_handler.log_command:Invoking command in '/home/neil/Tutorial/ros_toot/build/basic_pub': CMAKE_PREFIX_PATH=${CMAKE_PREFIX_PATH}:/opt/ros/humble /usr/bin/cmake --install /home/neil/Tutorial/ros_toot/build/basic_pub
[1.803s] DEBUG:colcon.colcon_core.event_handler.log_command:Invoking command in '/home/neil/Tutorial/ros_toot/build/custom_msgs': CMAKE_PREFIX_PATH=${CMAKE_PREFIX_PATH}:/opt/ros/humble /usr/bin/cmake --install /home/neil/Tutorial/ros_toot/build/custom_msgs
[1.852s] Level 1:colcon.colcon_core.environment:create_environment_scripts_only(basic_pub)
[1.853s] DEBUG:colcon.colcon_core.event_handler.log_command:Invoked command in '/home/neil/Tutorial/ros_toot/build/basic_pub' returned '0': CMAKE_PREFIX_PATH=${CMAKE_PREFIX_PATH}:/opt/ros/humble /usr/bin/cmake --install /home/neil/Tutorial/ros_toot/build/basic_pub
[1.860s] Level 1:colcon.colcon_core.environment:checking '/home/neil/Tutorial/ros_toot/install/basic_pub' for CMake module files
[1.861s] Level 1:colcon.colcon_core.environment:checking '/home/neil/Tutorial/ros_toot/install/basic_pub' for CMake config files
[1.861s] Level 1:colcon.colcon_core.shell:create_environment_hook('basic_pub', 'cmake_prefix_path')
[1.863s] INFO:colcon.colcon_core.shell:Creating environment hook '/home/neil/Tutorial/ros_toot/install/basic_pub/share/basic_pub/hook/cmake_prefix_path.ps1'
[1.864s] INFO:colcon.colcon_core.shell:Creating environment descriptor '/home/neil/Tutorial/ros_toot/install/basic_pub/share/basic_pub/hook/cmake_prefix_path.dsv'
[1.865s] INFO:colcon.colcon_core.shell:Creating environment hook '/home/neil/Tutorial/ros_toot/install/basic_pub/share/basic_pub/hook/cmake_prefix_path.sh'
[1.866s] Level 1:colcon.colcon_core.environment:checking '/home/neil/Tutorial/ros_toot/install/basic_pub/lib'
[1.866s] Level 1:colcon.colcon_core.environment:checking '/home/neil/Tutorial/ros_toot/install/basic_pub/bin'
[1.867s] Level 1:colcon.colcon_core.environment:checking '/home/neil/Tutorial/ros_toot/install/basic_pub/lib/pkgconfig/basic_pub.pc'
[1.867s] Level 1:colcon.colcon_core.environment:checking '/home/neil/Tutorial/ros_toot/install/basic_pub/lib/python3.10/site-packages'
[1.867s] Level 1:colcon.colcon_core.environment:checking '/home/neil/Tutorial/ros_toot/install/basic_pub/bin'
[1.870s] INFO:colcon.colcon_core.shell:Creating package script '/home/neil/Tutorial/ros_toot/install/basic_pub/share/basic_pub/package.ps1'
[1.871s] INFO:colcon.colcon_core.shell:Creating package descriptor '/home/neil/Tutorial/ros_toot/install/basic_pub/share/basic_pub/package.dsv'
[1.872s] INFO:colcon.colcon_core.shell:Creating package script '/home/neil/Tutorial/ros_toot/install/basic_pub/share/basic_pub/package.sh'
[1.872s] INFO:colcon.colcon_core.shell:Creating package script '/home/neil/Tutorial/ros_toot/install/basic_pub/share/basic_pub/package.bash'
[1.874s] INFO:colcon.colcon_core.shell:Creating package script '/home/neil/Tutorial/ros_toot/install/basic_pub/share/basic_pub/package.zsh'
[1.875s] Level 1:colcon.colcon_core.environment:create_file_with_runtime_dependencies(/home/neil/Tutorial/ros_toot/install/basic_pub/share/colcon-core/packages/basic_pub)
[1.905s] Level 1:colcon.colcon_core.environment:create_environment_scripts_only(custom_msgs)
[1.909s] Level 1:colcon.colcon_core.environment:checking '/home/neil/Tutorial/ros_toot/install/custom_msgs' for CMake module files
[1.911s] DEBUG:colcon.colcon_core.event_handler.log_command:Invoked command in '/home/neil/Tutorial/ros_toot/build/custom_msgs' returned '0': CMAKE_PREFIX_PATH=${CMAKE_PREFIX_PATH}:/opt/ros/humble /usr/bin/cmake --install /home/neil/Tutorial/ros_toot/build/custom_msgs
[1.912s] Level 1:colcon.colcon_core.environment:checking '/home/neil/Tutorial/ros_toot/install/custom_msgs' for CMake config files
[1.913s] Level 1:colcon.colcon_core.shell:create_environment_hook('custom_msgs', 'cmake_prefix_path')
[1.915s] INFO:colcon.colcon_core.shell:Creating environment hook '/home/neil/Tutorial/ros_toot/install/custom_msgs/share/custom_msgs/hook/cmake_prefix_path.ps1'
[1.916s] INFO:colcon.colcon_core.shell:Creating environment descriptor '/home/neil/Tutorial/ros_toot/install/custom_msgs/share/custom_msgs/hook/cmake_prefix_path.dsv'
[1.916s] INFO:colcon.colcon_core.shell:Creating environment hook '/home/neil/Tutorial/ros_toot/install/custom_msgs/share/custom_msgs/hook/cmake_prefix_path.sh'
[1.917s] Level 1:colcon.colcon_core.environment:checking '/home/neil/Tutorial/ros_toot/install/custom_msgs/lib'
[1.917s] Level 1:colcon.colcon_core.shell:create_environment_hook('custom_msgs', 'ld_library_path_lib')
[1.919s] INFO:colcon.colcon_core.shell:Creating environment hook '/home/neil/Tutorial/ros_toot/install/custom_msgs/share/custom_msgs/hook/ld_library_path_lib.ps1'
[1.919s] INFO:colcon.colcon_core.shell:Creating environment descriptor '/home/neil/Tutorial/ros_toot/install/custom_msgs/share/custom_msgs/hook/ld_library_path_lib.dsv'
[1.920s] INFO:colcon.colcon_core.shell:Creating environment hook '/home/neil/Tutorial/ros_toot/install/custom_msgs/share/custom_msgs/hook/ld_library_path_lib.sh'
[1.920s] Level 1:colcon.colcon_core.environment:checking '/home/neil/Tutorial/ros_toot/install/custom_msgs/bin'
[1.921s] Level 1:colcon.colcon_core.environment:checking '/home/neil/Tutorial/ros_toot/install/custom_msgs/lib/pkgconfig/custom_msgs.pc'
[1.921s] Level 1:colcon.colcon_core.environment:checking '/home/neil/Tutorial/ros_toot/install/custom_msgs/lib/python3.10/site-packages'
[1.921s] Level 1:colcon.colcon_core.environment:checking '/home/neil/Tutorial/ros_toot/install/custom_msgs/bin'
[1.923s] INFO:colcon.colcon_core.shell:Creating package script '/home/neil/Tutorial/ros_toot/install/custom_msgs/share/custom_msgs/package.ps1'
[1.924s] INFO:colcon.colcon_core.shell:Creating package descriptor '/home/neil/Tutorial/ros_toot/install/custom_msgs/share/custom_msgs/package.dsv'
[1.925s] INFO:colcon.colcon_core.shell:Creating package script '/home/neil/Tutorial/ros_toot/install/custom_msgs/share/custom_msgs/package.sh'
[1.926s] INFO:colcon.colcon_core.shell:Creating package script '/home/neil/Tutorial/ros_toot/install/custom_msgs/share/custom_msgs/package.bash'
[1.926s] INFO:colcon.colcon_core.shell:Creating package script '/home/neil/Tutorial/ros_toot/install/custom_msgs/share/custom_msgs/package.zsh'
[1.927s] Level 1:colcon.colcon_core.environment:create_file_with_runtime_dependencies(/home/neil/Tutorial/ros_toot/install/custom_msgs/share/colcon-core/packages/custom_msgs)
[1.931s] Level 1:colcon.colcon_core.environment:create_environment_scripts_only(basic_pub)
[1.937s] Level 1:colcon.colcon_core.environment:checking '/home/neil/Tutorial/ros_toot/install/basic_pub' for CMake module files
[1.938s] Level 1:colcon.colcon_core.environment:checking '/home/neil/Tutorial/ros_toot/install/basic_pub' for CMake config files
[1.938s] Level 1:colcon.colcon_core.shell:create_environment_hook('basic_pub', 'cmake_prefix_path')
[1.941s] INFO:colcon.colcon_core.shell:Creating environment hook '/home/neil/Tutorial/ros_toot/install/basic_pub/share/basic_pub/hook/cmake_prefix_path.ps1'
[1.942s] INFO:colcon.colcon_core.shell:Creating environment descriptor '/home/neil/Tutorial/ros_toot/install/basic_pub/share/basic_pub/hook/cmake_prefix_path.dsv'
[1.942s] INFO:colcon.colcon_core.shell:Creating environment hook '/home/neil/Tutorial/ros_toot/install/basic_pub/share/basic_pub/hook/cmake_prefix_path.sh'
[1.943s] Level 1:colcon.colcon_core.environment:checking '/home/neil/Tutorial/ros_toot/install/basic_pub/lib'
[1.944s] Level 1:colcon.colcon_core.environment:checking '/home/neil/Tutorial/ros_toot/install/basic_pub/bin'
[1.944s] Level 1:colcon.colcon_core.environment:checking '/home/neil/Tutorial/ros_toot/install/basic_pub/lib/pkgconfig/basic_pub.pc'
[1.944s] Level 1:colcon.colcon_core.environment:checking '/home/neil/Tutorial/ros_toot/install/basic_pub/lib/python3.10/site-packages'
[1.945s] Level 1:colcon.colcon_core.environment:checking '/home/neil/Tutorial/ros_toot/install/basic_pub/bin'
[1.948s] INFO:colcon.colcon_core.shell:Creating package script '/home/neil/Tutorial/ros_toot/install/basic_pub/share/basic_pub/package.ps1'
[1.950s] INFO:colcon.colcon_core.shell:Creating package descriptor '/home/neil/Tutorial/ros_toot/install/basic_pub/share/basic_pub/package.dsv'
[1.951s] INFO:colcon.colcon_core.shell:Creating package script '/home/neil/Tutorial/ros_toot/install/basic_pub/share/basic_pub/package.sh'
[1.952s] INFO:colcon.colcon_core.shell:Creating package script '/home/neil/Tutorial/ros_toot/install/basic_pub/share/basic_pub/package.bash'
[1.953s] INFO:colcon.colcon_core.shell:Creating package script '/home/neil/Tutorial/ros_toot/install/basic_pub/share/basic_pub/package.zsh'
[1.953s] Level 1:colcon.colcon_core.environment:create_file_with_runtime_dependencies(/home/neil/Tutorial/ros_toot/install/basic_pub/share/colcon-core/packages/basic_pub)
[2.006s] Level 1:colcon.colcon_core.environment:create_environment_scripts_only(custom_msgs)
[2.011s] Level 1:colcon.colcon_core.environment:checking '/home/neil/Tutorial/ros_toot/install/custom_msgs' for CMake module files
[2.012s] Level 1:colcon.colcon_core.environment:checking '/home/neil/Tutorial/ros_toot/install/custom_msgs' for CMake config files
[2.013s] Level 1:colcon.colcon_core.shell:create_environment_hook('custom_msgs', 'cmake_prefix_path')
[2.017s] INFO:colcon.colcon_core.shell:Creating environment hook '/home/neil/Tutorial/ros_toot/install/custom_msgs/share/custom_msgs/hook/cmake_prefix_path.ps1'
[2.018s] INFO:colcon.colcon_core.shell:Creating environment descriptor '/home/neil/Tutorial/ros_toot/install/custom_msgs/share/custom_msgs/hook/cmake_prefix_path.dsv'
[2.018s] INFO:colcon.colcon_core.shell:Creating environment hook '/home/neil/Tutorial/ros_toot/install/custom_msgs/share/custom_msgs/hook/cmake_prefix_path.sh'
[2.020s] Level 1:colcon.colcon_core.environment:checking '/home/neil/Tutorial/ros_toot/install/custom_msgs/lib'
[2.020s] Level 1:colcon.colcon_core.shell:create_environment_hook('custom_msgs', 'ld_library_path_lib')
[2.023s] INFO:colcon.colcon_core.shell:Creating environment hook '/home/neil/Tutorial/ros_toot/install/custom_msgs/share/custom_msgs/hook/ld_library_path_lib.ps1'
[2.023s] INFO:colcon.colcon_core.shell:Creating environment descriptor '/home/neil/Tutorial/ros_toot/install/custom_msgs/share/custom_msgs/hook/ld_library_path_lib.dsv'
[2.024s] INFO:colcon.colcon_core.shell:Creating environment hook '/home/neil/Tutorial/ros_toot/install/custom_msgs/share/custom_msgs/hook/ld_library_path_lib.sh'
[2.025s] Level 1:colcon.colcon_core.environment:checking '/home/neil/Tutorial/ros_toot/install/custom_msgs/bin'
[2.025s] Level 1:colcon.colcon_core.environment:checking '/home/neil/Tutorial/ros_toot/install/custom_msgs/lib/pkgconfig/custom_msgs.pc'
[2.025s] Level 1:colcon.colcon_core.environment:checking '/home/neil/Tutorial/ros_toot/install/custom_msgs/lib/python3.10/site-packages'
[2.026s] Level 1:colcon.colcon_core.environment:checking '/home/neil/Tutorial/ros_toot/install/custom_msgs/bin'
[2.028s] INFO:colcon.colcon_core.shell:Creating package script '/home/neil/Tutorial/ros_toot/install/custom_msgs/share/custom_msgs/package.ps1'
[2.029s] INFO:colcon.colcon_core.shell:Creating package descriptor '/home/neil/Tutorial/ros_toot/install/custom_msgs/share/custom_msgs/package.dsv'
[2.030s] INFO:colcon.colcon_core.shell:Creating package script '/home/neil/Tutorial/ros_toot/install/custom_msgs/share/custom_msgs/package.sh'
[2.031s] INFO:colcon.colcon_core.shell:Creating package script '/home/neil/Tutorial/ros_toot/install/custom_msgs/share/custom_msgs/package.bash'
[2.032s] INFO:colcon.colcon_core.shell:Creating package script '/home/neil/Tutorial/ros_toot/install/custom_msgs/share/custom_msgs/package.zsh'
[2.032s] Level 1:colcon.colcon_core.environment:create_file_with_runtime_dependencies(/home/neil/Tutorial/ros_toot/install/custom_msgs/share/colcon-core/packages/custom_msgs)
[2.776s] DEBUG:colcon.colcon_core.event_handler.log_command:Invoked command in '/home/neil/Tutorial/ros_toot/build/basic_sub' returned '0': CMAKE_PREFIX_PATH=${CMAKE_PREFIX_PATH}:/opt/ros/humble /usr/bin/cmake /home/neil/Tutorial/ros_toot/src/basic_sub -DCMAKE_INSTALL_PREFIX=/home/neil/Tutorial/ros_toot/install/basic_sub
[2.777s] DEBUG:colcon.colcon_core.event_handler.log_command:Invoking command in '/home/neil/Tutorial/ros_toot/build/basic_sub': CMAKE_PREFIX_PATH=${CMAKE_PREFIX_PATH}:/opt/ros/humble /usr/bin/cmake --build /home/neil/Tutorial/ros_toot/build/basic_sub -- -j8 -l8
[3.501s] DEBUG:colcon.colcon_core.event_handler.log_command:Invoked command in '/home/neil/Tutorial/ros_toot/build/basic_sub' returned '0': CMAKE_PREFIX_PATH=${CMAKE_PREFIX_PATH}:/opt/ros/humble /usr/bin/cmake --build /home/neil/Tutorial/ros_toot/build/basic_sub -- -j8 -l8
[3.534s] DEBUG:colcon.colcon_core.event_handler.log_command:Invoking command in '/home/neil/Tutorial/ros_toot/build/basic_sub': CMAKE_PREFIX_PATH=${CMAKE_PREFIX_PATH}:/opt/ros/humble /usr/bin/cmake --install /home/neil/Tutorial/ros_toot/build/basic_sub
[3.597s] Level 1:colcon.colcon_core.environment:create_environment_scripts_only(basic_sub)
[3.600s] Level 1:colcon.colcon_core.environment:checking '/home/neil/Tutorial/ros_toot/install/basic_sub' for CMake module files
[3.600s] DEBUG:colcon.colcon_core.event_handler.log_command:Invoked command in '/home/neil/Tutorial/ros_toot/build/basic_sub' returned '0': CMAKE_PREFIX_PATH=${CMAKE_PREFIX_PATH}:/opt/ros/humble /usr/bin/cmake --install /home/neil/Tutorial/ros_toot/build/basic_sub
[3.601s] Level 1:colcon.colcon_core.environment:checking '/home/neil/Tutorial/ros_toot/install/basic_sub' for CMake config files
[3.601s] Level 1:colcon.colcon_core.shell:create_environment_hook('basic_sub', 'cmake_prefix_path')
[3.603s] INFO:colcon.colcon_core.shell:Creating environment hook '/home/neil/Tutorial/ros_toot/install/basic_sub/share/basic_sub/hook/cmake_prefix_path.ps1'
[3.603s] INFO:colcon.colcon_core.shell:Creating environment descriptor '/home/neil/Tutorial/ros_toot/install/basic_sub/share/basic_sub/hook/cmake_prefix_path.dsv'
[3.604s] INFO:colcon.colcon_core.shell:Creating environment hook '/home/neil/Tutorial/ros_toot/install/basic_sub/share/basic_sub/hook/cmake_prefix_path.sh'
[3.604s] Level 1:colcon.colcon_core.environment:checking '/home/neil/Tutorial/ros_toot/install/basic_sub/lib'
[3.604s] Level 1:colcon.colcon_core.environment:checking '/home/neil/Tutorial/ros_toot/install/basic_sub/bin'
[3.604s] Level 1:colcon.colcon_core.environment:checking '/home/neil/Tutorial/ros_toot/install/basic_sub/lib/pkgconfig/basic_sub.pc'
[3.605s] Level 1:colcon.colcon_core.environment:checking '/home/neil/Tutorial/ros_toot/install/basic_sub/lib/python3.10/site-packages'
[3.605s] Level 1:colcon.colcon_core.environment:checking '/home/neil/Tutorial/ros_toot/install/basic_sub/bin'
[3.607s] INFO:colcon.colcon_core.shell:Creating package script '/home/neil/Tutorial/ros_toot/install/basic_sub/share/basic_sub/package.ps1'
[3.607s] INFO:colcon.colcon_core.shell:Creating package descriptor '/home/neil/Tutorial/ros_toot/install/basic_sub/share/basic_sub/package.dsv'
[3.608s] INFO:colcon.colcon_core.shell:Creating package script '/home/neil/Tutorial/ros_toot/install/basic_sub/share/basic_sub/package.sh'
[3.608s] INFO:colcon.colcon_core.shell:Creating package script '/home/neil/Tutorial/ros_toot/install/basic_sub/share/basic_sub/package.bash'
[3.608s] INFO:colcon.colcon_core.shell:Creating package script '/home/neil/Tutorial/ros_toot/install/basic_sub/share/basic_sub/package.zsh'
[3.609s] Level 1:colcon.colcon_core.environment:create_file_with_runtime_dependencies(/home/neil/Tutorial/ros_toot/install/basic_sub/share/colcon-core/packages/basic_sub)
[3.642s] Level 1:colcon.colcon_core.environment:create_environment_scripts_only(basic_sub)
[3.646s] Level 1:colcon.colcon_core.environment:checking '/home/neil/Tutorial/ros_toot/install/basic_sub' for CMake module files
[3.647s] Level 1:colcon.colcon_core.environment:checking '/home/neil/Tutorial/ros_toot/install/basic_sub' for CMake config files
[3.647s] Level 1:colcon.colcon_core.shell:create_environment_hook('basic_sub', 'cmake_prefix_path')
[3.650s] INFO:colcon.colcon_core.shell:Creating environment hook '/home/neil/Tutorial/ros_toot/install/basic_sub/share/basic_sub/hook/cmake_prefix_path.ps1'
[3.651s] INFO:colcon.colcon_core.shell:Creating environment descriptor '/home/neil/Tutorial/ros_toot/install/basic_sub/share/basic_sub/hook/cmake_prefix_path.dsv'
[3.652s] INFO:colcon.colcon_core.shell:Creating environment hook '/home/neil/Tutorial/ros_toot/install/basic_sub/share/basic_sub/hook/cmake_prefix_path.sh'
[3.653s] Level 1:colcon.colcon_core.environment:checking '/home/neil/Tutorial/ros_toot/install/basic_sub/lib'
[3.653s] Level 1:colcon.colcon_core.environment:checking '/home/neil/Tutorial/ros_toot/install/basic_sub/bin'
[3.653s] Level 1:colcon.colcon_core.environment:checking '/home/neil/Tutorial/ros_toot/install/basic_sub/lib/pkgconfig/basic_sub.pc'
[3.654s] Level 1:colcon.colcon_core.environment:checking '/home/neil/Tutorial/ros_toot/install/basic_sub/lib/python3.10/site-packages'
[3.654s] Level 1:colcon.colcon_core.environment:checking '/home/neil/Tutorial/ros_toot/install/basic_sub/bin'
[3.657s] INFO:colcon.colcon_core.shell:Creating package script '/home/neil/Tutorial/ros_toot/install/basic_sub/share/basic_sub/package.ps1'
[3.658s] INFO:colcon.colcon_core.shell:Creating package descriptor '/home/neil/Tutorial/ros_toot/install/basic_sub/share/basic_sub/package.dsv'
[3.658s] INFO:colcon.colcon_core.shell:Creating package script '/home/neil/Tutorial/ros_toot/install/basic_sub/share/basic_sub/package.sh'
[3.659s] INFO:colcon.colcon_core.shell:Creating package script '/home/neil/Tutorial/ros_toot/install/basic_sub/share/basic_sub/package.bash'
[3.659s] INFO:colcon.colcon_core.shell:Creating package script '/home/neil/Tutorial/ros_toot/install/basic_sub/share/basic_sub/package.zsh'
[3.660s] Level 1:colcon.colcon_core.environment:create_file_with_runtime_dependencies(/home/neil/Tutorial/ros_toot/install/basic_sub/share/colcon-core/packages/basic_sub)
[3.660s] DEBUG:colcon.colcon_parallel_executor.executor.parallel:closing loop
[3.660s] DEBUG:colcon.colcon_parallel_executor.executor.parallel:loop closed
[3.660s] DEBUG:colcon.colcon_parallel_executor.executor.parallel:run_until_complete finished with '0'
[3.661s] DEBUG:colcon.colcon_core.event_reactor:joining thread
[3.670s] INFO:colcon.colcon_core.plugin_system:Skipping extension 'colcon_notification.desktop_notification.terminal_notifier': Not used on non-Darwin systems
[3.670s] INFO:colcon.colcon_core.plugin_system:Skipping extension 'colcon_notification.desktop_notification.win32': Not used on non-Windows systems
[3.670s] INFO:colcon.colcon_notification.desktop_notification:Sending desktop notification using 'notify2'
[3.688s] DEBUG:colcon.colcon_core.event_reactor:joined thread
[3.691s] INFO:colcon.colcon_core.shell:Creating prefix script '/home/neil/Tutorial/ros_toot/install/local_setup.ps1'
[3.693s] INFO:colcon.colcon_core.shell:Creating prefix util module '/home/neil/Tutorial/ros_toot/install/_local_setup_util_ps1.py'
[3.697s] INFO:colcon.colcon_core.shell:Creating prefix chain script '/home/neil/Tutorial/ros_toot/install/setup.ps1'
[3.700s] INFO:colcon.colcon_core.shell:Creating prefix script '/home/neil/Tutorial/ros_toot/install/local_setup.sh'
[3.702s] INFO:colcon.colcon_core.shell:Creating prefix util module '/home/neil/Tutorial/ros_toot/install/_local_setup_util_sh.py'
[3.703s] INFO:colcon.colcon_core.shell:Creating prefix chain script '/home/neil/Tutorial/ros_toot/install/setup.sh'
[3.706s] INFO:colcon.colcon_core.shell:Creating prefix script '/home/neil/Tutorial/ros_toot/install/local_setup.bash'
[3.706s] INFO:colcon.colcon_core.shell:Creating prefix chain script '/home/neil/Tutorial/ros_toot/install/setup.bash'
[3.709s] INFO:colcon.colcon_core.shell:Creating prefix script '/home/neil/Tutorial/ros_toot/install/local_setup.zsh'
[3.710s] INFO:colcon.colcon_core.shell:Creating prefix chain script '/home/neil/Tutorial/ros_toot/install/setup.zsh'
