[0.033s] Invoking command in '/home/neil/Tutorial/ros_toot/build/basic_pub': CMAKE_PREFIX_PATH=${CMAKE_PREFIX_PATH}:/opt/ros/humble /usr/bin/cmake --build /home/neil/Tutorial/ros_toot/build/basic_pub -- -j8 -l8
[0.118s] Built target ament_cmake_python_copy_basic_pub
[0.800s] running egg_info
[0.824s] writing basic_pub.egg-info/PKG-INFO
[0.825s] writing dependency_links to basic_pub.egg-info/dependency_links.txt
[0.825s] writing top-level names to basic_pub.egg-info/top_level.txt
[0.910s] reading manifest file 'basic_pub.egg-info/SOURCES.txt'
[0.911s] writing manifest file 'basic_pub.egg-info/SOURCES.txt'
[1.043s] Built target ament_cmake_python_build_basic_pub_egg
[1.063s] Invoked command in '/home/neil/Tutorial/ros_toot/build/basic_pub' returned '0': CMAKE_PREFIX_PATH=${CMAKE_PREFIX_PATH}:/opt/ros/humble /usr/bin/cmake --build /home/neil/Tutorial/ros_toot/build/basic_pub -- -j8 -l8
[1.111s] Invoking command in '/home/neil/Tutorial/ros_toot/build/basic_pub': CMAKE_PREFIX_PATH=${CMAKE_PREFIX_PATH}:/opt/ros/humble /usr/bin/cmake --install /home/neil/Tutorial/ros_toot/build/basic_pub
[1.121s] -- Install configuration: ""
[1.121s] -- Up-to-date: /home/neil/Tutorial/ros_toot/install/basic_pub/share/basic_pub/environment/pythonpath.sh
[1.122s] -- Up-to-date: /home/neil/Tutorial/ros_toot/install/basic_pub/share/basic_pub/environment/pythonpath.dsv
[1.122s] -- Up-to-date: /home/neil/Tutorial/ros_toot/install/basic_pub/local/lib/python3.10/dist-packages/basic_pub-0.0.0-py3.10.egg-info
[1.122s] -- Installing: /home/neil/Tutorial/ros_toot/install/basic_pub/local/lib/python3.10/dist-packages/basic_pub-0.0.0-py3.10.egg-info/top_level.txt
[1.122s] -- Installing: /home/neil/Tutorial/ros_toot/install/basic_pub/local/lib/python3.10/dist-packages/basic_pub-0.0.0-py3.10.egg-info/PKG-INFO
[1.123s] -- Installing: /home/neil/Tutorial/ros_toot/install/basic_pub/local/lib/python3.10/dist-packages/basic_pub-0.0.0-py3.10.egg-info/SOURCES.txt
[1.123s] -- Installing: /home/neil/Tutorial/ros_toot/install/basic_pub/local/lib/python3.10/dist-packages/basic_pub-0.0.0-py3.10.egg-info/dependency_links.txt
[1.123s] -- Up-to-date: /home/neil/Tutorial/ros_toot/install/basic_pub/local/lib/python3.10/dist-packages/basic_pub
[1.123s] -- Up-to-date: /home/neil/Tutorial/ros_toot/install/basic_pub/local/lib/python3.10/dist-packages/basic_pub/__init__.py
[1.180s] Listing '/home/neil/Tutorial/ros_toot/install/basic_pub/local/lib/python3.10/dist-packages/basic_pub'...
[1.189s] -- Installing: /home/neil/Tutorial/ros_toot/install/basic_pub/lib/basic_pub/dummy_publisher.py
[1.189s] -- Up-to-date: /home/neil/Tutorial/ros_toot/install/basic_pub/share/ament_index/resource_index/package_run_dependencies/basic_pub
[1.189s] -- Up-to-date: /home/neil/Tutorial/ros_toot/install/basic_pub/share/ament_index/resource_index/parent_prefix_path/basic_pub
[1.189s] -- Up-to-date: /home/neil/Tutorial/ros_toot/install/basic_pub/share/basic_pub/environment/ament_prefix_path.sh
[1.190s] -- Up-to-date: /home/neil/Tutorial/ros_toot/install/basic_pub/share/basic_pub/environment/ament_prefix_path.dsv
[1.190s] -- Up-to-date: /home/neil/Tutorial/ros_toot/install/basic_pub/share/basic_pub/environment/path.sh
[1.190s] -- Up-to-date: /home/neil/Tutorial/ros_toot/install/basic_pub/share/basic_pub/environment/path.dsv
[1.190s] -- Up-to-date: /home/neil/Tutorial/ros_toot/install/basic_pub/share/basic_pub/local_setup.bash
[1.190s] -- Up-to-date: /home/neil/Tutorial/ros_toot/install/basic_pub/share/basic_pub/local_setup.sh
[1.190s] -- Up-to-date: /home/neil/Tutorial/ros_toot/install/basic_pub/share/basic_pub/local_setup.zsh
[1.191s] -- Up-to-date: /home/neil/Tutorial/ros_toot/install/basic_pub/share/basic_pub/local_setup.dsv
[1.191s] -- Installing: /home/neil/Tutorial/ros_toot/install/basic_pub/share/basic_pub/package.dsv
[1.191s] -- Up-to-date: /home/neil/Tutorial/ros_toot/install/basic_pub/share/ament_index/resource_index/packages/basic_pub
[1.191s] -- Up-to-date: /home/neil/Tutorial/ros_toot/install/basic_pub/share/basic_pub/cmake/basic_pubConfig.cmake
[1.191s] -- Up-to-date: /home/neil/Tutorial/ros_toot/install/basic_pub/share/basic_pub/cmake/basic_pubConfig-version.cmake
[1.191s] -- Up-to-date: /home/neil/Tutorial/ros_toot/install/basic_pub/share/basic_pub/package.xml
[1.195s] Invoked command in '/home/neil/Tutorial/ros_toot/build/basic_pub' returned '0': CMAKE_PREFIX_PATH=${CMAKE_PREFIX_PATH}:/opt/ros/humble /usr/bin/cmake --install /home/neil/Tutorial/ros_toot/build/basic_pub
