[0.017s] Invoking command in '/home/neil/Tutorial/ros_toot/build/custom_msgs': CMAKE_PREFIX_PATH=${CMAKE_PREFIX_PATH}:/opt/ros/humble /usr/bin/cmake --build /home/neil/Tutorial/ros_toot/build/custom_msgs -- -j8 -l8
[0.073s] [35m[1mConsolidate compiler generated dependencies of target custom_msgs__rosidl_generator_c[0m
[0.089s] [  9%] Built target custom_msgs__rosidl_generator_c
[0.091s] [ 12%] Built target custom_msgs__cpp
[0.110s] [ 12%] Built target ament_cmake_python_copy_custom_msgs
[0.111s] [35m[1mConsolidate compiler generated dependencies of target custom_msgs__rosidl_typesupport_fastrtps_c[0m
[0.111s] [35m[1mConsolidate compiler generated dependencies of target custom_msgs__rosidl_typesupport_introspection_c[0m
[0.115s] [35m[1mConsolidate compiler generated dependencies of target custom_msgs__rosidl_typesupport_fastrtps_cpp[0m
[0.115s] [35m[1mConsolidate compiler generated dependencies of target custom_msgs__rosidl_typesupport_c[0m
[0.118s] [35m[1mConsolidate compiler generated dependencies of target custom_msgs__rosidl_typesupport_cpp[0m
[0.118s] [35m[1mConsolidate compiler generated dependencies of target custom_msgs__rosidl_typesupport_introspection_cpp[0m
[0.150s] [ 25%] Built target custom_msgs__rosidl_typesupport_c
[0.150s] [ 32%] Built target custom_msgs__rosidl_typesupport_fastrtps_c
[0.155s] [ 41%] Built target custom_msgs__rosidl_typesupport_fastrtps_cpp
[0.164s] [ 51%] Built target custom_msgs__rosidl_typesupport_cpp
[0.169s] [ 61%] Built target custom_msgs__rosidl_typesupport_introspection_c
[0.171s] [ 70%] Built target custom_msgs__rosidl_typesupport_introspection_cpp
[0.202s] [ 70%] Built target custom_msgs
[0.234s] [ 74%] Built target custom_msgs__py
[0.250s] [35m[1mConsolidate compiler generated dependencies of target custom_msgs__rosidl_generator_py[0m
[0.269s] [ 80%] Built target custom_msgs__rosidl_generator_py
[0.287s] [35m[1mConsolidate compiler generated dependencies of target custom_msgs__rosidl_typesupport_c__pyext[0m
[0.290s] [35m[1mConsolidate compiler generated dependencies of target custom_msgs__rosidl_typesupport_introspection_c__pyext[0m
[0.291s] [35m[1mConsolidate compiler generated dependencies of target custom_msgs__rosidl_typesupport_fastrtps_c__pyext[0m
[0.318s] [ 87%] Built target custom_msgs__rosidl_typesupport_introspection_c__pyext
[0.319s] [100%] Built target custom_msgs__rosidl_typesupport_fastrtps_c__pyext
[0.319s] [100%] Built target custom_msgs__rosidl_typesupport_c__pyext
[0.725s] running egg_info
[0.747s] writing custom_msgs.egg-info/PKG-INFO
[0.747s] writing dependency_links to custom_msgs.egg-info/dependency_links.txt
[0.747s] writing top-level names to custom_msgs.egg-info/top_level.txt
[0.807s] reading manifest file 'custom_msgs.egg-info/SOURCES.txt'
[0.808s] writing manifest file 'custom_msgs.egg-info/SOURCES.txt'
[0.920s] [100%] Built target ament_cmake_python_build_custom_msgs_egg
[0.943s] Invoked command in '/home/neil/Tutorial/ros_toot/build/custom_msgs' returned '0': CMAKE_PREFIX_PATH=${CMAKE_PREFIX_PATH}:/opt/ros/humble /usr/bin/cmake --build /home/neil/Tutorial/ros_toot/build/custom_msgs -- -j8 -l8
[1.019s] Invoking command in '/home/neil/Tutorial/ros_toot/build/custom_msgs': CMAKE_PREFIX_PATH=${CMAKE_PREFIX_PATH}:/opt/ros/humble /usr/bin/cmake --install /home/neil/Tutorial/ros_toot/build/custom_msgs
[1.030s] -- Install configuration: ""
[1.030s] -- Up-to-date: /home/neil/Tutorial/ros_toot/install/custom_msgs/share/ament_index/resource_index/rosidl_interfaces/custom_msgs
[1.030s] -- Up-to-date: /home/neil/Tutorial/ros_toot/install/custom_msgs/include/custom_msgs/custom_msgs
[1.030s] -- Up-to-date: /home/neil/Tutorial/ros_toot/install/custom_msgs/include/custom_msgs/custom_msgs/msg
[1.030s] -- Up-to-date: /home/neil/Tutorial/ros_toot/install/custom_msgs/include/custom_msgs/custom_msgs/msg/detail
[1.031s] -- Up-to-date: /home/neil/Tutorial/ros_toot/install/custom_msgs/include/custom_msgs/custom_msgs/msg/detail/string__type_support.h
[1.031s] -- Up-to-date: /home/neil/Tutorial/ros_toot/install/custom_msgs/include/custom_msgs/custom_msgs/msg/detail/string__struct.h
[1.031s] -- Up-to-date: /home/neil/Tutorial/ros_toot/install/custom_msgs/include/custom_msgs/custom_msgs/msg/detail/string__functions.c
[1.031s] -- Up-to-date: /home/neil/Tutorial/ros_toot/install/custom_msgs/include/custom_msgs/custom_msgs/msg/detail/string__functions.h
[1.032s] -- Up-to-date: /home/neil/Tutorial/ros_toot/install/custom_msgs/include/custom_msgs/custom_msgs/msg/rosidl_generator_c__visibility_control.h
[1.032s] -- Up-to-date: /home/neil/Tutorial/ros_toot/install/custom_msgs/include/custom_msgs/custom_msgs/msg/string.h
[1.032s] -- Up-to-date: /home/neil/Tutorial/ros_toot/install/custom_msgs/share/custom_msgs/environment/library_path.sh
[1.032s] -- Up-to-date: /home/neil/Tutorial/ros_toot/install/custom_msgs/share/custom_msgs/environment/library_path.dsv
[1.032s] -- Up-to-date: /home/neil/Tutorial/ros_toot/install/custom_msgs/lib/libcustom_msgs__rosidl_generator_c.so
[1.033s] -- Up-to-date: /home/neil/Tutorial/ros_toot/install/custom_msgs/include/custom_msgs/custom_msgs
[1.033s] -- Up-to-date: /home/neil/Tutorial/ros_toot/install/custom_msgs/include/custom_msgs/custom_msgs/msg
[1.033s] -- Up-to-date: /home/neil/Tutorial/ros_toot/install/custom_msgs/include/custom_msgs/custom_msgs/msg/detail
[1.033s] -- Up-to-date: /home/neil/Tutorial/ros_toot/install/custom_msgs/include/custom_msgs/custom_msgs/msg/detail/string__rosidl_typesupport_fastrtps_c.h
[1.033s] -- Up-to-date: /home/neil/Tutorial/ros_toot/install/custom_msgs/include/custom_msgs/custom_msgs/msg/rosidl_typesupport_fastrtps_c__visibility_control.h
[1.033s] -- Up-to-date: /home/neil/Tutorial/ros_toot/install/custom_msgs/lib/libcustom_msgs__rosidl_typesupport_fastrtps_c.so
[1.034s] -- Up-to-date: /home/neil/Tutorial/ros_toot/install/custom_msgs/include/custom_msgs/custom_msgs
[1.034s] -- Up-to-date: /home/neil/Tutorial/ros_toot/install/custom_msgs/include/custom_msgs/custom_msgs/msg
[1.034s] -- Up-to-date: /home/neil/Tutorial/ros_toot/install/custom_msgs/include/custom_msgs/custom_msgs/msg/detail
[1.034s] -- Up-to-date: /home/neil/Tutorial/ros_toot/install/custom_msgs/include/custom_msgs/custom_msgs/msg/detail/string__builder.hpp
[1.034s] -- Up-to-date: /home/neil/Tutorial/ros_toot/install/custom_msgs/include/custom_msgs/custom_msgs/msg/detail/string__traits.hpp
[1.035s] -- Up-to-date: /home/neil/Tutorial/ros_toot/install/custom_msgs/include/custom_msgs/custom_msgs/msg/detail/string__struct.hpp
[1.035s] -- Up-to-date: /home/neil/Tutorial/ros_toot/install/custom_msgs/include/custom_msgs/custom_msgs/msg/string.hpp
[1.035s] -- Up-to-date: /home/neil/Tutorial/ros_toot/install/custom_msgs/include/custom_msgs/custom_msgs
[1.035s] -- Up-to-date: /home/neil/Tutorial/ros_toot/install/custom_msgs/include/custom_msgs/custom_msgs/msg
[1.035s] -- Up-to-date: /home/neil/Tutorial/ros_toot/install/custom_msgs/include/custom_msgs/custom_msgs/msg/detail
[1.036s] -- Up-to-date: /home/neil/Tutorial/ros_toot/install/custom_msgs/include/custom_msgs/custom_msgs/msg/detail/dds_fastrtps
[1.036s] -- Up-to-date: /home/neil/Tutorial/ros_toot/install/custom_msgs/include/custom_msgs/custom_msgs/msg/detail/string__rosidl_typesupport_fastrtps_cpp.hpp
[1.036s] -- Up-to-date: /home/neil/Tutorial/ros_toot/install/custom_msgs/include/custom_msgs/custom_msgs/msg/rosidl_typesupport_fastrtps_cpp__visibility_control.h
[1.036s] -- Up-to-date: /home/neil/Tutorial/ros_toot/install/custom_msgs/lib/libcustom_msgs__rosidl_typesupport_fastrtps_cpp.so
[1.036s] -- Up-to-date: /home/neil/Tutorial/ros_toot/install/custom_msgs/include/custom_msgs/custom_msgs
[1.036s] -- Up-to-date: /home/neil/Tutorial/ros_toot/install/custom_msgs/include/custom_msgs/custom_msgs/msg
[1.037s] -- Up-to-date: /home/neil/Tutorial/ros_toot/install/custom_msgs/include/custom_msgs/custom_msgs/msg/detail
[1.037s] -- Up-to-date: /home/neil/Tutorial/ros_toot/install/custom_msgs/include/custom_msgs/custom_msgs/msg/detail/string__rosidl_typesupport_introspection_c.h
[1.037s] -- Up-to-date: /home/neil/Tutorial/ros_toot/install/custom_msgs/include/custom_msgs/custom_msgs/msg/detail/string__type_support.c
[1.037s] -- Up-to-date: /home/neil/Tutorial/ros_toot/install/custom_msgs/include/custom_msgs/custom_msgs/msg/rosidl_typesupport_introspection_c__visibility_control.h
[1.037s] -- Up-to-date: /home/neil/Tutorial/ros_toot/install/custom_msgs/lib/libcustom_msgs__rosidl_typesupport_introspection_c.so
[1.037s] -- Up-to-date: /home/neil/Tutorial/ros_toot/install/custom_msgs/lib/libcustom_msgs__rosidl_typesupport_c.so
[1.037s] -- Up-to-date: /home/neil/Tutorial/ros_toot/install/custom_msgs/include/custom_msgs/custom_msgs
[1.038s] -- Up-to-date: /home/neil/Tutorial/ros_toot/install/custom_msgs/include/custom_msgs/custom_msgs/msg
[1.038s] -- Up-to-date: /home/neil/Tutorial/ros_toot/install/custom_msgs/include/custom_msgs/custom_msgs/msg/detail
[1.038s] -- Up-to-date: /home/neil/Tutorial/ros_toot/install/custom_msgs/include/custom_msgs/custom_msgs/msg/detail/string__rosidl_typesupport_introspection_cpp.hpp
[1.038s] -- Up-to-date: /home/neil/Tutorial/ros_toot/install/custom_msgs/include/custom_msgs/custom_msgs/msg/detail/string__type_support.cpp
[1.038s] -- Up-to-date: /home/neil/Tutorial/ros_toot/install/custom_msgs/lib/libcustom_msgs__rosidl_typesupport_introspection_cpp.so
[1.038s] -- Up-to-date: /home/neil/Tutorial/ros_toot/install/custom_msgs/lib/libcustom_msgs__rosidl_typesupport_cpp.so
[1.038s] -- Up-to-date: /home/neil/Tutorial/ros_toot/install/custom_msgs/share/custom_msgs/environment/pythonpath.sh
[1.039s] -- Up-to-date: /home/neil/Tutorial/ros_toot/install/custom_msgs/share/custom_msgs/environment/pythonpath.dsv
[1.039s] -- Up-to-date: /home/neil/Tutorial/ros_toot/install/custom_msgs/local/lib/python3.10/dist-packages/custom_msgs-0.0.0-py3.10.egg-info
[1.039s] -- Installing: /home/neil/Tutorial/ros_toot/install/custom_msgs/local/lib/python3.10/dist-packages/custom_msgs-0.0.0-py3.10.egg-info/top_level.txt
[1.039s] -- Installing: /home/neil/Tutorial/ros_toot/install/custom_msgs/local/lib/python3.10/dist-packages/custom_msgs-0.0.0-py3.10.egg-info/PKG-INFO
[1.039s] -- Installing: /home/neil/Tutorial/ros_toot/install/custom_msgs/local/lib/python3.10/dist-packages/custom_msgs-0.0.0-py3.10.egg-info/SOURCES.txt
[1.039s] -- Installing: /home/neil/Tutorial/ros_toot/install/custom_msgs/local/lib/python3.10/dist-packages/custom_msgs-0.0.0-py3.10.egg-info/dependency_links.txt
[1.039s] -- Up-to-date: /home/neil/Tutorial/ros_toot/install/custom_msgs/local/lib/python3.10/dist-packages/custom_msgs
[1.040s] -- Up-to-date: /home/neil/Tutorial/ros_toot/install/custom_msgs/local/lib/python3.10/dist-packages/custom_msgs/__init__.py
[1.040s] -- Up-to-date: /home/neil/Tutorial/ros_toot/install/custom_msgs/local/lib/python3.10/dist-packages/custom_msgs/_custom_msgs_s.ep.rosidl_typesupport_introspection_c.c
[1.040s] -- Up-to-date: /home/neil/Tutorial/ros_toot/install/custom_msgs/local/lib/python3.10/dist-packages/custom_msgs/custom_msgs_s__rosidl_typesupport_c.cpython-310-x86_64-linux-gnu.so
[1.040s] -- Up-to-date: /home/neil/Tutorial/ros_toot/install/custom_msgs/local/lib/python3.10/dist-packages/custom_msgs/custom_msgs_s__rosidl_typesupport_fastrtps_c.cpython-310-x86_64-linux-gnu.so
[1.040s] -- Up-to-date: /home/neil/Tutorial/ros_toot/install/custom_msgs/local/lib/python3.10/dist-packages/custom_msgs/_custom_msgs_s.ep.rosidl_typesupport_fastrtps_c.c
[1.040s] -- Up-to-date: /home/neil/Tutorial/ros_toot/install/custom_msgs/local/lib/python3.10/dist-packages/custom_msgs/libcustom_msgs__rosidl_generator_py.so
[1.040s] -- Up-to-date: /home/neil/Tutorial/ros_toot/install/custom_msgs/local/lib/python3.10/dist-packages/custom_msgs/msg
[1.041s] -- Up-to-date: /home/neil/Tutorial/ros_toot/install/custom_msgs/local/lib/python3.10/dist-packages/custom_msgs/msg/__init__.py
[1.041s] -- Up-to-date: /home/neil/Tutorial/ros_toot/install/custom_msgs/local/lib/python3.10/dist-packages/custom_msgs/msg/_string_s.c
[1.041s] -- Up-to-date: /home/neil/Tutorial/ros_toot/install/custom_msgs/local/lib/python3.10/dist-packages/custom_msgs/msg/_string.py
[1.041s] -- Up-to-date: /home/neil/Tutorial/ros_toot/install/custom_msgs/local/lib/python3.10/dist-packages/custom_msgs/_custom_msgs_s.ep.rosidl_typesupport_c.c
[1.041s] -- Up-to-date: /home/neil/Tutorial/ros_toot/install/custom_msgs/local/lib/python3.10/dist-packages/custom_msgs/custom_msgs_s__rosidl_typesupport_introspection_c.cpython-310-x86_64-linux-gnu.so
[1.084s] Listing '/home/neil/Tutorial/ros_toot/install/custom_msgs/local/lib/python3.10/dist-packages/custom_msgs'...
[1.084s] Listing '/home/neil/Tutorial/ros_toot/install/custom_msgs/local/lib/python3.10/dist-packages/custom_msgs/msg'...
[1.091s] -- Up-to-date: /home/neil/Tutorial/ros_toot/install/custom_msgs/local/lib/python3.10/dist-packages/custom_msgs/custom_msgs_s__rosidl_typesupport_fastrtps_c.cpython-310-x86_64-linux-gnu.so
[1.091s] -- Up-to-date: /home/neil/Tutorial/ros_toot/install/custom_msgs/local/lib/python3.10/dist-packages/custom_msgs/custom_msgs_s__rosidl_typesupport_introspection_c.cpython-310-x86_64-linux-gnu.so
[1.091s] -- Up-to-date: /home/neil/Tutorial/ros_toot/install/custom_msgs/local/lib/python3.10/dist-packages/custom_msgs/custom_msgs_s__rosidl_typesupport_c.cpython-310-x86_64-linux-gnu.so
[1.091s] -- Up-to-date: /home/neil/Tutorial/ros_toot/install/custom_msgs/lib/libcustom_msgs__rosidl_generator_py.so
[1.091s] -- Up-to-date: /home/neil/Tutorial/ros_toot/install/custom_msgs/share/custom_msgs/msg/String.idl
[1.092s] -- Up-to-date: /home/neil/Tutorial/ros_toot/install/custom_msgs/share/custom_msgs/msg/String.msg
[1.092s] -- Up-to-date: /home/neil/Tutorial/ros_toot/install/custom_msgs/share/ament_index/resource_index/package_run_dependencies/custom_msgs
[1.092s] -- Up-to-date: /home/neil/Tutorial/ros_toot/install/custom_msgs/share/ament_index/resource_index/parent_prefix_path/custom_msgs
[1.092s] -- Up-to-date: /home/neil/Tutorial/ros_toot/install/custom_msgs/share/custom_msgs/environment/ament_prefix_path.sh
[1.092s] -- Up-to-date: /home/neil/Tutorial/ros_toot/install/custom_msgs/share/custom_msgs/environment/ament_prefix_path.dsv
[1.092s] -- Up-to-date: /home/neil/Tutorial/ros_toot/install/custom_msgs/share/custom_msgs/environment/path.sh
[1.092s] -- Up-to-date: /home/neil/Tutorial/ros_toot/install/custom_msgs/share/custom_msgs/environment/path.dsv
[1.092s] -- Up-to-date: /home/neil/Tutorial/ros_toot/install/custom_msgs/share/custom_msgs/local_setup.bash
[1.093s] -- Up-to-date: /home/neil/Tutorial/ros_toot/install/custom_msgs/share/custom_msgs/local_setup.sh
[1.093s] -- Up-to-date: /home/neil/Tutorial/ros_toot/install/custom_msgs/share/custom_msgs/local_setup.zsh
[1.093s] -- Up-to-date: /home/neil/Tutorial/ros_toot/install/custom_msgs/share/custom_msgs/local_setup.dsv
[1.093s] -- Installing: /home/neil/Tutorial/ros_toot/install/custom_msgs/share/custom_msgs/package.dsv
[1.093s] -- Up-to-date: /home/neil/Tutorial/ros_toot/install/custom_msgs/share/ament_index/resource_index/packages/custom_msgs
[1.093s] -- Up-to-date: /home/neil/Tutorial/ros_toot/install/custom_msgs/share/custom_msgs/cmake/export_custom_msgs__rosidl_generator_cExport.cmake
[1.094s] -- Up-to-date: /home/neil/Tutorial/ros_toot/install/custom_msgs/share/custom_msgs/cmake/export_custom_msgs__rosidl_generator_cExport-noconfig.cmake
[1.094s] -- Up-to-date: /home/neil/Tutorial/ros_toot/install/custom_msgs/share/custom_msgs/cmake/export_custom_msgs__rosidl_typesupport_fastrtps_cExport.cmake
[1.094s] -- Up-to-date: /home/neil/Tutorial/ros_toot/install/custom_msgs/share/custom_msgs/cmake/export_custom_msgs__rosidl_typesupport_fastrtps_cExport-noconfig.cmake
[1.094s] -- Up-to-date: /home/neil/Tutorial/ros_toot/install/custom_msgs/share/custom_msgs/cmake/export_custom_msgs__rosidl_generator_cppExport.cmake
[1.095s] -- Up-to-date: /home/neil/Tutorial/ros_toot/install/custom_msgs/share/custom_msgs/cmake/export_custom_msgs__rosidl_typesupport_fastrtps_cppExport.cmake
[1.095s] -- Up-to-date: /home/neil/Tutorial/ros_toot/install/custom_msgs/share/custom_msgs/cmake/export_custom_msgs__rosidl_typesupport_fastrtps_cppExport-noconfig.cmake
[1.095s] -- Up-to-date: /home/neil/Tutorial/ros_toot/install/custom_msgs/share/custom_msgs/cmake/custom_msgs__rosidl_typesupport_introspection_cExport.cmake
[1.095s] -- Up-to-date: /home/neil/Tutorial/ros_toot/install/custom_msgs/share/custom_msgs/cmake/custom_msgs__rosidl_typesupport_introspection_cExport-noconfig.cmake
[1.095s] -- Up-to-date: /home/neil/Tutorial/ros_toot/install/custom_msgs/share/custom_msgs/cmake/custom_msgs__rosidl_typesupport_cExport.cmake
[1.095s] -- Up-to-date: /home/neil/Tutorial/ros_toot/install/custom_msgs/share/custom_msgs/cmake/custom_msgs__rosidl_typesupport_cExport-noconfig.cmake
[1.095s] -- Up-to-date: /home/neil/Tutorial/ros_toot/install/custom_msgs/share/custom_msgs/cmake/custom_msgs__rosidl_typesupport_introspection_cppExport.cmake
[1.096s] -- Up-to-date: /home/neil/Tutorial/ros_toot/install/custom_msgs/share/custom_msgs/cmake/custom_msgs__rosidl_typesupport_introspection_cppExport-noconfig.cmake
[1.096s] -- Up-to-date: /home/neil/Tutorial/ros_toot/install/custom_msgs/share/custom_msgs/cmake/custom_msgs__rosidl_typesupport_cppExport.cmake
[1.096s] -- Up-to-date: /home/neil/Tutorial/ros_toot/install/custom_msgs/share/custom_msgs/cmake/custom_msgs__rosidl_typesupport_cppExport-noconfig.cmake
[1.096s] -- Up-to-date: /home/neil/Tutorial/ros_toot/install/custom_msgs/share/custom_msgs/cmake/export_custom_msgs__rosidl_generator_pyExport.cmake
[1.096s] -- Up-to-date: /home/neil/Tutorial/ros_toot/install/custom_msgs/share/custom_msgs/cmake/export_custom_msgs__rosidl_generator_pyExport-noconfig.cmake
[1.096s] -- Up-to-date: /home/neil/Tutorial/ros_toot/install/custom_msgs/share/custom_msgs/cmake/rosidl_cmake-extras.cmake
[1.096s] -- Up-to-date: /home/neil/Tutorial/ros_toot/install/custom_msgs/share/custom_msgs/cmake/ament_cmake_export_dependencies-extras.cmake
[1.096s] -- Up-to-date: /home/neil/Tutorial/ros_toot/install/custom_msgs/share/custom_msgs/cmake/ament_cmake_export_include_directories-extras.cmake
[1.096s] -- Up-to-date: /home/neil/Tutorial/ros_toot/install/custom_msgs/share/custom_msgs/cmake/ament_cmake_export_libraries-extras.cmake
[1.096s] -- Up-to-date: /home/neil/Tutorial/ros_toot/install/custom_msgs/share/custom_msgs/cmake/ament_cmake_export_targets-extras.cmake
[1.097s] -- Up-to-date: /home/neil/Tutorial/ros_toot/install/custom_msgs/share/custom_msgs/cmake/rosidl_cmake_export_typesupport_targets-extras.cmake
[1.097s] -- Up-to-date: /home/neil/Tutorial/ros_toot/install/custom_msgs/share/custom_msgs/cmake/rosidl_cmake_export_typesupport_libraries-extras.cmake
[1.097s] -- Up-to-date: /home/neil/Tutorial/ros_toot/install/custom_msgs/share/custom_msgs/cmake/custom_msgsConfig.cmake
[1.097s] -- Up-to-date: /home/neil/Tutorial/ros_toot/install/custom_msgs/share/custom_msgs/cmake/custom_msgsConfig-version.cmake
[1.097s] -- Up-to-date: /home/neil/Tutorial/ros_toot/install/custom_msgs/share/custom_msgs/package.xml
[1.102s] Invoked command in '/home/neil/Tutorial/ros_toot/build/custom_msgs' returned '0': CMAKE_PREFIX_PATH=${CMAKE_PREFIX_PATH}:/opt/ros/humble /usr/bin/cmake --install /home/neil/Tutorial/ros_toot/build/custom_msgs
